#
# There is insufficient memory for the Java Runtime Environment to continue.
# Native memory allocation (malloc) failed to allocate 617936 bytes for Chunk::new
# Possible reasons:
#   The system is out of physical RAM or swap space
#   The process is running with CompressedOops enabled, and the Java Heap may be blocking the growth of the native heap
# Possible solutions:
#   Reduce memory load on the system
#   Increase physical memory or swap space
#   Check if swap backing store is full
#   Decrease Java heap size (-Xmx/-Xms)
#   Decrease number of Java threads
#   Decrease Java thread stack sizes (-Xss)
#   Set larger code cache with -XX:ReservedCodeCacheSize=
#   JVM is running with Unscaled Compressed Oops mode in which the Java heap is
#     placed in the first 4GB address space. The Java Heap base address is the
#     maximum limit for the native heap growth. Please use -XX:HeapBaseMinAddress
#     to set the Java Heap base and to place the Java Heap above 4GB virtual address.
# This output file may be truncated or incomplete.
#
#  Out of Memory Error (arena.cpp:184), pid=4832, tid=2504
#
# JRE version: OpenJDK Runtime Environment (19.0.1+10) (build 19.0.1+10-21)
# Java VM: OpenJDK 64-Bit Server VM (19.0.1+10-21, mixed mode, sharing, tiered, compressed oops, compressed class ptrs, g1 gc, windows-amd64)
# No core dump will be written. Minidumps are not enabled by default on client versions of Windows
#

---------------  S U M M A R Y ------------

Command Line: C:\temp\surefire13721993047073382762\surefirebooter-20230821232818341_3.jar C:\temp\surefire13721993047073382762 2023-08-21T23-28-18_067-jvmRun1 surefire-20230821232818341_1tmp surefire_0-20230821232818341_2tmp

Host: AMD Ryzen 3 1200 Quad-Core Processor           , 4 cores, 7G,  Windows 7 , 64 bit Build 7601 (6.1.7601.17514)
Time: Mon Aug 21 23:28:20 2023 Central European Daylight Time elapsed time: 2.187971 seconds (0d 0h 0m 2s)

---------------  T H R E A D  ---------------

Current thread (0x00000000264dce20):  JavaThread "C2 CompilerThread1" daemon [_thread_in_native, id=2504, stack(0x00000000269b0000,0x0000000026ab0000)]


Current CompileTask:
C2:   2188 1703       4       java.lang.invoke.MethodType::makeImpl (109 bytes)

Stack: [0x00000000269b0000,0x0000000026ab0000]
Native frames: (J=compiled Java code, j=interpreted, Vv=VM code, C=native code)
V  [jvm.dll+0x6ee8fa]