#
# There is insufficient memory for the Java Runtime Environment to continue.
# Native memory allocation (mmap) failed to map 180355072 bytes for G1 virtual space
# Possible reasons:
#   The system is out of physical RAM or swap space
#   The process is running with CompressedOops enabled, and the Java Heap may be blocking the growth of the native heap
# Possible solutions:
#   Reduce memory load on the system
#   Increase physical memory or swap space
#   Check if swap backing store is full
#   Decrease Java heap size (-Xmx/-Xms)
#   Decrease number of Java threads
#   Decrease Java thread stack sizes (-Xss)
#   Set larger code cache with -XX:ReservedCodeCacheSize=
#   JVM is running with Unscaled Compressed Oops mode in which the Java heap is
#     placed in the first 4GB address space. The Java Heap base address is the
#     maximum limit for the native heap growth. Please use -XX:HeapBaseMinAddress
#     to set the Java Heap base and to place the Java Heap above 4GB virtual address.
# This output file may be truncated or incomplete.
#
#  Out of Memory Error (os_windows.cpp:3527), pid=156, tid=3100
#
# JRE version: OpenJDK Runtime Environment (19.0.1+10) (build 19.0.1+10-21)
# Java VM: OpenJDK 64-Bit Server VM (19.0.1+10-21, mixed mode, sharing, tiered, compressed oops, compressed class ptrs, g1 gc, windows-amd64)
# No core dump will be written. Minidumps are not enabled by default on client versions of Windows
#

---------------  S U M M A R Y ------------

Command Line: -Dmaven.multiModuleProjectDirectory=E:\CLion\CLionProjects\xxx\J\echo -Dmaven.home=C:\Users\John\.m2\wrapper\dists\apache-maven-3.9.4-bin\2vqnav6ufo1qvo5j2um40861m\apache-maven-3.9.4 -Dclassworlds.conf=C:\Users\John\.m2\wrapper\dists\apache-maven-3.9.4-bin\2vqnav6ufo1qvo5j2um40861m\apache-maven-3.9.4\bin\m2.conf -Dmaven.ext.class.path=C:\opt\intelliJ\plugins\maven\lib\maven-event-listener.jar -javaagent:C:\opt\intelliJ\lib\idea_rt.jar=50708:C:\opt\intelliJ\bin -Dfile.encoding=UTF-8 org.codehaus.classworlds.Launcher -Didea.version=2022.1 clean validate compile test package

Host: AMD Ryzen 3 1200 Quad-Core Processor           , 4 cores, 7G,  Windows 7 , 64 bit Build 7601 (6.1.7601.17514)
Time: Mon Aug 21 23:26:53 2023 Central European Daylight Time elapsed time: 10.960837 seconds (0d 0h 0m 10s)

---------------  T H R E A D  ---------------

Current thread (0x000000001e82f8f0):  VMThread "VM Thread" [stack: 0x0000000025870000,0x0000000025970000] [id=3100]

Stack: [0x0000000025870000,0x0000000025970000]
Native frames: (J=compiled Java code, j=interpreted, Vv=VM code, C=native code)
V  [jvm.dll+0x6ee8fa]
V  [jvm.dll+0x857a1e]
V  [jvm.dll+0x85940e]
V  [jvm.dll+0x859ac3]
V  [jvm.dll+0x28291f]
V  [jvm.dll+0x6eb6e9]
V  [jvm.dll+0x6e028a]
V  [jvm.dll+0x357136]
V  [jvm.dll+0x35eb96]
V  [jvm.dll+0x3b555e]
V  [jvm.dll+0x3b578f]
V  [jvm.dll+0x32c6ea]
V  [jvm.dll+0x32c797]
V  [jvm.dll+0x374b52]
V  [jvm.dll+0x37328f]
V  [jvm.dll+0x32bf10]
V  [jvm.dll+0x37282b]
V  [jvm.dll+0x85ef83]
V  [jvm.dll+0x85fd49]
V  [jvm.dll+0x86027d]
V  [jvm.dll+0x86070b]
V  [jvm.dll+0x8607c7]
V  [jvm.dll+0x8015fa]
V  [jvm.dll+0x6ed5eb]
C  [ucrtbase.DLL+0x214c2]
C  [kernel32.dll+0x1652d]
C  [ntdll.dll+0x2c521]

VM_Operation (0x00000000022ed0f0): G1CollectForAllocation, mode: safepoint, requested by thread 0x000000000038ead0


---------------  P R O C E S S  ---------------

Threads class SMR info:
_java_thread_list=0x0000000027cbad80, length=14, elements={
0x000000000038ead0, 0x00000000214f8230, 0x00000000214f8fb0, 0x00000000214fd750,
0x00000000215021e0, 0x00000000215053f0, 0x0000000021509b00, 0x000000002150a760,
0x000000002150b0d0, 0x0000000021561340, 0x00000000215bfe80, 0x000000002674d8f0,
0x000000002674f260, 0x0000000028327970
}

Java Threads: ( => current thread )
  0x000000000038ead0 JavaThread "main" [_thread_blocked, id=6104, stack(0x00000000021f0000,0x00000000022f0000)]
  0x00000000214f8230 JavaThread "Reference Handler" daemon [_thread_blocked, id=2340, stack(0x00000000259a0000,0x0000000025aa0000)]
  0x00000000214f8fb0 JavaThread "Finalizer" daemon [_thread_blocked, id=4432, stack(0x0000000025af0000,0x0000000025bf0000)]
  0x00000000214fd750 JavaThread "Signal Dispatcher" daemon [_thread_blocked, id=3916, stack(0x0000000021650000,0x0000000021750000)]
  0x00000000215021e0 JavaThread "Attach Listener" daemon [_thread_blocked, id=2848, stack(0x0000000025c40000,0x0000000025d40000)]
  0x00000000215053f0 JavaThread "Service Thread" daemon [_thread_blocked, id=4004, stack(0x0000000025e30000,0x0000000025f30000)]
  0x0000000021509b00 JavaThread "Monitor Deflation Thread" daemon [_thread_blocked, id=5856, stack(0x0000000025fe0000,0x00000000260e0000)]
  0x000000002150a760 JavaThread "C2 CompilerThread0" daemon [_thread_blocked, id=4160, stack(0x0000000026150000,0x0000000026250000)]
  0x000000002150b0d0 JavaThread "C1 CompilerThread0" daemon [_thread_blocked, id=4624, stack(0x0000000026380000,0x0000000026480000)]
  0x0000000021561340 JavaThread "Sweeper thread" daemon [_thread_blocked, id=4708, stack(0x000000001eb30000,0x000000001ec30000)]
  0x00000000215bfe80 JavaThread "Common-Cleaner" daemon [_thread_blocked, id=4356, stack(0x00000000264e0000,0x00000000265e0000)]
  0x000000002674d8f0 JavaThread "Monitor Ctrl-Break" daemon [_thread_in_native, id=4740, stack(0x0000000026aa0000,0x0000000026ba0000)]
  0x000000002674f260 JavaThread "Notification Thread" daemon [_thread_blocked, id=5916, stack(0x0000000026d50000,0x0000000026e50000)]
  0x0000000028327970 JavaThread "C2 CompilerThread1" daemon [_thread_blocked, id=6028, stack(0x0000000026bf0000,0x0000000026cf0000)]

Other Threads:
=>0x000000001e82f8f0 VMThread "VM Thread" [stack: 0x0000000025870000,0x0000000025970000] [id=3100]
  0x000000002674de30 WatcherThread "VM Periodic Task Thread" [stack: 0x0000000026f40000,0x0000000027040000] [id=6136]
  0x00000000003f0230 WorkerThread "GC Thread#0" [stack: 0x000000001e910000,0x000000001ea10000] [id=5952]
  0x0000000027390d50 WorkerThread "GC Thread#1" [stack: 0x00000000279b0000,0x0000000027ab0000] [id=4416]
  0x00000000271753c0 WorkerThread "GC Thread#2" [stack: 0x0000000027b50000,0x0000000027c50000] [id=4212]
  0x00000000273b8e30 WorkerThread "GC Thread#3" [stack: 0x0000000026250000,0x0000000026350000] [id=5048]
  0x000000001e734030 ConcurrentGCThread "G1 Main Marker" [stack: 0x000000001ea30000,0x000000001eb30000] [id=2776]
  0x000000001e734970 WorkerThread "G1 Conc#0" [stack: 0x000000001ec30000,0x000000001ed30000] [id=4460]
  0x000000001e7c4860 ConcurrentGCThread "G1 Refine#0" [stack: 0x0000000021180000,0x0000000021280000] [id=3772]
  0x000000001e7c6440 ConcurrentGCThread "G1 Service" [stack: 0x0000000021300000,0x0000000021400000] [id=4176]

Threads with active compile tasks:
C2 CompilerThread0    10988 6200       4       jdk.internal.misc.Unsafe::copyMemory (33 bytes)
C1 CompilerThread0    10988 6208   !   3       org.eclipse.sisu.inject.InjectorBindings::getWildcardBindings (145 bytes)
C2 CompilerThread1    10988 6203       4       java.util.Collections$UnmodifiableMap$UnmodifiableEntrySet$1::next (5 bytes)

VM state: at safepoint (normal execution)

VM Mutex/Monitor currently owned by a thread:  ([mutex/lock_event])
[0x000000000038c9c0] Threads_lock - owner thread: 0x000000001e82f8f0
[0x000000000038ca50] Heap_lock - owner thread: 0x000000000038ead0

Heap address: 0x0000000080c00000, size: 2036 MB, Compressed Oops mode: 32-bit

CDS archive(s) mapped at: [0x0000000800000000-0x0000000800c30000-0x0000000800c30000), size 12779520, SharedBaseAddress: 0x0000000800000000, ArchiveRelocationMode: 0.
Compressed class space mapped at: 0x0000000801000000-0x0000000841000000, reserved size: 1073741824
Narrow klass base: 0x0000000800000000, Narrow klass shift: 0, Narrow klass range: 0x100000000

GC Precious Log:
 CardTable entry size: 512
 Card Set container configuration: InlinePtr #cards 5 size 8 Array Of Cards #cards 12 size 40 Howl #buckets 4 coarsen threshold 1843 Howl Bitmap #cards 512 size 80 coarsen threshold 460 Card regions per heap region 1 cards per card region 2048
 CPUs: 4 total, 4 available
 Memory: 8136M
 Large Page Support: Disabled
 NUMA Support: Disabled
 Compressed Oops: Enabled (32-bit)
 Heap Region Size: 1M
 Heap Min Capacity: 8M
 Heap Initial Capacity: 128M
 Heap Max Capacity: 2036M
 Pre-touch: Disabled
 Parallel Workers: 4
 Concurrent Workers: 1
 Concurrent Refinement Workers: 4
 Periodic GC: Disabled

Heap:
 garbage-first heap   total 131072K, used 42627K [0x0000000080c00000, 0x0000000100000000)
  region size 1024K, 4 young (4096K), 4 survivors (4096K)
 Metaspace       used 30522K, committed 30848K, reserved 1114112K
  class space    used 3372K, committed 3520K, reserved 1048576K

Heap Regions: E=young(eden), S=young(survivor), O=old, HS=humongous(starts), HC=humongous(continues), CS=collection set, F=free, OA=open archive, CA=closed archive, TAMS=top-at-mark-start (previous, next)
|   0|0x0000000080c00000, 0x0000000080d00000, 0x0000000080d00000|100%| O|  |TAMS 0x0000000080d00000, 0x0000000080c00000| Untracked 
|   1|0x0000000080d00000, 0x0000000080e00000, 0x0000000080e00000|100%| O|  |TAMS 0x0000000080e00000, 0x0000000080d00000| Untracked 
|   2|0x0000000080e00000, 0x0000000080f00000, 0x0000000080f00000|100%| O|  |TAMS 0x0000000080f00000, 0x0000000080e00000| Untracked 
|   3|0x0000000080f00000, 0x0000000081000000, 0x0000000081000000|100%| O|  |TAMS 0x0000000081000000, 0x0000000080f00000| Untracked 
|   4|0x0000000081000000, 0x0000000081100000, 0x0000000081100000|100%| O|  |TAMS 0x0000000081100000, 0x0000000081000000| Untracked 
|   5|0x0000000081100000, 0x0000000081100000, 0x0000000081200000|  0%| F|  |TAMS 0x0000000081100000, 0x0000000081100000| Untracked 
|   6|0x0000000081200000, 0x0000000081300000, 0x0000000081300000|100%|HS|  |TAMS 0x0000000081300000, 0x0000000081200000| Complete 
|   7|0x0000000081300000, 0x0000000081400000, 0x0000000081400000|100%|HC|  |TAMS 0x0000000081400000, 0x0000000081300000| Complete 
|   8|0x0000000081400000, 0x0000000081500000, 0x0000000081500000|100%| O|  |TAMS 0x0000000081500000, 0x0000000081400000| Untracked 
|   9|0x0000000081500000, 0x0000000081600000, 0x0000000081600000|100%| O|  |TAMS 0x0000000081600000, 0x0000000081500000| Untracked 
|  10|0x0000000081600000, 0x0000000081700000, 0x0000000081700000|100%| O|  |TAMS 0x0000000081700000, 0x0000000081600000| Untracked 
|  11|0x0000000081700000, 0x0000000081800000, 0x0000000081800000|100%| O|  |TAMS 0x0000000081800000, 0x0000000081700000| Untracked 
|  12|0x0000000081800000, 0x0000000081900000, 0x0000000081900000|100%| O|  |TAMS 0x0000000081900000, 0x0000000081800000| Untracked 
|  13|0x0000000081900000, 0x0000000081a00000, 0x0000000081a00000|100%| O|  |TAMS 0x0000000081a00000, 0x0000000081900000| Untracked 
|  14|0x0000000081a00000, 0x0000000081b00000, 0x0000000081b00000|100%| O|  |TAMS 0x0000000081b00000, 0x0000000081a00000| Untracked 
|  15|0x0000000081b00000, 0x0000000081c00000, 0x0000000081c00000|100%| O|  |TAMS 0x0000000081c00000, 0x0000000081b00000| Untracked 
|  16|0x0000000081c00000, 0x0000000081d00000, 0x0000000081d00000|100%| O|  |TAMS 0x0000000081c00000, 0x0000000081c00000| Untracked 
|  17|0x0000000081d00000, 0x0000000081e00000, 0x0000000081e00000|100%| O|  |TAMS 0x0000000081e00000, 0x0000000081d00000| Untracked 
|  18|0x0000000081e00000, 0x0000000081e00000, 0x0000000081f00000|  0%| F|  |TAMS 0x0000000081e00000, 0x0000000081e00000| Untracked 
|  19|0x0000000081f00000, 0x0000000082000000, 0x0000000082000000|100%| O|  |TAMS 0x0000000082000000, 0x0000000081f00000| Untracked 
|  20|0x0000000082000000, 0x0000000082000000, 0x0000000082100000|  0%| F|  |TAMS 0x0000000082000000, 0x0000000082000000| Untracked 
|  21|0x0000000082100000, 0x0000000082200000, 0x0000000082200000|100%| O|  |TAMS 0x0000000082200000, 0x0000000082100000| Untracked 
|  22|0x0000000082200000, 0x0000000082300000, 0x0000000082300000|100%| O|  |TAMS 0x0000000082300000, 0x0000000082200000| Untracked 
|  23|0x0000000082300000, 0x0000000082400000, 0x0000000082400000|100%| O|  |TAMS 0x0000000082400000, 0x0000000082300000| Untracked 
|  24|0x0000000082400000, 0x0000000082500000, 0x0000000082500000|100%| O|  |TAMS 0x0000000082500000, 0x0000000082400000| Untracked 
|  25|0x0000000082500000, 0x0000000082600000, 0x0000000082600000|100%| O|  |TAMS 0x0000000082600000, 0x0000000082500000| Untracked 
|  26|0x0000000082600000, 0x0000000082700000, 0x0000000082700000|100%|HS|  |TAMS 0x0000000082600000, 0x0000000082600000| Complete 
|  27|0x0000000082700000, 0x0000000082800000, 0x0000000082800000|100%|HC|  |TAMS 0x0000000082700000, 0x0000000082700000| Complete 
|  28|0x0000000082800000, 0x0000000082900000, 0x0000000082900000|100%| O|  |TAMS 0x0000000082800000, 0x0000000082800000| Untracked 
|  29|0x0000000082900000, 0x0000000082a00000, 0x0000000082a00000|100%| O|  |TAMS 0x0000000082900000, 0x0000000082900000| Untracked 
|  30|0x0000000082a00000, 0x0000000082b00000, 0x0000000082b00000|100%| O|  |TAMS 0x0000000082a00000, 0x0000000082a00000| Untracked 
|  31|0x0000000082b00000, 0x0000000082c00000, 0x0000000082c00000|100%| O|  |TAMS 0x0000000082b00000, 0x0000000082b00000| Untracked 
|  32|0x0000000082c00000, 0x0000000082d00000, 0x0000000082d00000|100%| O|  |TAMS 0x0000000082d00000, 0x0000000082c00000| Untracked 
|  33|0x0000000082d00000, 0x0000000082e00000, 0x0000000082e00000|100%| O|  |TAMS 0x0000000082e00000, 0x0000000082d00000| Untracked 
|  34|0x0000000082e00000, 0x0000000082f00000, 0x0000000082f00000|100%| O|  |TAMS 0x0000000082f00000, 0x0000000082e00000| Untracked 
|  35|0x0000000082f00000, 0x0000000083000000, 0x0000000083000000|100%| O|  |TAMS 0x0000000083000000, 0x0000000082f00000| Untracked 
|  36|0x0000000083000000, 0x0000000083000000, 0x0000000083100000|  0%| F|  |TAMS 0x0000000083000000, 0x0000000083000000| Untracked 
|  37|0x0000000083100000, 0x0000000083200000, 0x0000000083200000|100%| O|  |TAMS 0x0000000083100000, 0x0000000083100000| Untracked 
|  38|0x0000000083200000, 0x0000000083300000, 0x0000000083300000|100%| O|  |TAMS 0x0000000083200000, 0x0000000083200000| Untracked 
|  39|0x0000000083300000, 0x0000000083400000, 0x0000000083400000|100%| O|  |TAMS 0x0000000083300000, 0x0000000083300000| Untracked 
|  40|0x0000000083400000, 0x0000000083500000, 0x0000000083500000|100%| O|  |TAMS 0x0000000083400000, 0x0000000083400000| Untracked 
|  41|0x0000000083500000, 0x0000000083555800, 0x0000000083600000| 33%| O|  |TAMS 0x0000000083500000, 0x0000000083500000| Untracked 
|  42|0x0000000083600000, 0x0000000083600000, 0x0000000083700000|  0%| F|  |TAMS 0x0000000083600000, 0x0000000083600000| Untracked 
|  43|0x0000000083700000, 0x0000000083700000, 0x0000000083800000|  0%| F|  |TAMS 0x0000000083700000, 0x0000000083700000| Untracked 
|  44|0x0000000083800000, 0x0000000083800000, 0x0000000083900000|  0%| F|  |TAMS 0x0000000083800000, 0x0000000083800000| Untracked 
|  45|0x0000000083900000, 0x0000000083900000, 0x0000000083a00000|  0%| F|  |TAMS 0x0000000083900000, 0x0000000083900000| Untracked 
|  46|0x0000000083a00000, 0x0000000083a00000, 0x0000000083b00000|  0%| F|  |TAMS 0x0000000083a00000, 0x0000000083a00000| Untracked 
|  47|0x0000000083b00000, 0x0000000083b00000, 0x0000000083c00000|  0%| F|  |TAMS 0x0000000083b00000, 0x0000000083b00000| Untracked 
|  48|0x0000000083c00000, 0x0000000083c00000, 0x0000000083d00000|  0%| F|  |TAMS 0x0000000083c00000, 0x0000000083c00000| Untracked 
|  49|0x0000000083d00000, 0x0000000083d00000, 0x0000000083e00000|  0%| F|  |TAMS 0x0000000083d00000, 0x0000000083d00000| Untracked 
|  50|0x0000000083e00000, 0x0000000083e00000, 0x0000000083f00000|  0%| F|  |TAMS 0x0000000083e00000, 0x0000000083e00000| Untracked 
|  51|0x0000000083f00000, 0x0000000083f00000, 0x0000000084000000|  0%| F|  |TAMS 0x0000000083f00000, 0x0000000083f00000| Untracked 
|  52|0x0000000084000000, 0x0000000084000000, 0x0000000084100000|  0%| F|  |TAMS 0x0000000084000000, 0x0000000084000000| Untracked 
|  53|0x0000000084100000, 0x0000000084100000, 0x0000000084200000|  0%| F|  |TAMS 0x0000000084100000, 0x0000000084100000| Untracked 
|  54|0x0000000084200000, 0x0000000084200000, 0x0000000084300000|  0%| F|  |TAMS 0x0000000084200000, 0x0000000084200000| Untracked 
|  55|0x0000000084300000, 0x0000000084300000, 0x0000000084400000|  0%| F|  |TAMS 0x0000000084300000, 0x0000000084300000| Untracked 
|  56|0x0000000084400000, 0x0000000084400000, 0x0000000084500000|  0%| F|  |TAMS 0x0000000084400000, 0x0000000084400000| Untracked 
|  57|0x0000000084500000, 0x0000000084500000, 0x0000000084600000|  0%| F|  |TAMS 0x0000000084500000, 0x0000000084500000| Untracked 
|  58|0x0000000084600000, 0x0000000084600000, 0x0000000084700000|  0%| F|  |TAMS 0x0000000084600000, 0x0000000084600000| Untracked 
|  59|0x0000000084700000, 0x0000000084700000, 0x0000000084800000|  0%| F|  |TAMS 0x0000000084700000, 0x0000000084700000| Untracked 
|  60|0x0000000084800000, 0x0000000084800000, 0x0000000084900000|  0%| F|  |TAMS 0x0000000084800000, 0x0000000084800000| Untracked 
|  61|0x0000000084900000, 0x0000000084900000, 0x0000000084a00000|  0%| F|  |TAMS 0x0000000084900000, 0x0000000084900000| Untracked 
|  62|0x0000000084a00000, 0x0000000084a00000, 0x0000000084b00000|  0%| F|  |TAMS 0x0000000084a00000, 0x0000000084a00000| Untracked 
|  63|0x0000000084b00000, 0x0000000084b00000, 0x0000000084c00000|  0%| F|  |TAMS 0x0000000084b00000, 0x0000000084b00000| Untracked 
|  64|0x0000000084c00000, 0x0000000084c4b5f8, 0x0000000084d00000| 29%| S|CS|TAMS 0x0000000084c00000, 0x0000000084c00000| Complete 
|  65|0x0000000084d00000, 0x0000000084e00000, 0x0000000084e00000|100%| S|CS|TAMS 0x0000000084d00000, 0x0000000084d00000| Complete 
|  66|0x0000000084e00000, 0x0000000084f00000, 0x0000000084f00000|100%| S|CS|TAMS 0x0000000084e00000, 0x0000000084e00000| Complete 
|  67|0x0000000084f00000, 0x0000000085000000, 0x0000000085000000|100%| S|CS|TAMS 0x0000000084f00000, 0x0000000084f00000| Complete 
|  68|0x0000000085000000, 0x0000000085000000, 0x0000000085100000|  0%| F|  |TAMS 0x0000000085000000, 0x0000000085000000| Untracked 
|  69|0x0000000085100000, 0x0000000085200000, 0x0000000085200000|100%| O|  |TAMS 0x0000000085100000, 0x0000000085100000| Untracked 
|  70|0x0000000085200000, 0x0000000085200000, 0x0000000085300000|  0%| F|  |TAMS 0x0000000085200000, 0x0000000085200000| Untracked 
|  71|0x0000000085300000, 0x0000000085300000, 0x0000000085400000|  0%| F|  |TAMS 0x0000000085300000, 0x0000000085300000| Untracked 
|  72|0x0000000085400000, 0x0000000085400000, 0x0000000085500000|  0%| F|  |TAMS 0x0000000085400000, 0x0000000085400000| Untracked 
|  73|0x0000000085500000, 0x0000000085500000, 0x0000000085600000|  0%| F|  |TAMS 0x0000000085500000, 0x0000000085500000| Untracked 
|  74|0x0000000085600000, 0x0000000085600000, 0x0000000085700000|  0%| F|  |TAMS 0x0000000085600000, 0x0000000085600000| Untracked 
|  75|0x0000000085700000, 0x0000000085700000, 0x0000000085800000|  0%| F|  |TAMS 0x0000000085700000, 0x0000000085700000| Untracked 
|  76|0x0000000085800000, 0x0000000085800000, 0x0000000085900000|  0%| F|  |TAMS 0x0000000085800000, 0x0000000085800000| Untracked 
|  77|0x0000000085900000, 0x0000000085900000, 0x0000000085a00000|  0%| F|  |TAMS 0x0000000085900000, 0x0000000085900000| Untracked 
|  78|0x0000000085a00000, 0x0000000085a00000, 0x0000000085b00000|  0%| F|  |TAMS 0x0000000085a00000, 0x0000000085a00000| Untracked 
|  79|0x0000000085b00000, 0x0000000085b00000, 0x0000000085c00000|  0%| F|  |TAMS 0x0000000085b00000, 0x0000000085b00000| Untracked 
|  80|0x0000000085c00000, 0x0000000085c00000, 0x0000000085d00000|  0%| F|  |TAMS 0x0000000085c00000, 0x0000000085c00000| Untracked 
|  81|0x0000000085d00000, 0x0000000085d00000, 0x0000000085e00000|  0%| F|  |TAMS 0x0000000085d00000, 0x0000000085d00000| Untracked 
|  82|0x0000000085e00000, 0x0000000085e00000, 0x0000000085f00000|  0%| F|  |TAMS 0x0000000085e00000, 0x0000000085e00000| Untracked 
|  83|0x0000000085f00000, 0x0000000085f00000, 0x0000000086000000|  0%| F|  |TAMS 0x0000000085f00000, 0x0000000085f00000| Untracked 
|  84|0x0000000086000000, 0x0000000086000000, 0x0000000086100000|  0%| F|  |TAMS 0x0000000086000000, 0x0000000086000000| Untracked 
|  85|0x0000000086100000, 0x0000000086100000, 0x0000000086200000|  0%| F|  |TAMS 0x0000000086100000, 0x0000000086100000| Untracked 
|  86|0x0000000086200000, 0x0000000086200000, 0x0000000086300000|  0%| F|  |TAMS 0x0000000086200000, 0x0000000086200000| Untracked 
|  87|0x0000000086300000, 0x0000000086300000, 0x0000000086400000|  0%| F|  |TAMS 0x0000000086300000, 0x0000000086300000| Untracked 
|  88|0x0000000086400000, 0x0000000086400000, 0x0000000086500000|  0%| F|  |TAMS 0x0000000086400000, 0x0000000086400000| Untracked 
|  89|0x0000000086500000, 0x0000000086500000, 0x0000000086600000|  0%| F|  |TAMS 0x0000000086500000, 0x0000000086500000| Untracked 
|  90|0x0000000086600000, 0x0000000086600000, 0x0000000086700000|  0%| F|  |TAMS 0x0000000086600000, 0x0000000086600000| Untracked 
|  91|0x0000000086700000, 0x0000000086700000, 0x0000000086800000|  0%| F|  |TAMS 0x0000000086700000, 0x0000000086700000| Untracked 
|  92|0x0000000086800000, 0x0000000086800000, 0x0000000086900000|  0%| F|  |TAMS 0x0000000086800000, 0x0000000086800000| Untracked 
|  93|0x0000000086900000, 0x0000000086900000, 0x0000000086a00000|  0%| F|  |TAMS 0x0000000086900000, 0x0000000086900000| Untracked 
|  94|0x0000000086a00000, 0x0000000086a00000, 0x0000000086b00000|  0%| F|  |TAMS 0x0000000086a00000, 0x0000000086a00000| Untracked 
|  95|0x0000000086b00000, 0x0000000086b00000, 0x0000000086c00000|  0%| F|  |TAMS 0x0000000086b00000, 0x0000000086b00000| Untracked 
|  96|0x0000000086c00000, 0x0000000086c00000, 0x0000000086d00000|  0%| F|  |TAMS 0x0000000086c00000, 0x0000000086c00000| Untracked 
|  97|0x0000000086d00000, 0x0000000086d00000, 0x0000000086e00000|  0%| F|  |TAMS 0x0000000086d00000, 0x0000000086d00000| Untracked 
|  98|0x0000000086e00000, 0x0000000086e00000, 0x0000000086f00000|  0%| F|  |TAMS 0x0000000086e00000, 0x0000000086e00000| Untracked 
|  99|0x0000000086f00000, 0x0000000086f00000, 0x0000000087000000|  0%| F|  |TAMS 0x0000000086f00000, 0x0000000086f00000| Untracked 
| 100|0x0000000087000000, 0x0000000087000000, 0x0000000087100000|  0%| F|  |TAMS 0x0000000087000000, 0x0000000087000000| Untracked 
| 101|0x0000000087100000, 0x0000000087100000, 0x0000000087200000|  0%| F|  |TAMS 0x0000000087100000, 0x0000000087100000| Untracked 
| 102|0x0000000087200000, 0x0000000087200000, 0x0000000087300000|  0%| F|  |TAMS 0x0000000087200000, 0x0000000087200000| Untracked 
| 103|0x0000000087300000, 0x0000000087300000, 0x0000000087400000|  0%| F|  |TAMS 0x0000000087300000, 0x0000000087300000| Untracked 
| 104|0x0000000087400000, 0x0000000087400000, 0x0000000087500000|  0%| F|  |TAMS 0x0000000087400000, 0x0000000087400000| Untracked 
| 105|0x0000000087500000, 0x0000000087500000, 0x0000000087600000|  0%| F|  |TAMS 0x0000000087500000, 0x0000000087500000| Untracked 
| 106|0x0000000087600000, 0x0000000087600000, 0x0000000087700000|  0%| F|  |TAMS 0x0000000087600000, 0x0000000087600000| Untracked 
| 107|0x0000000087700000, 0x0000000087700000, 0x0000000087800000|  0%| F|  |TAMS 0x0000000087700000, 0x0000000087700000| Untracked 
| 108|0x0000000087800000, 0x0000000087800000, 0x0000000087900000|  0%| F|  |TAMS 0x0000000087800000, 0x0000000087800000| Untracked 
| 109|0x0000000087900000, 0x0000000087900000, 0x0000000087a00000|  0%| F|  |TAMS 0x0000000087900000, 0x0000000087900000| Untracked 
| 110|0x0000000087a00000, 0x0000000087a00000, 0x0000000087b00000|  0%| F|  |TAMS 0x0000000087a00000, 0x0000000087a00000| Untracked 
| 111|0x0000000087b00000, 0x0000000087b00000, 0x0000000087c00000|  0%| F|  |TAMS 0x0000000087b00000, 0x0000000087b00000| Untracked 
| 112|0x0000000087c00000, 0x0000000087c00000, 0x0000000087d00000|  0%| F|  |TAMS 0x0000000087c00000, 0x0000000087c00000| Untracked 
| 113|0x0000000087d00000, 0x0000000087d00000, 0x0000000087e00000|  0%| F|  |TAMS 0x0000000087d00000, 0x0000000087d00000| Untracked 
| 114|0x0000000087e00000, 0x0000000087e00000, 0x0000000087f00000|  0%| F|  |TAMS 0x0000000087e00000, 0x0000000087e00000| Untracked 
| 115|0x0000000087f00000, 0x0000000087f00000, 0x0000000088000000|  0%| F|  |TAMS 0x0000000087f00000, 0x0000000087f00000| Untracked 
| 116|0x0000000088000000, 0x0000000088000000, 0x0000000088100000|  0%| F|  |TAMS 0x0000000088000000, 0x0000000088000000| Untracked 
| 117|0x0000000088100000, 0x0000000088100000, 0x0000000088200000|  0%| F|  |TAMS 0x0000000088100000, 0x0000000088100000| Untracked 
| 118|0x0000000088200000, 0x0000000088200000, 0x0000000088300000|  0%| F|  |TAMS 0x0000000088200000, 0x0000000088200000| Untracked 
| 119|0x0000000088300000, 0x0000000088300000, 0x0000000088400000|  0%| F|  |TAMS 0x0000000088300000, 0x0000000088300000| Untracked 
| 120|0x0000000088400000, 0x0000000088400000, 0x0000000088500000|  0%| F|  |TAMS 0x0000000088400000, 0x0000000088400000| Untracked 
| 121|0x0000000088500000, 0x0000000088500000, 0x0000000088600000|  0%| F|  |TAMS 0x0000000088500000, 0x0000000088500000| Untracked 
| 122|0x0000000088600000, 0x0000000088600000, 0x0000000088700000|  0%| F|  |TAMS 0x0000000088600000, 0x0000000088600000| Untracked 
| 123|0x0000000088700000, 0x0000000088700000, 0x0000000088800000|  0%| F|  |TAMS 0x0000000088700000, 0x0000000088700000| Untracked 
| 124|0x0000000088800000, 0x0000000088800000, 0x0000000088900000|  0%| F|  |TAMS 0x0000000088800000, 0x0000000088800000| Untracked 
| 125|0x0000000088900000, 0x0000000088900000, 0x0000000088a00000|  0%| F|  |TAMS 0x0000000088900000, 0x0000000088900000| Untracked 
| 126|0x0000000088a00000, 0x0000000088a00000, 0x0000000088b00000|  0%| F|  |TAMS 0x0000000088a00000, 0x0000000088a00000| Untracked 
| 127|0x0000000088b00000, 0x0000000088b00000, 0x0000000088c00000|  0%| F|  |TAMS 0x0000000088b00000, 0x0000000088b00000| Untracked 

Card table byte_map: [0x0000000019f90000,0x000000001a390000] _byte_map_base: 0x0000000019b8a000

Marking Bits (Prev, Next): (CMBitMap*) 0x00000000003f0770, (CMBitMap*) 0x00000000003f07b0
 Prev Bits: [0x000000001a790000, 0x000000001c760000)
 Next Bits: [0x000000001c760000, 0x000000001e730000)

Polling page: 0x0000000001f60000

Metaspace:

Usage:
  Non-class:     26.51 MB used.
      Class:      3.29 MB used.
       Both:     29.81 MB used.

Virtual space:
  Non-class space:       64.00 MB reserved,      26.69 MB ( 42%) committed,  1 nodes.
      Class space:        1.00 GB reserved,       3.44 MB ( <1%) committed,  1 nodes.
             Both:        1.06 GB reserved,      30.12 MB (  3%) committed. 

Chunk freelists:
   Non-Class:  464.00 KB
       Class:  512.00 KB
        Both:  976.00 KB

MaxMetaspaceSize: unlimited
CompressedClassSpaceSize: 1.00 GB
Initial GC threshold: 21.00 MB
Current GC threshold: 47.81 MB
CDS: on
MetaspaceReclaimPolicy: balanced
 - commit_granule_bytes: 65536.
 - commit_granule_words: 8192.
 - virtual_space_node_default_size: 8388608.
 - enlarge_chunks_in_place: 1.
 - new_chunks_are_fully_committed: 0.
 - uncommit_free_chunks: 1.
 - use_allocation_guard: 0.


Internal statistics:

num_allocs_failed_limit: 6.
num_arena_births: 260.
num_arena_deaths: 0.
num_vsnodes_births: 2.
num_vsnodes_deaths: 0.
num_space_committed: 482.
num_space_uncommitted: 0.
num_chunks_returned_to_freelist: 6.
num_chunks_taken_from_freelist: 1321.
num_chunk_merges: 6.
num_chunk_splits: 973.
num_chunks_enlarged: 785.
num_inconsistent_stats: 0.

CodeHeap 'non-profiled nmethods': size=120000Kb used=2582Kb max_used=2937Kb free=117417Kb
 bounds [0x0000000012130000, 0x0000000012410000, 0x0000000019660000]
CodeHeap 'profiled nmethods': size=120000Kb used=10452Kb max_used=12480Kb free=109548Kb
 bounds [0x000000000a660000, 0x000000000b2a0000, 0x0000000011b90000]
CodeHeap 'non-nmethods': size=5760Kb used=1314Kb max_used=1362Kb free=4445Kb
 bounds [0x0000000011b90000, 0x0000000011e00000, 0x0000000012130000]
 total_blobs=5784 nmethods=5247 adapters=448
 compilation: enabled
              stopped_count=0, restarted_count=0
 full_count=0

Compilation events (20 events):
Event: 10.940 Thread 0x000000002150b0d0 6196   !   3       sun.nio.fs.WindowsLinkSupport::getRealPath (500 bytes)
Event: 10.941 Thread 0x0000000028327970 nmethod 6183 0x00000000122dbe10 code [0x00000000122dc0a0, 0x00000000122dd1f0]
Event: 10.941 Thread 0x0000000028327970 6197       4       sun.nio.fs.NativeBuffers::getNativeBufferFromCache (51 bytes)
Event: 10.941 Thread 0x000000002150a760 6198       4       sun.nio.fs.NativeBuffers::releaseNativeBuffer (97 bytes)
Event: 10.948 Thread 0x000000002150b0d0 nmethod 6196 0x000000000ac45b90 code [0x000000000ac46340, 0x000000000ac4a378]
Event: 10.948 Thread 0x000000002150b0d0 6201       1       org.fusesource.jansi.Ansi$Attribute::value (5 bytes)
Event: 10.948 Thread 0x000000002150b0d0 nmethod 6201 0x000000001223f410 code [0x000000001223f5a0, 0x000000001223f658]
Event: 10.949 Thread 0x0000000028327970 nmethod 6197 0x000000001223ec10 code [0x000000001223edc0, 0x000000001223f058]
Event: 10.949 Thread 0x0000000028327970 6203       4       java.util.Collections$UnmodifiableMap$UnmodifiableEntrySet$1::next (5 bytes)
Event: 10.949 Thread 0x000000002150a760 nmethod 6198 0x0000000012240990 code [0x0000000012240b40, 0x0000000012240dd8]
Event: 10.949 Thread 0x000000002150a760 6199       4       jdk.internal.misc.Unsafe::checkSize (32 bytes)
Event: 10.950 Thread 0x000000002150a760 nmethod 6199 0x000000001223e910 code [0x000000001223eaa0, 0x000000001223eb38]
Event: 10.950 Thread 0x000000002150a760 6200       4       jdk.internal.misc.Unsafe::copyMemory (33 bytes)
Event: 10.952 Thread 0x000000002150b0d0 6205       3       java.nio.charset.CharsetDecoder::onMalformedInput (26 bytes)
Event: 10.952 Thread 0x000000002150b0d0 nmethod 6205 0x000000000b1f0490 code [0x000000000b1f0640, 0x000000000b1f0988]
Event: 10.952 Thread 0x000000002150b0d0 6207       3       java.nio.ByteBuffer::allocate (20 bytes)
Event: 10.953 Thread 0x000000002150b0d0 nmethod 6207 0x000000000afe6d90 code [0x000000000afe6f40, 0x000000000afe7158]
Event: 10.953 Thread 0x000000002150b0d0 6206       3       java.nio.charset.CharsetDecoder::implOnMalformedInput (1 bytes)
Event: 10.953 Thread 0x000000002150b0d0 nmethod 6206 0x000000000a9b2a90 code [0x000000000a9b2c20, 0x000000000a9b2d38]
Event: 10.953 Thread 0x000000002150b0d0 6208   !   3       org.eclipse.sisu.inject.InjectorBindings::getWildcardBindings (145 bytes)

GC Heap History (20 events):
Event: 2.161 GC heap after
{Heap after GC invocations=2 (full 0):
 garbage-first heap   total 131072K, used 4852K [0x0000000080c00000, 0x0000000100000000)
  region size 1024K, 1 young (1024K), 1 survivors (1024K)
 Metaspace       used 6387K, committed 6528K, reserved 1114112K
  class space    used 707K, committed 768K, reserved 1048576K
}
Event: 3.557 GC heap before
{Heap before GC invocations=2 (full 0):
 garbage-first heap   total 131072K, used 35572K [0x0000000080c00000, 0x0000000100000000)
  region size 1024K, 31 young (31744K), 1 survivors (1024K)
 Metaspace       used 11114K, committed 11328K, reserved 1114112K
  class space    used 1281K, committed 1408K, reserved 1048576K
}
Event: 3.563 GC heap after
{Heap after GC invocations=3 (full 0):
 garbage-first heap   total 131072K, used 6523K [0x0000000080c00000, 0x0000000100000000)
  region size 1024K, 3 young (3072K), 3 survivors (3072K)
 Metaspace       used 11114K, committed 11328K, reserved 1114112K
  class space    used 1281K, committed 1408K, reserved 1048576K
}
Event: 6.477 GC heap before
{Heap before GC invocations=3 (full 0):
 garbage-first heap   total 131072K, used 81275K [0x0000000080c00000, 0x0000000100000000)
  region size 1024K, 76 young (77824K), 3 survivors (3072K)
 Metaspace       used 16668K, committed 16960K, reserved 1114112K
  class space    used 1845K, committed 1984K, reserved 1048576K
}
Event: 6.500 GC heap after
{Heap after GC invocations=4 (full 0):
 garbage-first heap   total 131072K, used 13825K [0x0000000080c00000, 0x0000000100000000)
  region size 1024K, 10 young (10240K), 10 survivors (10240K)
 Metaspace       used 16668K, committed 16960K, reserved 1114112K
  class space    used 1845K, committed 1984K, reserved 1048576K
}
Event: 7.814 GC heap before
{Heap before GC invocations=4 (full 0):
 garbage-first heap   total 131072K, used 61953K [0x0000000080c00000, 0x0000000100000000)
  region size 1024K, 54 young (55296K), 10 survivors (10240K)
 Metaspace       used 21216K, committed 21504K, reserved 1114112K
  class space    used 2362K, committed 2496K, reserved 1048576K
}
Event: 7.840 GC heap after
{Heap after GC invocations=5 (full 0):
 garbage-first heap   total 131072K, used 23297K [0x0000000080c00000, 0x0000000100000000)
  region size 1024K, 6 young (6144K), 6 survivors (6144K)
 Metaspace       used 21216K, committed 21504K, reserved 1114112K
  class space    used 2362K, committed 2496K, reserved 1048576K
}
Event: 9.280 GC heap before
{Heap before GC invocations=6 (full 0):
 garbage-first heap   total 81920K, used 65281K [0x0000000080c00000, 0x0000000100000000)
  region size 1024K, 48 young (49152K), 6 survivors (6144K)
 Metaspace       used 27791K, committed 28160K, reserved 1114112K
  class space    used 3086K, committed 3264K, reserved 1048576K
}
Event: 9.310 GC heap after
{Heap after GC invocations=7 (full 0):
 garbage-first heap   total 81920K, used 29962K [0x0000000080c00000, 0x0000000100000000)
  region size 1024K, 6 young (6144K), 6 survivors (6144K)
 Metaspace       used 27791K, committed 28160K, reserved 1114112K
  class space    used 3086K, committed 3264K, reserved 1048576K
}
Event: 9.325 GC heap before
{Heap before GC invocations=7 (full 0):
 garbage-first heap   total 81920K, used 30986K [0x0000000080c00000, 0x0000000100000000)
  region size 1024K, 7 young (7168K), 6 survivors (6144K)
 Metaspace       used 27827K, committed 28160K, reserved 1114112K
  class space    used 3092K, committed 3264K, reserved 1048576K
}
Event: 9.336 GC heap after
{Heap after GC invocations=8 (full 0):
 garbage-first heap   total 81920K, used 31744K [0x0000000080c00000, 0x0000000100000000)
  region size 1024K, 1 young (1024K), 1 survivors (1024K)
 Metaspace       used 27827K, committed 28160K, reserved 1114112K
  class space    used 3092K, committed 3264K, reserved 1048576K
}
Event: 9.656 GC heap before
{Heap before GC invocations=8 (full 0):
 garbage-first heap   total 81920K, used 39936K [0x0000000080c00000, 0x0000000100000000)
  region size 1024K, 11 young (11264K), 1 survivors (1024K)
 Metaspace       used 28973K, committed 29376K, reserved 1114112K
  class space    used 3214K, committed 3392K, reserved 1048576K
}
Event: 9.659 GC heap after
{Heap after GC invocations=9 (full 0):
 garbage-first heap   total 81920K, used 31145K [0x0000000080c00000, 0x0000000100000000)
  region size 1024K, 1 young (1024K), 1 survivors (1024K)
 Metaspace       used 28973K, committed 29376K, reserved 1114112K
  class space    used 3214K, committed 3392K, reserved 1048576K
}
Event: 9.660 GC heap before
{Heap before GC invocations=9 (full 0):
 garbage-first heap   total 81920K, used 39337K [0x0000000080c00000, 0x0000000100000000)
  region size 1024K, 2 young (2048K), 1 survivors (1024K)
 Metaspace       used 28973K, committed 29376K, reserved 1114112K
  class space    used 3214K, committed 3392K, reserved 1048576K
}
Event: 9.663 GC heap after
{Heap after GC invocations=10 (full 0):
 garbage-first heap   total 81920K, used 39370K [0x0000000080c00000, 0x0000000100000000)
  region size 1024K, 1 young (1024K), 1 survivors (1024K)
 Metaspace       used 28973K, committed 29376K, reserved 1114112K
  class space    used 3214K, committed 3392K, reserved 1048576K
}
Event: 10.082 GC heap before
{Heap before GC invocations=11 (full 0):
 garbage-first heap   total 111616K, used 90570K [0x0000000080c00000, 0x0000000100000000)
  region size 1024K, 25 young (25600K), 1 survivors (1024K)
 Metaspace       used 29092K, committed 29504K, reserved 1114112K
  class space    used 3216K, committed 3392K, reserved 1048576K
}
Event: 10.098 GC heap after
{Heap after GC invocations=12 (full 0):
 garbage-first heap   total 111616K, used 42625K [0x0000000080c00000, 0x0000000100000000)
  region size 1024K, 4 young (4096K), 4 survivors (4096K)
 Metaspace       used 29092K, committed 29504K, reserved 1114112K
  class space    used 3216K, committed 3392K, reserved 1048576K
}
Event: 10.105 GC heap before
{Heap before GC invocations=12 (full 0):
 garbage-first heap   total 111616K, used 43649K [0x0000000080c00000, 0x0000000100000000)
  region size 1024K, 5 young (5120K), 4 survivors (4096K)
 Metaspace       used 29092K, committed 29504K, reserved 1114112K
  class space    used 3216K, committed 3392K, reserved 1048576K
}
Event: 10.112 GC heap after
{Heap after GC invocations=13 (full 0):
 garbage-first heap   total 111616K, used 39664K [0x0000000080c00000, 0x0000000100000000)
  region size 1024K, 1 young (1024K), 1 survivors (1024K)
 Metaspace       used 29092K, committed 29504K, reserved 1114112K
  class space    used 3216K, committed 3392K, reserved 1048576K
}
Event: 10.954 GC heap before
{Heap before GC invocations=13 (full 0):
 garbage-first heap   total 111616K, used 78576K [0x0000000080c00000, 0x0000000100000000)
  region size 1024K, 40 young (40960K), 1 survivors (1024K)
 Metaspace       used 30522K, committed 30848K, reserved 1114112K
  class space    used 3372K, committed 3520K, reserved 1048576K
}

Dll operation events (12 events):
Event: 0.039 Loaded shared library C:\opt\jdk-19\bin\java.dll
Event: 0.073 Loaded shared library C:\opt\jdk-19\bin\jsvml.dll
Event: 0.276 Loaded shared library C:\opt\jdk-19\bin\zip.dll
Event: 0.281 Loaded shared library C:\opt\jdk-19\bin\instrument.dll
Event: 0.290 Loaded shared library C:\opt\jdk-19\bin\net.dll
Event: 0.292 Loaded shared library C:\opt\jdk-19\bin\nio.dll
Event: 0.300 Loaded shared library C:\opt\jdk-19\bin\zip.dll
Event: 0.403 Loaded shared library C:\opt\intelliJ\bin\breakgen64.dll
Event: 0.442 Loaded shared library C:\opt\jdk-19\bin\extnet.dll
Event: 0.797 Loaded shared library C:\opt\jdk-19\bin\jimage.dll
Event: 0.833 Loaded shared library C:\temp\jansi-2.4.0-a9020a167bfa8edf-jansi.dll
Event: 0.864 Loaded shared library C:\opt\jdk-19\bin\verify.dll

Deoptimization events (20 events):
Event: 10.466 Thread 0x000000000038ead0 DEOPT PACKING pc=0x000000000b018b0b sp=0x00000000022e9030
Event: 10.466 Thread 0x000000000038ead0 DEOPT UNPACKING pc=0x0000000011bf7543 sp=0x00000000022e8568 mode 0
Event: 10.848 Thread 0x000000000038ead0 DEOPT PACKING pc=0x000000000af33121 sp=0x00000000022ec740
Event: 10.848 Thread 0x000000000038ead0 DEOPT UNPACKING pc=0x0000000011bf7543 sp=0x00000000022ebc48 mode 0
Event: 10.952 Thread 0x000000000038ead0 Uncommon trap: trap_request=0xffffffbe fr.pc=0x0000000012370dc0 relative=0x0000000000000300
Event: 10.952 Thread 0x000000000038ead0 Uncommon trap: reason=profile_predicate action=maybe_recompile pc=0x0000000012370dc0 method=java.util.regex.Pattern$Slice.match(Ljava/util/regex/Matcher;ILjava/lang/CharSequence;)Z @ 18 c2
Event: 10.952 Thread 0x000000000038ead0 DEOPT PACKING pc=0x0000000012370dc0 sp=0x00000000022ed3f0
Event: 10.952 Thread 0x000000000038ead0 DEOPT UNPACKING pc=0x0000000011bf6da3 sp=0x00000000022ed380 mode 2
Event: 10.952 Thread 0x000000000038ead0 Uncommon trap: trap_request=0xffffffbe fr.pc=0x0000000012370dc0 relative=0x0000000000000300
Event: 10.952 Thread 0x000000000038ead0 Uncommon trap: reason=profile_predicate action=maybe_recompile pc=0x0000000012370dc0 method=java.util.regex.Pattern$Slice.match(Ljava/util/regex/Matcher;ILjava/lang/CharSequence;)Z @ 18 c2
Event: 10.952 Thread 0x000000000038ead0 DEOPT PACKING pc=0x0000000012370dc0 sp=0x00000000022ed3f0
Event: 10.952 Thread 0x000000000038ead0 DEOPT UNPACKING pc=0x0000000011bf6da3 sp=0x00000000022ed380 mode 2
Event: 10.952 Thread 0x000000000038ead0 Uncommon trap: trap_request=0xffffffbe fr.pc=0x0000000012370dc0 relative=0x0000000000000300
Event: 10.952 Thread 0x000000000038ead0 Uncommon trap: reason=profile_predicate action=maybe_recompile pc=0x0000000012370dc0 method=java.util.regex.Pattern$Slice.match(Ljava/util/regex/Matcher;ILjava/lang/CharSequence;)Z @ 18 c2
Event: 10.952 Thread 0x000000000038ead0 DEOPT PACKING pc=0x0000000012370dc0 sp=0x00000000022ed3f0
Event: 10.952 Thread 0x000000000038ead0 DEOPT UNPACKING pc=0x0000000011bf6da3 sp=0x00000000022ed380 mode 2
Event: 10.952 Thread 0x000000000038ead0 Uncommon trap: trap_request=0xffffffbe fr.pc=0x0000000012370dc0 relative=0x0000000000000300
Event: 10.952 Thread 0x000000000038ead0 Uncommon trap: reason=profile_predicate action=maybe_recompile pc=0x0000000012370dc0 method=java.util.regex.Pattern$Slice.match(Ljava/util/regex/Matcher;ILjava/lang/CharSequence;)Z @ 18 c2
Event: 10.952 Thread 0x000000000038ead0 DEOPT PACKING pc=0x0000000012370dc0 sp=0x00000000022ed3f0
Event: 10.952 Thread 0x000000000038ead0 DEOPT UNPACKING pc=0x0000000011bf6da3 sp=0x00000000022ed380 mode 2

Classes loaded (20 events):
Event: 9.397 Loading class java/util/IdentityHashMap$EntrySet
Event: 9.397 Loading class java/util/IdentityHashMap$EntrySet done
Event: 9.398 Loading class java/util/IdentityHashMap$EntryIterator
Event: 9.398 Loading class java/util/IdentityHashMap$EntryIterator done
Event: 9.398 Loading class java/util/IdentityHashMap$EntryIterator$Entry
Event: 9.398 Loading class java/util/IdentityHashMap$EntryIterator$Entry done
Event: 9.599 Loading class java/nio/file/Path$1
Event: 9.600 Loading class java/nio/file/Path$1 done
Event: 9.625 Loading class java/util/EnumMap$Values
Event: 9.625 Loading class java/util/EnumMap$Values done
Event: 9.626 Loading class java/util/EnumMap$ValueIterator
Event: 9.626 Loading class java/util/EnumMap$EnumMapIterator
Event: 9.626 Loading class java/util/EnumMap$EnumMapIterator done
Event: 9.626 Loading class java/util/EnumMap$ValueIterator done
Event: 9.627 Loading class java/util/WeakHashMap$KeyIterator
Event: 9.627 Loading class java/util/WeakHashMap$KeyIterator done
Event: 9.667 Loading class java/nio/BufferMismatch
Event: 9.667 Loading class java/nio/BufferMismatch done
Event: 10.307 Loading class jdk/internal/module/IllegalAccessLogger
Event: 10.307 Loading class jdk/internal/module/IllegalAccessLogger done

Classes unloaded (0 events):
No events

Classes redefined (0 events):
No events

Internal exceptions (20 events):
Event: 10.875 Thread 0x000000000038ead0 Exception <a 'sun/nio/fs/WindowsException'{0x0000000085398658}> (0x0000000085398658) 
thrown [s\open\src\hotspot\share\prims\jni.cpp, line 517]
Event: 10.875 Thread 0x000000000038ead0 Exception <a 'sun/nio/fs/WindowsException'{0x00000000853989d8}> (0x00000000853989d8) 
thrown [s\open\src\hotspot\share\prims\jni.cpp, line 517]
Event: 10.876 Thread 0x000000000038ead0 Exception <a 'sun/nio/fs/WindowsException'{0x00000000853999c8}> (0x00000000853999c8) 
thrown [s\open\src\hotspot\share\prims\jni.cpp, line 517]
Event: 10.876 Thread 0x000000000038ead0 Exception <a 'sun/nio/fs/WindowsException'{0x0000000085399ca8}> (0x0000000085399ca8) 
thrown [s\open\src\hotspot\share\prims\jni.cpp, line 517]
Event: 10.879 Thread 0x000000000038ead0 Exception <a 'sun/nio/fs/WindowsException'{0x00000000853b74b8}> (0x00000000853b74b8) 
thrown [s\open\src\hotspot\share\prims\jni.cpp, line 517]
Event: 10.879 Thread 0x000000000038ead0 Exception <a 'sun/nio/fs/WindowsException'{0x00000000853b7770}> (0x00000000853b7770) 
thrown [s\open\src\hotspot\share\prims\jni.cpp, line 517]
Event: 10.879 Thread 0x000000000038ead0 Exception <a 'sun/nio/fs/WindowsException'{0x00000000853b86a0}> (0x00000000853b86a0) 
thrown [s\open\src\hotspot\share\prims\jni.cpp, line 517]
Event: 10.879 Thread 0x000000000038ead0 Exception <a 'sun/nio/fs/WindowsException'{0x00000000853b8a20}> (0x00000000853b8a20) 
thrown [s\open\src\hotspot\share\prims\jni.cpp, line 517]
Event: 10.879 Thread 0x000000000038ead0 Exception <a 'sun/nio/fs/WindowsException'{0x00000000853b9a10}> (0x00000000853b9a10) 
thrown [s\open\src\hotspot\share\prims\jni.cpp, line 517]
Event: 10.879 Thread 0x000000000038ead0 Exception <a 'sun/nio/fs/WindowsException'{0x00000000853b9cf0}> (0x00000000853b9cf0) 
thrown [s\open\src\hotspot\share\prims\jni.cpp, line 517]
Event: 10.888 Thread 0x000000000038ead0 Exception <a 'sun/nio/fs/WindowsException'{0x000000008523c400}> (0x000000008523c400) 
thrown [s\open\src\hotspot\share\prims\jni.cpp, line 517]
Event: 10.890 Thread 0x000000000038ead0 Exception <a 'sun/nio/fs/WindowsException'{0x0000000085241c28}> (0x0000000085241c28) 
thrown [s\open\src\hotspot\share\prims\jni.cpp, line 517]
Event: 10.892 Thread 0x000000000038ead0 Exception <a 'sun/nio/fs/WindowsException'{0x0000000085249640}> (0x0000000085249640) 
thrown [s\open\src\hotspot\share\prims\jni.cpp, line 517]
Event: 10.893 Thread 0x000000000038ead0 Exception <a 'sun/nio/fs/WindowsException'{0x0000000085249d70}> (0x0000000085249d70) 
thrown [s\open\src\hotspot\share\prims\jni.cpp, line 517]
Event: 10.893 Thread 0x000000000038ead0 Exception <a 'sun/nio/fs/WindowsException'{0x000000008524a340}> (0x000000008524a340) 
thrown [s\open\src\hotspot\share\prims\jni.cpp, line 517]
Event: 10.893 Thread 0x000000000038ead0 Exception <a 'sun/nio/fs/WindowsException'{0x000000008524aa60}> (0x000000008524aa60) 
thrown [s\open\src\hotspot\share\prims\jni.cpp, line 517]
Event: 10.893 Thread 0x000000000038ead0 Exception <a 'sun/nio/fs/WindowsException'{0x000000008524ad28}> (0x000000008524ad28) 
thrown [s\open\src\hotspot\share\prims\jni.cpp, line 517]
Event: 10.893 Thread 0x000000000038ead0 Exception <a 'sun/nio/fs/WindowsException'{0x000000008524b9b0}> (0x000000008524b9b0) 
thrown [s\open\src\hotspot\share\prims\jni.cpp, line 517]
Event: 10.893 Thread 0x000000000038ead0 Exception <a 'sun/nio/fs/WindowsException'{0x000000008524bc38}> (0x000000008524bc38) 
thrown [s\open\src\hotspot\share\prims\jni.cpp, line 517]
Event: 10.893 Thread 0x000000000038ead0 Exception <a 'sun/nio/fs/WindowsException'{0x000000008524c8c0}> (0x000000008524c8c0) 
thrown [s\open\src\hotspot\share\prims\jni.cpp, line 517]

VM Operations (20 events):
Event: 9.605 Executing VM operation: HandshakeAllThreads done
Event: 9.655 Executing VM operation: G1TryInitiateConcMark
Event: 9.659 Executing VM operation: G1TryInitiateConcMark done
Event: 9.660 Executing VM operation: G1TryInitiateConcMark
Event: 9.663 Executing VM operation: G1TryInitiateConcMark done
Event: 9.731 Executing VM operation: G1PauseRemark
Event: 9.740 Executing VM operation: G1PauseRemark done
Event: 9.775 Executing VM operation: G1PauseCleanup
Event: 9.777 Executing VM operation: G1PauseCleanup done
Event: 10.082 Executing VM operation: G1CollectForAllocation
Event: 10.098 Executing VM operation: G1CollectForAllocation done
Event: 10.105 Executing VM operation: G1CollectForAllocation
Event: 10.112 Executing VM operation: G1CollectForAllocation done
Event: 10.130 Executing VM operation: HandshakeAllThreads
Event: 10.130 Executing VM operation: HandshakeAllThreads done
Event: 10.204 Executing VM operation: HandshakeAllThreads
Event: 10.204 Executing VM operation: HandshakeAllThreads done
Event: 10.226 Executing VM operation: HandshakeAllThreads
Event: 10.226 Executing VM operation: HandshakeAllThreads done
Event: 10.953 Executing VM operation: G1CollectForAllocation

Events (20 events):
Event: 10.237 Thread 0x0000000021561340 flushing nmethod 0x000000000b102d10
Event: 10.237 Thread 0x0000000021561340 flushing nmethod 0x000000000b104110
Event: 10.237 Thread 0x0000000021561340 flushing nmethod 0x000000000b104910
Event: 10.237 Thread 0x0000000021561340 flushing nmethod 0x000000000b105610
Event: 10.237 Thread 0x0000000021561340 flushing nmethod 0x000000000b105990
Event: 10.237 Thread 0x0000000021561340 flushing nmethod 0x000000000b106390
Event: 10.237 Thread 0x0000000021561340 flushing nmethod 0x000000000b106b90
Event: 10.237 Thread 0x0000000021561340 flushing nmethod 0x000000000b106f10
Event: 10.237 Thread 0x0000000021561340 flushing nmethod 0x000000000b107310
Event: 10.237 Thread 0x0000000021561340 flushing nmethod 0x000000000b114710
Event: 10.238 Thread 0x0000000021561340 flushing nmethod 0x000000000b15df90
Event: 10.238 Thread 0x0000000021561340 flushing nmethod 0x000000000b17a390
Event: 10.238 Thread 0x0000000021561340 flushing nmethod 0x000000000b17a710
Event: 10.238 Thread 0x0000000021561340 flushing nmethod 0x000000000b1a2790
Event: 10.238 Thread 0x0000000021561340 flushing nmethod 0x000000000b1c7610
Event: 10.238 Thread 0x0000000021561340 flushing nmethod 0x000000000b1dcb90
Event: 10.238 Thread 0x0000000021561340 flushing nmethod 0x000000000b1f0490
Event: 10.238 Thread 0x0000000021561340 flushing nmethod 0x000000000b1fa790
Event: 10.239 Thread 0x0000000021561340 flushing nmethod 0x000000000b232910
Event: 10.239 Thread 0x0000000021561340 flushing nmethod 0x000000000b256a90


Dynamic libraries:
0x000000013f960000 - 0x000000013f96e000 	C:\opt\jdk-19\bin\java.exe
0x0000000077740000 - 0x00000000778e9000 	C:\Windows\SYSTEM32\ntdll.dll
0x0000000077620000 - 0x000000007773f000 	C:\Windows\system32\kernel32.dll
0x000007fefd9f0000 - 0x000007fefda5b000 	C:\Windows\system32\KERNELBASE.dll
0x000007feeefa0000 - 0x000007feeefb7000 	C:\opt\jdk-19\bin\jli.dll
0x000007fefbc80000 - 0x000007fefbe74000 	C:\Windows\WinSxS\amd64_microsoft.windows.common-controls_6595b64144ccf1df_6.0.7601.17514_none_fa396087175ac9ac\COMCTL32.dll
0x000007fefdb00000 - 0x000007fefdb9f000 	C:\Windows\system32\msvcrt.dll
0x000007feff9e0000 - 0x000007feffa47000 	C:\Windows\system32\GDI32.dll
0x0000000077520000 - 0x000000007761a000 	C:\Windows\system32\USER32.dll
0x000007fefe650000 - 0x000007fefe65e000 	C:\Windows\system32\LPK.dll
0x000007fefe240000 - 0x000007fefe309000 	C:\Windows\system32\USP10.dll
0x000007fefddb0000 - 0x000007fefde21000 	C:\Windows\system32\SHLWAPI.dll
0x000007feeef80000 - 0x000007feeef9b000 	C:\opt\jdk-19\bin\VCRUNTIME140.dll
0x000007feeef70000 - 0x000007feeef74000 	C:\opt\jdk-19\bin\api-ms-win-crt-runtime-l1-1-0.dll
0x000007feeee70000 - 0x000007feeef70000 	C:\opt\jdk-19\bin\ucrtbase.DLL
0x000007feeee60000 - 0x000007feeee63000 	C:\opt\jdk-19\bin\api-ms-win-core-localization-l1-2-0.dll
0x000007feeee50000 - 0x000007feeee53000 	C:\opt\jdk-19\bin\api-ms-win-core-processthreads-l1-1-1.dll
0x000007feeee40000 - 0x000007feeee43000 	C:\opt\jdk-19\bin\api-ms-win-core-file-l1-2-0.dll
0x000007feeee30000 - 0x000007feeee33000 	C:\opt\jdk-19\bin\api-ms-win-core-timezone-l1-1-0.dll
0x000007feeee20000 - 0x000007feeee23000 	C:\opt\jdk-19\bin\api-ms-win-core-file-l2-1-0.dll
0x000007feeee10000 - 0x000007feeee13000 	C:\opt\jdk-19\bin\api-ms-win-core-synch-l1-2-0.dll
0x000007feeee00000 - 0x000007feeee03000 	C:\opt\jdk-19\bin\api-ms-win-crt-heap-l1-1-0.dll
0x000007feeedf0000 - 0x000007feeedf4000 	C:\opt\jdk-19\bin\api-ms-win-crt-string-l1-1-0.dll
0x000007feeede0000 - 0x000007feeede4000 	C:\opt\jdk-19\bin\api-ms-win-crt-stdio-l1-1-0.dll
0x000007feeedd0000 - 0x000007feeedd4000 	C:\opt\jdk-19\bin\api-ms-win-crt-convert-l1-1-0.dll
0x000007feeedc0000 - 0x000007feeedc3000 	C:\opt\jdk-19\bin\api-ms-win-crt-environment-l1-1-0.dll
0x000007feeedb0000 - 0x000007feeedb3000 	C:\opt\jdk-19\bin\api-ms-win-crt-filesystem-l1-1-0.dll
0x000007feeeda0000 - 0x000007feeeda5000 	C:\opt\jdk-19\bin\api-ms-win-crt-math-l1-1-0.dll
0x000007feeed90000 - 0x000007feeed93000 	C:\opt\jdk-19\bin\api-ms-win-crt-locale-l1-1-0.dll
0x000007fefe620000 - 0x000007fefe64e000 	C:\Windows\system32\IMM32.DLL
0x000007fefe130000 - 0x000007fefe239000 	C:\Windows\system32\MSCTF.dll
0x000007feeed80000 - 0x000007feeed8c000 	C:\opt\jdk-19\bin\vcruntime140_1.dll
0x000007feeecf0000 - 0x000007feeed7e000 	C:\opt\jdk-19\bin\msvcp140.dll
0x000007feeece0000 - 0x000007feeece3000 	C:\opt\jdk-19\bin\api-ms-win-crt-time-l1-1-0.dll
0x000007feeecd0000 - 0x000007feeecd3000 	C:\opt\jdk-19\bin\api-ms-win-crt-utility-l1-1-0.dll
0x000007feebf30000 - 0x000007feecbf0000 	C:\opt\jdk-19\bin\server\jvm.dll
0x000007fefe660000 - 0x000007fefe73b000 	C:\Windows\system32\ADVAPI32.dll
0x000007feff840000 - 0x000007feff85f000 	C:\Windows\SYSTEM32\sechost.dll
0x000007fefe000000 - 0x000007fefe12d000 	C:\Windows\system32\RPCRT4.dll
0x000007fefaac0000 - 0x000007fefaac9000 	C:\Windows\system32\WSOCK32.dll
0x000007fefe3f0000 - 0x000007fefe43d000 	C:\Windows\system32\WS2_32.dll
0x000007feff790000 - 0x000007feff798000 	C:\Windows\system32\NSI.dll
0x000007fefa1f0000 - 0x000007fefa22b000 	C:\Windows\system32\WINMM.dll
0x000007fefcfc0000 - 0x000007fefcfcc000 	C:\Windows\system32\VERSION.dll
0x000007feeecc0000 - 0x000007feeecca000 	C:\opt\jdk-19\bin\jimage.dll
0x000007fef5650000 - 0x000007fef5775000 	C:\Windows\system32\DBGHELP.DLL
0x000007fef7f70000 - 0x000007fef7f7e000 	C:\opt\jdk-19\bin\instrument.dll
0x000007feeec90000 - 0x000007feeecb6000 	C:\opt\jdk-19\bin\java.dll
0x000007feeebb0000 - 0x000007feeec87000 	C:\opt\jdk-19\bin\jsvml.dll
0x000007fefea00000 - 0x000007feff788000 	C:\Windows\system32\SHELL32.dll
0x000007fefdba0000 - 0x000007fefdda3000 	C:\Windows\system32\ole32.dll
0x000007fefd690000 - 0x000007fefd69f000 	C:\Windows\system32\profapi.dll
0x000007feeeb50000 - 0x000007feeeb68000 	C:\opt\jdk-19\bin\zip.dll
0x000007feeeb90000 - 0x000007feeeba3000 	C:\opt\jdk-19\bin\net.dll
0x000007fefa060000 - 0x000007fefa0d1000 	C:\Windows\system32\WINHTTP.dll
0x000007fef9ff0000 - 0x000007fefa054000 	C:\Windows\system32\webio.dll
0x000007fefcc00000 - 0x000007fefcc55000 	C:\Windows\system32\mswsock.dll
0x000007fefcfd0000 - 0x000007fefcfd7000 	C:\Windows\System32\wshtcpip.dll
0x000007fefcbf0000 - 0x000007fefcbf7000 	C:\Windows\System32\wship6.dll
0x000007feeeb70000 - 0x000007feeeb86000 	C:\opt\jdk-19\bin\nio.dll
0x000007fef3270000 - 0x000007fef328a000 	C:\opt\intelliJ\bin\breakgen64.dll
0x000007feeeb40000 - 0x000007feeeb48000 	C:\opt\jdk-19\bin\extnet.dll
0x0000000069ac0000 - 0x0000000069ae4000 	C:\temp\jansi-2.4.0-a9020a167bfa8edf-jansi.dll
0x000007feeeb10000 - 0x000007feeeb20000 	C:\opt\jdk-19\bin\verify.dll

dbghelp: loaded successfully - version: 4.0.5 - missing functions: none
symbol engine: initialized successfully - sym options: 0x614 - pdb path: .;C:\opt\jdk-19\bin;C:\Windows\SYSTEM32;C:\Windows\WinSxS\amd64_microsoft.windows.common-controls_6595b64144ccf1df_6.0.7601.17514_none_fa396087175ac9ac;C:\opt\jdk-19\bin\server;C:\opt\intelliJ\bin;C:\temp

VM Arguments:
jvm_args: -Dmaven.multiModuleProjectDirectory=E:\CLion\CLionProjects\xxx\J\echo -Dmaven.home=C:\Users\John\.m2\wrapper\dists\apache-maven-3.9.4-bin\2vqnav6ufo1qvo5j2um40861m\apache-maven-3.9.4 -Dclassworlds.conf=C:\Users\John\.m2\wrapper\dists\apache-maven-3.9.4-bin\2vqnav6ufo1qvo5j2um40861m\apache-maven-3.9.4\bin\m2.conf -Dmaven.ext.class.path=C:\opt\intelliJ\plugins\maven\lib\maven-event-listener.jar -javaagent:C:\opt\intelliJ\lib\idea_rt.jar=50708:C:\opt\intelliJ\bin -Dfile.encoding=UTF-8 
java_command: org.codehaus.classworlds.Launcher -Didea.version=2022.1 clean validate compile test package
java_class_path (initial): C:\Users\John\.m2\wrapper\dists\apache-maven-3.9.4-bin\2vqnav6ufo1qvo5j2um40861m\apache-maven-3.9.4\boot\plexus-classworlds-2.7.0.jar;C:\Users\John\.m2\wrapper\dists\apache-maven-3.9.4-bin\2vqnav6ufo1qvo5j2um40861m\apache-maven-3.9.4\boot\plexus-classworlds.license
Launcher Type: SUN_STANDARD

[Global flags]
     intx CICompilerCount                          = 3                                         {product} {ergonomic}
     uint ConcGCThreads                            = 1                                         {product} {ergonomic}
     uint G1ConcRefinementThreads                  = 4                                         {product} {ergonomic}
   size_t G1HeapRegionSize                         = 1048576                                   {product} {ergonomic}
    uintx GCDrainStackTargetSize                   = 64                                        {product} {ergonomic}
   size_t InitialHeapSize                          = 134217728                                 {product} {ergonomic}
   size_t MarkStackSize                            = 4194304                                   {product} {ergonomic}
   size_t MaxHeapSize                              = 2134900736                                {product} {ergonomic}
   size_t MaxNewSize                               = 1280311296                                {product} {ergonomic}
   size_t MinHeapDeltaBytes                        = 1048576                                   {product} {ergonomic}
   size_t MinHeapSize                              = 8388608                                   {product} {ergonomic}
    uintx NonNMethodCodeHeapSize                   = 5832780                                {pd product} {ergonomic}
    uintx NonProfiledCodeHeapSize                  = 122912730                              {pd product} {ergonomic}
    uintx ProfiledCodeHeapSize                     = 122912730                              {pd product} {ergonomic}
    uintx ReservedCodeCacheSize                    = 251658240                              {pd product} {ergonomic}
     bool SegmentedCodeCache                       = true                                      {product} {ergonomic}
   size_t SoftMaxHeapSize                          = 2134900736                             {manageable} {ergonomic}
     bool UseCompressedClassPointers               = true                           {product lp64_product} {ergonomic}
     bool UseCompressedOops                        = true                           {product lp64_product} {ergonomic}
     bool UseG1GC                                  = true                                      {product} {ergonomic}
     bool UseLargePagesIndividualAllocation        = false                                  {pd product} {ergonomic}

Logging:
Log output configuration:
 #0: stdout all=warning uptime,level,tags foldmultilines=false
 #1: stderr all=off uptime,level,tags foldmultilines=false

Environment Variables:
JAVA_HOME=C:\opt\jdk-19
PATH=C:\Program Files (x86)\Common Files\Oracle\Java\javapath;C:\opt\jdk-18\bin;C:\Windows\system32;C:\Windows;C:\Windows\System32\Wbem;C:\Windows\System32\WindowsPowerShell\v1.0\;C:\ATI\ATI.ACE\Core-Static;C:\Program Files (x86)\AMD\ATI.ACE\Core-Static;C:\AMD\ATI.ACE\Core-Static;C:\opt\Git\cmd;C:\opt\MatLab\bin;E:\CLion\CLion-2023.2.win\bin;
USERNAME=John
OS=Windows_NT
PROCESSOR_IDENTIFIER=AMD64 Family 23 Model 8 Stepping 2, AuthenticAMD
TMP=c:\temp
TEMP=c:\temp



---------------  S Y S T E M  ---------------

OS:
 Windows 7 , 64 bit Build 7601 (6.1.7601.17514)
OS uptime: 0 days 5:17 hours

CPU: total 4 (initial active 4) (4 cores per cpu, 1 threads per core) family 23 model 8 stepping 2 microcode 0x0, cx8, cmov, fxsr, mmx, 3dnowpref, sse, sse2, sse3, ssse3, sse4a, sse4.1, sse4.2, popcnt, lzcnt, tsc, tscinvbit, avx, avx2, aes, clmul, bmi1, bmi2, adx, sha, fma, vzeroupper, clflush, clflushopt, rdtscp

Memory: 4k page, system-wide physical 8136M (1526M free)
TotalPageFile size 8134M (AvailPageFile size 98M)
current process WorkingSet (physical memory assigned to process): 229M, peak: 247M
current process commit charge ("private bytes"): 284M, peak: 455M

vm_info: OpenJDK 64-Bit Server VM (19.0.1+10-21) for windows-amd64 JRE (19.0.1+10-21), built on 2022-09-14T12:45:06Z by "mach5one" with MS VC++ 17.1 (VS2022)

END.
