#
# There is insufficient memory for the Java Runtime Environment to continue.
# Native memory allocation (malloc) failed to allocate 32744 bytes for Chunk::new
# Possible reasons:
#   The system is out of physical RAM or swap space
#   The process is running with CompressedOops enabled, and the Java Heap may be blocking the growth of the native heap
# Possible solutions:
#   Reduce memory load on the system
#   Increase physical memory or swap space
#   Check if swap backing store is full
#   Decrease Java heap size (-Xmx/-Xms)
#   Decrease number of Java threads
#   Decrease Java thread stack sizes (-Xss)
#   Set larger code cache with -XX:ReservedCodeCacheSize=
#   JVM is running with Unscaled Compressed Oops mode in which the Java heap is
#     placed in the first 4GB address space. The Java Heap base address is the
#     maximum limit for the native heap growth. Please use -XX:HeapBaseMinAddress
#     to set the Java Heap base and to place the Java Heap above 4GB virtual address.
# This output file may be truncated or incomplete.
#
#  Out of Memory Error (arena.cpp:184), pid=3784, tid=4912
#
# JRE version: OpenJDK Runtime Environment (19.0.1+10) (build 19.0.1+10-21)
# Java VM: OpenJDK 64-Bit Server VM (19.0.1+10-21, mixed mode, sharing, tiered, compressed oops, compressed class ptrs, g1 gc, windows-amd64)
# No core dump will be written. Minidumps are not enabled by default on client versions of Windows
#

---------------  S U M M A R Y ------------

Command Line: -Dmaven.multiModuleProjectDirectory=E:\CLion\CLionProjects\xxx\J\echo -Dmaven.home=C:\Users\John\.m2\wrapper\dists\apache-maven-3.9.4-bin\2vqnav6ufo1qvo5j2um40861m\apache-maven-3.9.4 -Dclassworlds.conf=C:\Users\John\.m2\wrapper\dists\apache-maven-3.9.4-bin\2vqnav6ufo1qvo5j2um40861m\apache-maven-3.9.4\bin\m2.conf -Dmaven.ext.class.path=C:\opt\intelliJ\plugins\maven\lib\maven-event-listener.jar -javaagent:C:\opt\intelliJ\lib\idea_rt.jar=50712:C:\opt\intelliJ\bin -Dfile.encoding=UTF-8 org.codehaus.classworlds.Launcher -Didea.version=2022.1 clean validate compile test package

Host: AMD Ryzen 3 1200 Quad-Core Processor           , 4 cores, 7G,  Windows 7 , 64 bit Build 7601 (6.1.7601.17514)
Time: Mon Aug 21 23:27:35 2023 Central European Daylight Time elapsed time: 13.258649 seconds (0d 0h 0m 13s)

---------------  T H R E A D  ---------------

Current thread (0x00000000284faa00):  JavaThread "C2 CompilerThread1" daemon [_thread_in_native, id=4912, stack(0x00000000279b0000,0x0000000027ab0000)]


Current CompileTask:
C2:  13258 6629   !   4       java.lang.ClassLoader::loadClass (121 bytes)

Stack: [0x00000000279b0000,0x0000000027ab0000]
Native frames: (J=compiled Java code, j=interpreted, Vv=VM code, C=native code)
V  [jvm.dll+0x6ee8fa]
V  [jvm.dll+0x857a1e]
V  [jvm.dll+0x85940e]
V  [jvm.dll+0x859ac3]
V  [jvm.dll+0x28291f]
V  [jvm.dll+0xc9b5f]
V  [jvm.dll+0xc9ee5]
V  [jvm.dll+0x3c1db8]
V  [jvm.dll+0x5d1fd8]
V  [jvm.dll+0x5d1065]
V  [jvm.dll+0x5d1bfb]
V  [jvm.dll+0x386230]
V  [jvm.dll+0x38567a]
V  [jvm.dll+0x24c2c9]
V  [jvm.dll+0x24b671]
V  [jvm.dll+0x1d6d61]
V  [jvm.dll+0x25b0fa]
V  [jvm.dll+0x259588]
V  [jvm.dll+0x807928]
V  [jvm.dll+0x8015fa]
V  [jvm.dll+0x6ed5eb]
C  [ucrtbase.DLL+0x214c2]
C  [kernel32.dll+0x1652d]
C  [ntdll.dll+0x2c521]


---------------  P R O C E S S  ---------------

Threads class SMR info:
_java_thread_list=0x0000000029a304e0, length=20, elements={
0x00000000004cead0, 0x0000000021530fa0, 0x0000000021531d20, 0x0000000021536c20,
0x000000002153e270, 0x000000002153f130, 0x000000002153f680, 0x0000000021554370,
0x0000000021555240, 0x000000002153fbd0, 0x0000000021540120, 0x0000000021540670,
0x0000000021540bc0, 0x00000000284faa00, 0x0000000021541bb0, 0x0000000021541660,
0x0000000021542100, 0x0000000021542650, 0x0000000021542ba0, 0x00000000215430f0
}

Java Threads: ( => current thread )
  0x00000000004cead0 JavaThread "main" [_thread_in_native, id=4012, stack(0x00000000023a0000,0x00000000024a0000)]
  0x0000000021530fa0 JavaThread "Reference Handler" daemon [_thread_blocked, id=2536, stack(0x0000000025900000,0x0000000025a00000)]
  0x0000000021531d20 JavaThread "Finalizer" daemon [_thread_blocked, id=2584, stack(0x0000000025af0000,0x0000000025bf0000)]
  0x0000000021536c20 JavaThread "Signal Dispatcher" daemon [_thread_blocked, id=4704, stack(0x0000000025ca0000,0x0000000025da0000)]
  0x000000002153e270 JavaThread "Attach Listener" daemon [_thread_blocked, id=5816, stack(0x0000000025e70000,0x0000000025f70000)]
  0x000000002153f130 JavaThread "Service Thread" daemon [_thread_blocked, id=4552, stack(0x00000000260f0000,0x00000000261f0000)]
  0x000000002153f680 JavaThread "Monitor Deflation Thread" daemon [_thread_blocked, id=168, stack(0x00000000262e0000,0x00000000263e0000)]
  0x0000000021554370 JavaThread "C2 CompilerThread0" daemon [_thread_in_native, id=1552, stack(0x0000000025f80000,0x0000000026080000)]
  0x0000000021555240 JavaThread "C1 CompilerThread0" daemon [_thread_in_native, id=2876, stack(0x0000000026530000,0x0000000026630000)]
  0x000000002153fbd0 JavaThread "Sweeper thread" daemon [_thread_blocked, id=4880, stack(0x0000000026760000,0x0000000026860000)]
  0x0000000021540120 JavaThread "Common-Cleaner" daemon [_thread_blocked, id=1972, stack(0x0000000026ce0000,0x0000000026de0000)]
  0x0000000021540670 JavaThread "Monitor Ctrl-Break" daemon [_thread_in_native, id=3972, stack(0x0000000026e30000,0x0000000026f30000)]
  0x0000000021540bc0 JavaThread "Notification Thread" daemon [_thread_blocked, id=5236, stack(0x0000000026640000,0x0000000026740000)]
=>0x00000000284faa00 JavaThread "C2 CompilerThread1" daemon [_thread_in_native, id=4912, stack(0x00000000279b0000,0x0000000027ab0000)]
  0x0000000021541bb0 JavaThread "timeout-check-timer" daemon [_thread_blocked, id=3736, stack(0x000000002b350000,0x000000002b450000)]
  0x0000000021541660 JavaThread "ping-timer-10s" daemon [_thread_blocked, id=4680, stack(0x000000002b470000,0x000000002b570000)]
  0x0000000021542100 JavaThread "ThreadedStreamConsumer" daemon [_thread_blocked, id=3720, stack(0x000000002b5b0000,0x000000002b6b0000)]
  0x0000000021542650 JavaThread "fork-1-err-thread" daemon [_thread_in_native, id=4860, stack(0x000000002b210000,0x000000002b310000)]
  0x0000000021542ba0 JavaThread "commands-fork-1" daemon [_thread_blocked, id=5652, stack(0x0000000027ac0000,0x0000000027bc0000)]
  0x00000000215430f0 JavaThread "fork-1-event-thread" daemon [_thread_in_vm, id=5240, stack(0x000000002b7a0000,0x000000002b8a0000)]

Other Threads:
  0x000000001e8be1b0 VMThread "VM Thread" [stack: 0x00000000216b0000,0x00000000217b0000] [id=3808]
  0x00000000004cf610 WatcherThread "VM Periodic Task Thread" [stack: 0x0000000027010000,0x0000000027110000] [id=4428]
  0x0000000000530230 WorkerThread "GC Thread#0" [stack: 0x000000001e930000,0x000000001ea30000] [id=672]
  0x00000000274f0680 WorkerThread "GC Thread#1" [stack: 0x0000000027c10000,0x0000000027d10000] [id=2812]
  0x00000000275b9fb0 WorkerThread "GC Thread#2" [stack: 0x0000000026430000,0x0000000026530000] [id=5988]
  0x00000000272bce20 WorkerThread "GC Thread#3" [stack: 0x0000000027df0000,0x0000000027ef0000] [id=5232]
  0x000000001e7c4030 ConcurrentGCThread "G1 Main Marker" [stack: 0x000000001eac0000,0x000000001ebc0000] [id=1156]
  0x000000000053f720 WorkerThread "G1 Conc#0" [stack: 0x000000001ed40000,0x000000001ee40000] [id=5600]
  0x000000001e8548a0 ConcurrentGCThread "G1 Refine#0" [stack: 0x0000000021340000,0x0000000021440000] [id=3488]
  0x000000001e8562f0 ConcurrentGCThread "G1 Service" [stack: 0x00000000211c0000,0x00000000212c0000] [id=4044]

Threads with active compile tasks:
C2 CompilerThread0    13285 6622       4       org.codehaus.plexus.classworlds.realm.ClassRealm::loadClass (7 bytes)
C1 CompilerThread0    13285 6637       3       java.util.Locale::hashCode (41 bytes)
C2 CompilerThread1    13285 6629   !   4       java.lang.ClassLoader::loadClass (121 bytes)

VM state: not at safepoint (normal execution)

VM Mutex/Monitor currently owned by a thread: None

OutOfMemory and StackOverflow Exception counts:
OutOfMemoryError java_heap_errors=1
LinkageErrors=52

Heap address: 0x0000000080c00000, size: 2036 MB, Compressed Oops mode: 32-bit

CDS archive(s) mapped at: [0x0000000800000000-0x0000000800c30000-0x0000000800c30000), size 12779520, SharedBaseAddress: 0x0000000800000000, ArchiveRelocationMode: 0.
Compressed class space mapped at: 0x0000000801000000-0x0000000841000000, reserved size: 1073741824
Narrow klass base: 0x0000000800000000, Narrow klass shift: 0, Narrow klass range: 0x100000000

GC Precious Log:
 CardTable entry size: 512
 Card Set container configuration: InlinePtr #cards 5 size 8 Array Of Cards #cards 12 size 40 Howl #buckets 4 coarsen threshold 1843 Howl Bitmap #cards 512 size 80 coarsen threshold 460 Card regions per heap region 1 cards per card region 2048
 CPUs: 4 total, 4 available
 Memory: 8136M
 Large Page Support: Disabled
 NUMA Support: Disabled
 Compressed Oops: Enabled (32-bit)
 Heap Region Size: 1M
 Heap Min Capacity: 8M
 Heap Initial Capacity: 128M
 Heap Max Capacity: 2036M
 Pre-touch: Disabled
 Parallel Workers: 4
 Concurrent Workers: 1
 Concurrent Refinement Workers: 4
 Periodic GC: Disabled

Heap:
 garbage-first heap   total 175104K, used 73123K [0x0000000080c00000, 0x0000000100000000)
  region size 1024K, 40 young (40960K), 5 survivors (5120K)
 Metaspace       used 33477K, committed 33920K, reserved 1114112K
  class space    used 3674K, committed 3904K, reserved 1048576K

Heap Regions: E=young(eden), S=young(survivor), O=old, HS=humongous(starts), HC=humongous(continues), CS=collection set, F=free, OA=open archive, CA=closed archive, TAMS=top-at-mark-start (previous, next)
|   0|0x0000000080c00000, 0x0000000080d00000, 0x0000000080d00000|100%| O|  |TAMS 0x0000000080d00000, 0x0000000080d00000| Untracked 
|   1|0x0000000080d00000, 0x0000000080e00000, 0x0000000080e00000|100%| O|  |TAMS 0x0000000080e00000, 0x0000000080e00000| Untracked 
|   2|0x0000000080e00000, 0x0000000080f00000, 0x0000000080f00000|100%| O|  |TAMS 0x0000000080f00000, 0x0000000080f00000| Untracked 
|   3|0x0000000080f00000, 0x0000000080f00000, 0x0000000081000000|  0%| F|  |TAMS 0x0000000080f00000, 0x0000000080f00000| Untracked 
|   4|0x0000000081000000, 0x0000000081100000, 0x0000000081100000|100%|HS|  |TAMS 0x0000000081100000, 0x0000000081100000| Complete 
|   5|0x0000000081100000, 0x0000000081200000, 0x0000000081200000|100%|HC|  |TAMS 0x0000000081200000, 0x0000000081200000| Complete 
|   6|0x0000000081200000, 0x0000000081300000, 0x0000000081300000|100%| O|  |TAMS 0x0000000081300000, 0x0000000081300000| Untracked 
|   7|0x0000000081300000, 0x0000000081400000, 0x0000000081400000|100%| O|  |TAMS 0x0000000081400000, 0x0000000081400000| Untracked 
|   8|0x0000000081400000, 0x0000000081500000, 0x0000000081500000|100%| O|  |TAMS 0x0000000081500000, 0x0000000081500000| Untracked 
|   9|0x0000000081500000, 0x0000000081600000, 0x0000000081600000|100%| O|  |TAMS 0x0000000081600000, 0x0000000081600000| Untracked 
|  10|0x0000000081600000, 0x0000000081700000, 0x0000000081700000|100%| O|  |TAMS 0x0000000081700000, 0x0000000081700000| Untracked 
|  11|0x0000000081700000, 0x0000000081800000, 0x0000000081800000|100%| O|  |TAMS 0x0000000081800000, 0x0000000081800000| Untracked 
|  12|0x0000000081800000, 0x0000000081900000, 0x0000000081900000|100%| O|  |TAMS 0x00000000818fa200, 0x0000000081900000| Untracked 
|  13|0x0000000081900000, 0x0000000081a00000, 0x0000000081a00000|100%|HS|  |TAMS 0x0000000081a00000, 0x0000000081a00000| Complete 
|  14|0x0000000081a00000, 0x0000000081b00000, 0x0000000081b00000|100%|HC|  |TAMS 0x0000000081b00000, 0x0000000081b00000| Complete 
|  15|0x0000000081b00000, 0x0000000081c00000, 0x0000000081c00000|100%| O|  |TAMS 0x0000000081b00000, 0x0000000081c00000| Untracked 
|  16|0x0000000081c00000, 0x0000000081d00000, 0x0000000081d00000|100%| O|  |TAMS 0x0000000081c00000, 0x0000000081d00000| Untracked 
|  17|0x0000000081d00000, 0x0000000081e00000, 0x0000000081e00000|100%| O|  |TAMS 0x0000000081d00000, 0x0000000081e00000| Untracked 
|  18|0x0000000081e00000, 0x0000000081f00000, 0x0000000081f00000|100%| O|  |TAMS 0x0000000081e00000, 0x0000000081f00000| Untracked 
|  19|0x0000000081f00000, 0x0000000082000000, 0x0000000082000000|100%| O|  |TAMS 0x0000000081f00000, 0x0000000082000000| Untracked 
|  20|0x0000000082000000, 0x0000000082100000, 0x0000000082100000|100%| O|  |TAMS 0x0000000082000000, 0x0000000082100000| Untracked 
|  21|0x0000000082100000, 0x0000000082200000, 0x0000000082200000|100%| O|  |TAMS 0x0000000082100000, 0x0000000082200000| Untracked 
|  22|0x0000000082200000, 0x0000000082300000, 0x0000000082300000|100%| O|  |TAMS 0x0000000082200000, 0x0000000082300000| Untracked 
|  23|0x0000000082300000, 0x0000000082400000, 0x0000000082400000|100%| O|  |TAMS 0x0000000082300000, 0x0000000082400000| Untracked 
|  24|0x0000000082400000, 0x0000000082500000, 0x0000000082500000|100%| O|  |TAMS 0x0000000082400000, 0x0000000082500000| Untracked 
|  25|0x0000000082500000, 0x0000000082600000, 0x0000000082600000|100%| O|  |TAMS 0x0000000082500000, 0x0000000082600000| Untracked 
|  26|0x0000000082600000, 0x0000000082700000, 0x0000000082700000|100%|HS|  |TAMS 0x0000000082600000, 0x0000000082600000| Complete 
|  27|0x0000000082700000, 0x0000000082800000, 0x0000000082800000|100%|HC|  |TAMS 0x0000000082700000, 0x0000000082700000| Complete 
|  28|0x0000000082800000, 0x0000000082800000, 0x0000000082900000|  0%| F|  |TAMS 0x0000000082800000, 0x0000000082800000| Untracked 
|  29|0x0000000082900000, 0x0000000082900000, 0x0000000082a00000|  0%| F|  |TAMS 0x0000000082900000, 0x0000000082900000| Untracked 
|  30|0x0000000082a00000, 0x0000000082a00000, 0x0000000082b00000|  0%| F|  |TAMS 0x0000000082a00000, 0x0000000082a00000| Untracked 
|  31|0x0000000082b00000, 0x0000000082b00000, 0x0000000082c00000|  0%| F|  |TAMS 0x0000000082b00000, 0x0000000082b00000| Untracked 
|  32|0x0000000082c00000, 0x0000000082d00000, 0x0000000082d00000|100%| O|  |TAMS 0x0000000082c00000, 0x0000000082d00000| Untracked 
|  33|0x0000000082d00000, 0x0000000082e00000, 0x0000000082e00000|100%| O|  |TAMS 0x0000000082d00000, 0x0000000082e00000| Untracked 
|  34|0x0000000082e00000, 0x0000000082f00000, 0x0000000082f00000|100%| O|  |TAMS 0x0000000082e00000, 0x0000000082f00000| Untracked 
|  35|0x0000000082f00000, 0x0000000083000000, 0x0000000083000000|100%| O|  |TAMS 0x0000000082f00000, 0x0000000083000000| Untracked 
|  36|0x0000000083000000, 0x0000000083100000, 0x0000000083100000|100%| O|  |TAMS 0x0000000083000000, 0x0000000083100000| Untracked 
|  37|0x0000000083100000, 0x0000000083200000, 0x0000000083200000|100%| O|  |TAMS 0x0000000083100000, 0x0000000083200000| Untracked 
|  38|0x0000000083200000, 0x0000000083200000, 0x0000000083300000|  0%| F|  |TAMS 0x0000000083200000, 0x0000000083200000| Untracked 
|  39|0x0000000083300000, 0x0000000083300000, 0x0000000083400000|  0%| F|  |TAMS 0x0000000083300000, 0x0000000083300000| Untracked 
|  40|0x0000000083400000, 0x0000000083400000, 0x0000000083500000|  0%| F|  |TAMS 0x0000000083400000, 0x0000000083400000| Untracked 
|  41|0x0000000083500000, 0x0000000083500000, 0x0000000083600000|  0%| F|  |TAMS 0x0000000083500000, 0x0000000083500000| Untracked 
|  42|0x0000000083600000, 0x0000000083600000, 0x0000000083700000|  0%| F|  |TAMS 0x0000000083600000, 0x0000000083600000| Untracked 
|  43|0x0000000083700000, 0x0000000083700000, 0x0000000083800000|  0%| F|  |TAMS 0x0000000083700000, 0x0000000083700000| Untracked 
|  44|0x0000000083800000, 0x0000000083800000, 0x0000000083900000|  0%| F|  |TAMS 0x0000000083800000, 0x0000000083800000| Untracked 
|  45|0x0000000083900000, 0x0000000083900000, 0x0000000083a00000|  0%| F|  |TAMS 0x0000000083900000, 0x0000000083900000| Untracked 
|  46|0x0000000083a00000, 0x0000000083a00000, 0x0000000083b00000|  0%| F|  |TAMS 0x0000000083a00000, 0x0000000083a00000| Untracked 
|  47|0x0000000083b00000, 0x0000000083b00000, 0x0000000083c00000|  0%| F|  |TAMS 0x0000000083b00000, 0x0000000083b00000| Untracked 
|  48|0x0000000083c00000, 0x0000000083c00000, 0x0000000083d00000|  0%| F|  |TAMS 0x0000000083c00000, 0x0000000083c00000| Untracked 
|  49|0x0000000083d00000, 0x0000000083d00000, 0x0000000083e00000|  0%| F|  |TAMS 0x0000000083d00000, 0x0000000083d00000| Untracked 
|  50|0x0000000083e00000, 0x0000000083e00000, 0x0000000083f00000|  0%| F|  |TAMS 0x0000000083e00000, 0x0000000083e00000| Untracked 
|  51|0x0000000083f00000, 0x0000000083f00000, 0x0000000084000000|  0%| F|  |TAMS 0x0000000083f00000, 0x0000000083f00000| Untracked 
|  52|0x0000000084000000, 0x0000000084000000, 0x0000000084100000|  0%| F|  |TAMS 0x0000000084000000, 0x0000000084000000| Untracked 
|  53|0x0000000084100000, 0x0000000084100000, 0x0000000084200000|  0%| F|  |TAMS 0x0000000084100000, 0x0000000084100000| Untracked 
|  54|0x0000000084200000, 0x0000000084200000, 0x0000000084300000|  0%| F|  |TAMS 0x0000000084200000, 0x0000000084200000| Untracked 
|  55|0x0000000084300000, 0x0000000084300000, 0x0000000084400000|  0%| F|  |TAMS 0x0000000084300000, 0x0000000084300000| Untracked 
|  56|0x0000000084400000, 0x0000000084400000, 0x0000000084500000|  0%| F|  |TAMS 0x0000000084400000, 0x0000000084400000| Untracked 
|  57|0x0000000084500000, 0x0000000084500000, 0x0000000084600000|  0%| F|  |TAMS 0x0000000084500000, 0x0000000084500000| Untracked 
|  58|0x0000000084600000, 0x0000000084600000, 0x0000000084700000|  0%| F|  |TAMS 0x0000000084600000, 0x0000000084600000| Untracked 
|  59|0x0000000084700000, 0x0000000084700000, 0x0000000084800000|  0%| F|  |TAMS 0x0000000084700000, 0x0000000084700000| Untracked 
|  60|0x0000000084800000, 0x0000000084800000, 0x0000000084900000|  0%| F|  |TAMS 0x0000000084800000, 0x0000000084800000| Untracked 
|  61|0x0000000084900000, 0x0000000084900000, 0x0000000084a00000|  0%| F|  |TAMS 0x0000000084900000, 0x0000000084900000| Untracked 
|  62|0x0000000084a00000, 0x0000000084a00000, 0x0000000084b00000|  0%| F|  |TAMS 0x0000000084a00000, 0x0000000084a00000| Untracked 
|  63|0x0000000084b00000, 0x0000000084b00000, 0x0000000084c00000|  0%| F|  |TAMS 0x0000000084b00000, 0x0000000084b00000| Untracked 
|  64|0x0000000084c00000, 0x0000000084c00000, 0x0000000084d00000|  0%| F|  |TAMS 0x0000000084c00000, 0x0000000084c00000| Untracked 
|  65|0x0000000084d00000, 0x0000000084d00000, 0x0000000084e00000|  0%| F|  |TAMS 0x0000000084d00000, 0x0000000084d00000| Untracked 
|  66|0x0000000084e00000, 0x0000000084e00000, 0x0000000084f00000|  0%| F|  |TAMS 0x0000000084e00000, 0x0000000084e00000| Untracked 
|  67|0x0000000084f00000, 0x0000000084f00000, 0x0000000085000000|  0%| F|  |TAMS 0x0000000084f00000, 0x0000000084f00000| Untracked 
|  68|0x0000000085000000, 0x0000000085000000, 0x0000000085100000|  0%| F|  |TAMS 0x0000000085000000, 0x0000000085000000| Untracked 
|  69|0x0000000085100000, 0x0000000085100000, 0x0000000085200000|  0%| F|  |TAMS 0x0000000085100000, 0x0000000085100000| Untracked 
|  70|0x0000000085200000, 0x0000000085200000, 0x0000000085300000|  0%| F|  |TAMS 0x0000000085200000, 0x0000000085200000| Untracked 
|  71|0x0000000085300000, 0x0000000085300000, 0x0000000085400000|  0%| F|  |TAMS 0x0000000085300000, 0x0000000085300000| Untracked 
|  72|0x0000000085400000, 0x0000000085400000, 0x0000000085500000|  0%| F|  |TAMS 0x0000000085400000, 0x0000000085400000| Untracked 
|  73|0x0000000085500000, 0x0000000085500000, 0x0000000085600000|  0%| F|  |TAMS 0x0000000085500000, 0x0000000085500000| Untracked 
|  74|0x0000000085600000, 0x0000000085600000, 0x0000000085700000|  0%| F|  |TAMS 0x0000000085600000, 0x0000000085600000| Untracked 
|  75|0x0000000085700000, 0x0000000085700000, 0x0000000085800000|  0%| F|  |TAMS 0x0000000085700000, 0x0000000085700000| Untracked 
|  76|0x0000000085800000, 0x0000000085800000, 0x0000000085900000|  0%| F|  |TAMS 0x0000000085800000, 0x0000000085800000| Untracked 
|  77|0x0000000085900000, 0x0000000085900000, 0x0000000085a00000|  0%| F|  |TAMS 0x0000000085900000, 0x0000000085900000| Untracked 
|  78|0x0000000085a00000, 0x0000000085a00000, 0x0000000085b00000|  0%| F|  |TAMS 0x0000000085a00000, 0x0000000085a00000| Untracked 
|  79|0x0000000085b00000, 0x0000000085b00000, 0x0000000085c00000|  0%| F|  |TAMS 0x0000000085b00000, 0x0000000085b00000| Untracked 
|  80|0x0000000085c00000, 0x0000000085c00000, 0x0000000085d00000|  0%| F|  |TAMS 0x0000000085c00000, 0x0000000085c00000| Untracked 
|  81|0x0000000085d00000, 0x0000000085d00000, 0x0000000085e00000|  0%| F|  |TAMS 0x0000000085d00000, 0x0000000085d00000| Untracked 
|  82|0x0000000085e00000, 0x0000000085e00000, 0x0000000085f00000|  0%| F|  |TAMS 0x0000000085e00000, 0x0000000085e00000| Untracked 
|  83|0x0000000085f00000, 0x0000000085f00000, 0x0000000086000000|  0%| F|  |TAMS 0x0000000085f00000, 0x0000000085f00000| Untracked 
|  84|0x0000000086000000, 0x0000000086000000, 0x0000000086100000|  0%| F|  |TAMS 0x0000000086000000, 0x0000000086000000| Untracked 
|  85|0x0000000086100000, 0x0000000086100000, 0x0000000086200000|  0%| F|  |TAMS 0x0000000086100000, 0x0000000086100000| Untracked 
|  86|0x0000000086200000, 0x0000000086200000, 0x0000000086300000|  0%| F|  |TAMS 0x0000000086200000, 0x0000000086200000| Untracked 
|  87|0x0000000086300000, 0x0000000086300000, 0x0000000086400000|  0%| F|  |TAMS 0x0000000086300000, 0x0000000086300000| Untracked 
|  88|0x0000000086400000, 0x0000000086400000, 0x0000000086500000|  0%| F|  |TAMS 0x0000000086400000, 0x0000000086400000| Untracked 
|  89|0x0000000086500000, 0x0000000086500000, 0x0000000086600000|  0%| F|  |TAMS 0x0000000086500000, 0x0000000086500000| Untracked 
|  90|0x0000000086600000, 0x0000000086600000, 0x0000000086700000|  0%| F|  |TAMS 0x0000000086600000, 0x0000000086600000| Untracked 
|  91|0x0000000086700000, 0x0000000086700000, 0x0000000086800000|  0%| F|  |TAMS 0x0000000086700000, 0x0000000086700000| Untracked 
|  92|0x0000000086800000, 0x0000000086800000, 0x0000000086900000|  0%| F|  |TAMS 0x0000000086800000, 0x0000000086800000| Untracked 
|  93|0x0000000086900000, 0x0000000086900000, 0x0000000086a00000|  0%| F|  |TAMS 0x0000000086900000, 0x0000000086900000| Untracked 
|  94|0x0000000086a00000, 0x0000000086a00000, 0x0000000086b00000|  0%| F|  |TAMS 0x0000000086a00000, 0x0000000086a00000| Untracked 
|  95|0x0000000086b00000, 0x0000000086b00000, 0x0000000086c00000|  0%| F|  |TAMS 0x0000000086b00000, 0x0000000086b00000| Untracked 
|  96|0x0000000086c00000, 0x0000000086c68ec0, 0x0000000086d00000| 40%| S|CS|TAMS 0x0000000086c00000, 0x0000000086c00000| Complete 
|  97|0x0000000086d00000, 0x0000000086e00000, 0x0000000086e00000|100%| S|CS|TAMS 0x0000000086d00000, 0x0000000086d00000| Complete 
|  98|0x0000000086e00000, 0x0000000086f00000, 0x0000000086f00000|100%| S|CS|TAMS 0x0000000086e00000, 0x0000000086e00000| Complete 
|  99|0x0000000086f00000, 0x0000000087000000, 0x0000000087000000|100%| S|CS|TAMS 0x0000000086f00000, 0x0000000086f00000| Complete 
| 100|0x0000000087000000, 0x0000000087100000, 0x0000000087100000|100%| S|CS|TAMS 0x0000000087000000, 0x0000000087000000| Complete 
| 101|0x0000000087100000, 0x0000000087100000, 0x0000000087200000|  0%| F|  |TAMS 0x0000000087100000, 0x0000000087100000| Untracked 
| 102|0x0000000087200000, 0x0000000087200000, 0x0000000087300000|  0%| F|  |TAMS 0x0000000087200000, 0x0000000087200000| Untracked 
| 103|0x0000000087300000, 0x0000000087300000, 0x0000000087400000|  0%| F|  |TAMS 0x0000000087300000, 0x0000000087300000| Untracked 
| 104|0x0000000087400000, 0x0000000087400000, 0x0000000087500000|  0%| F|  |TAMS 0x0000000087400000, 0x0000000087400000| Untracked 
| 105|0x0000000087500000, 0x0000000087500000, 0x0000000087600000|  0%| F|  |TAMS 0x0000000087500000, 0x0000000087500000| Untracked 
| 106|0x0000000087600000, 0x0000000087600000, 0x0000000087700000|  0%| F|  |TAMS 0x0000000087600000, 0x0000000087600000| Untracked 
| 107|0x0000000087700000, 0x0000000087700000, 0x0000000087800000|  0%| F|  |TAMS 0x0000000087700000, 0x0000000087700000| Untracked 
| 108|0x0000000087800000, 0x0000000087800000, 0x0000000087900000|  0%| F|  |TAMS 0x0000000087800000, 0x0000000087800000| Untracked 
| 109|0x0000000087900000, 0x0000000087900000, 0x0000000087a00000|  0%| F|  |TAMS 0x0000000087900000, 0x0000000087900000| Untracked 
| 110|0x0000000087a00000, 0x0000000087a00000, 0x0000000087b00000|  0%| F|  |TAMS 0x0000000087a00000, 0x0000000087a00000| Untracked 
| 111|0x0000000087b00000, 0x0000000087b00000, 0x0000000087c00000|  0%| F|  |TAMS 0x0000000087b00000, 0x0000000087b00000| Untracked 
| 112|0x0000000087c00000, 0x0000000087c00000, 0x0000000087d00000|  0%| F|  |TAMS 0x0000000087c00000, 0x0000000087c00000| Untracked 
| 113|0x0000000087d00000, 0x0000000087d00000, 0x0000000087e00000|  0%| F|  |TAMS 0x0000000087d00000, 0x0000000087d00000| Untracked 
| 114|0x0000000087e00000, 0x0000000087e00000, 0x0000000087f00000|  0%| F|  |TAMS 0x0000000087e00000, 0x0000000087e00000| Untracked 
| 115|0x0000000087f00000, 0x0000000087f00000, 0x0000000088000000|  0%| F|  |TAMS 0x0000000087f00000, 0x0000000087f00000| Untracked 
| 116|0x0000000088000000, 0x0000000088000000, 0x0000000088100000|  0%| F|  |TAMS 0x0000000088000000, 0x0000000088000000| Untracked 
| 117|0x0000000088100000, 0x0000000088100000, 0x0000000088200000|  0%| F|  |TAMS 0x0000000088100000, 0x0000000088100000| Untracked 
| 118|0x0000000088200000, 0x0000000088200000, 0x0000000088300000|  0%| F|  |TAMS 0x0000000088200000, 0x0000000088200000| Untracked 
| 119|0x0000000088300000, 0x0000000088300000, 0x0000000088400000|  0%| F|  |TAMS 0x0000000088300000, 0x0000000088300000| Untracked 
| 120|0x0000000088400000, 0x0000000088400000, 0x0000000088500000|  0%| F|  |TAMS 0x0000000088400000, 0x0000000088400000| Untracked 
| 121|0x0000000088500000, 0x0000000088500000, 0x0000000088600000|  0%| F|  |TAMS 0x0000000088500000, 0x0000000088500000| Untracked 
| 122|0x0000000088600000, 0x0000000088600000, 0x0000000088700000|  0%| F|  |TAMS 0x0000000088600000, 0x0000000088600000| Untracked 
| 123|0x0000000088700000, 0x0000000088700000, 0x0000000088800000|  0%| F|  |TAMS 0x0000000088700000, 0x0000000088700000| Untracked 
| 124|0x0000000088800000, 0x0000000088800000, 0x0000000088900000|  0%| F|  |TAMS 0x0000000088800000, 0x0000000088800000| Untracked 
| 125|0x0000000088900000, 0x0000000088900000, 0x0000000088a00000|  0%| F|  |TAMS 0x0000000088900000, 0x0000000088900000| Untracked 
| 126|0x0000000088a00000, 0x0000000088a00000, 0x0000000088b00000|  0%| F|  |TAMS 0x0000000088a00000, 0x0000000088a00000| Untracked 
| 127|0x0000000088b00000, 0x0000000088b00000, 0x0000000088c00000|  0%| F|  |TAMS 0x0000000088b00000, 0x0000000088b00000| Untracked 
| 128|0x0000000088c00000, 0x0000000088c00000, 0x0000000088d00000|  0%| F|  |TAMS 0x0000000088c00000, 0x0000000088c00000| Untracked 
| 129|0x0000000088d00000, 0x0000000088d00000, 0x0000000088e00000|  0%| F|  |TAMS 0x0000000088d00000, 0x0000000088d00000| Untracked 
| 130|0x0000000088e00000, 0x0000000088e00000, 0x0000000088f00000|  0%| F|  |TAMS 0x0000000088e00000, 0x0000000088e00000| Untracked 
| 131|0x0000000088f00000, 0x0000000088f00000, 0x0000000089000000|  0%| F|  |TAMS 0x0000000088f00000, 0x0000000088f00000| Untracked 
| 132|0x0000000089000000, 0x0000000089000000, 0x0000000089100000|  0%| F|  |TAMS 0x0000000089000000, 0x0000000089000000| Untracked 
| 133|0x0000000089100000, 0x0000000089100000, 0x0000000089200000|  0%| F|  |TAMS 0x0000000089100000, 0x0000000089100000| Untracked 
| 134|0x0000000089200000, 0x0000000089200000, 0x0000000089300000|  0%| F|  |TAMS 0x0000000089200000, 0x0000000089200000| Untracked 
| 135|0x0000000089300000, 0x0000000089300000, 0x0000000089400000|  0%| F|  |TAMS 0x0000000089300000, 0x0000000089300000| Untracked 
| 136|0x0000000089400000, 0x00000000894b8e40, 0x0000000089500000| 72%| E|  |TAMS 0x0000000089400000, 0x0000000089400000| Complete 
| 137|0x0000000089500000, 0x0000000089600000, 0x0000000089600000|100%| E|CS|TAMS 0x0000000089500000, 0x0000000089500000| Complete 
| 138|0x0000000089600000, 0x0000000089700000, 0x0000000089700000|100%| E|CS|TAMS 0x0000000089600000, 0x0000000089600000| Complete 
| 139|0x0000000089700000, 0x0000000089800000, 0x0000000089800000|100%| E|CS|TAMS 0x0000000089700000, 0x0000000089700000| Complete 
| 140|0x0000000089800000, 0x0000000089900000, 0x0000000089900000|100%| E|CS|TAMS 0x0000000089800000, 0x0000000089800000| Complete 
| 141|0x0000000089900000, 0x0000000089a00000, 0x0000000089a00000|100%| E|CS|TAMS 0x0000000089900000, 0x0000000089900000| Complete 
| 142|0x0000000089a00000, 0x0000000089b00000, 0x0000000089b00000|100%| E|CS|TAMS 0x0000000089a00000, 0x0000000089a00000| Complete 
| 143|0x0000000089b00000, 0x0000000089c00000, 0x0000000089c00000|100%| E|CS|TAMS 0x0000000089b00000, 0x0000000089b00000| Complete 
| 144|0x0000000089c00000, 0x0000000089d00000, 0x0000000089d00000|100%| E|CS|TAMS 0x0000000089c00000, 0x0000000089c00000| Complete 
| 145|0x0000000089d00000, 0x0000000089e00000, 0x0000000089e00000|100%| E|CS|TAMS 0x0000000089d00000, 0x0000000089d00000| Complete 
| 146|0x0000000089e00000, 0x0000000089f00000, 0x0000000089f00000|100%| E|CS|TAMS 0x0000000089e00000, 0x0000000089e00000| Complete 
| 147|0x0000000089f00000, 0x000000008a000000, 0x000000008a000000|100%| E|CS|TAMS 0x0000000089f00000, 0x0000000089f00000| Complete 
| 148|0x000000008a000000, 0x000000008a100000, 0x000000008a100000|100%| E|CS|TAMS 0x000000008a000000, 0x000000008a000000| Complete 
| 149|0x000000008a100000, 0x000000008a200000, 0x000000008a200000|100%| E|CS|TAMS 0x000000008a100000, 0x000000008a100000| Complete 
| 150|0x000000008a200000, 0x000000008a300000, 0x000000008a300000|100%| E|CS|TAMS 0x000000008a200000, 0x000000008a200000| Complete 
| 151|0x000000008a300000, 0x000000008a400000, 0x000000008a400000|100%| E|CS|TAMS 0x000000008a300000, 0x000000008a300000| Complete 
| 152|0x000000008a400000, 0x000000008a500000, 0x000000008a500000|100%| E|CS|TAMS 0x000000008a400000, 0x000000008a400000| Complete 
| 153|0x000000008a500000, 0x000000008a600000, 0x000000008a600000|100%| E|CS|TAMS 0x000000008a500000, 0x000000008a500000| Complete 
| 154|0x000000008a600000, 0x000000008a700000, 0x000000008a700000|100%| E|CS|TAMS 0x000000008a600000, 0x000000008a600000| Complete 
| 155|0x000000008a700000, 0x000000008a800000, 0x000000008a800000|100%| E|CS|TAMS 0x000000008a700000, 0x000000008a700000| Complete 
| 156|0x000000008a800000, 0x000000008a900000, 0x000000008a900000|100%| E|CS|TAMS 0x000000008a800000, 0x000000008a800000| Complete 
| 157|0x000000008a900000, 0x000000008aa00000, 0x000000008aa00000|100%| E|CS|TAMS 0x000000008a900000, 0x000000008a900000| Complete 
| 158|0x000000008aa00000, 0x000000008ab00000, 0x000000008ab00000|100%| E|CS|TAMS 0x000000008aa00000, 0x000000008aa00000| Complete 
| 159|0x000000008ab00000, 0x000000008ac00000, 0x000000008ac00000|100%| E|CS|TAMS 0x000000008ab00000, 0x000000008ab00000| Complete 
| 160|0x000000008ac00000, 0x000000008ad00000, 0x000000008ad00000|100%| E|CS|TAMS 0x000000008ac00000, 0x000000008ac00000| Complete 
| 161|0x000000008ad00000, 0x000000008ae00000, 0x000000008ae00000|100%| E|CS|TAMS 0x000000008ad00000, 0x000000008ad00000| Complete 
| 162|0x000000008ae00000, 0x000000008af00000, 0x000000008af00000|100%| E|CS|TAMS 0x000000008ae00000, 0x000000008ae00000| Complete 
| 163|0x000000008af00000, 0x000000008b000000, 0x000000008b000000|100%| E|CS|TAMS 0x000000008af00000, 0x000000008af00000| Complete 
| 164|0x000000008b000000, 0x000000008b100000, 0x000000008b100000|100%| E|CS|TAMS 0x000000008b000000, 0x000000008b000000| Complete 
| 165|0x000000008b100000, 0x000000008b200000, 0x000000008b200000|100%| E|CS|TAMS 0x000000008b100000, 0x000000008b100000| Complete 
| 166|0x000000008b200000, 0x000000008b300000, 0x000000008b300000|100%| E|CS|TAMS 0x000000008b200000, 0x000000008b200000| Complete 
| 167|0x000000008b300000, 0x000000008b400000, 0x000000008b400000|100%| E|CS|TAMS 0x000000008b300000, 0x000000008b300000| Complete 
| 168|0x000000008b400000, 0x000000008b500000, 0x000000008b500000|100%| E|CS|TAMS 0x000000008b400000, 0x000000008b400000| Complete 
| 169|0x000000008b500000, 0x000000008b600000, 0x000000008b600000|100%| E|CS|TAMS 0x000000008b500000, 0x000000008b500000| Complete 
| 170|0x000000008b600000, 0x000000008b700000, 0x000000008b700000|100%| E|CS|TAMS 0x000000008b600000, 0x000000008b600000| Complete 

Card table byte_map: [0x000000001a020000,0x000000001a420000] _byte_map_base: 0x0000000019c1a000

Marking Bits (Prev, Next): (CMBitMap*) 0x00000000005307b0, (CMBitMap*) 0x0000000000530770
 Prev Bits: [0x000000001c7f0000, 0x000000001e7c0000)
 Next Bits: [0x000000001a820000, 0x000000001c7f0000)

Polling page: 0x0000000000140000

Metaspace:

Usage:
  Non-class:     29.10 MB used.
      Class:      3.59 MB used.
       Both:     32.69 MB used.

Virtual space:
  Non-class space:       64.00 MB reserved,      29.31 MB ( 46%) committed,  1 nodes.
      Class space:        1.00 GB reserved,       3.81 MB ( <1%) committed,  1 nodes.
             Both:        1.06 GB reserved,      33.12 MB (  3%) committed. 

Chunk freelists:
   Non-Class:  1.95 MB
       Class:  32.00 KB
        Both:  1.98 MB

MaxMetaspaceSize: unlimited
CompressedClassSpaceSize: 1.00 GB
Initial GC threshold: 21.00 MB
Current GC threshold: 36.25 MB
CDS: on
MetaspaceReclaimPolicy: balanced
 - commit_granule_bytes: 65536.
 - commit_granule_words: 8192.
 - virtual_space_node_default_size: 8388608.
 - enlarge_chunks_in_place: 1.
 - new_chunks_are_fully_committed: 0.
 - uncommit_free_chunks: 1.
 - use_allocation_guard: 0.


Internal statistics:

num_allocs_failed_limit: 9.
num_arena_births: 288.
num_arena_deaths: 0.
num_vsnodes_births: 2.
num_vsnodes_deaths: 0.
num_space_committed: 530.
num_space_uncommitted: 0.
num_chunks_returned_to_freelist: 9.
num_chunks_taken_from_freelist: 1470.
num_chunk_merges: 6.
num_chunk_splits: 1055.
num_chunks_enlarged: 847.
num_inconsistent_stats: 0.

CodeHeap 'non-profiled nmethods': size=120000Kb used=2854Kb max_used=2984Kb free=117145Kb
 bounds [0x00000000120d0000, 0x00000000123c0000, 0x0000000019600000]
CodeHeap 'profiled nmethods': size=120000Kb used=11700Kb max_used=12597Kb free=108299Kb
 bounds [0x000000000a600000, 0x000000000b250000, 0x0000000011b30000]
CodeHeap 'non-nmethods': size=5760Kb used=1345Kb max_used=1380Kb free=4414Kb
 bounds [0x0000000011b30000, 0x0000000011da0000, 0x00000000120d0000]
 total_blobs=6220 nmethods=5643 adapters=486
 compilation: enabled
              stopped_count=0, restarted_count=0
 full_count=0

Compilation events (20 events):
Event: 10.637 Thread 0x00000000284faa00 nmethod 6623 0x000000001232e190 code [0x000000001232e4c0, 0x0000000012330e28]
Event: 10.637 Thread 0x00000000284faa00 6627       4       java.util.zip.ZipEntry::<init> (84 bytes)
Event: 10.640 Thread 0x00000000284faa00 nmethod 6627 0x00000000121ff210 code [0x00000000121ff3a0, 0x00000000121ff558]
Event: 10.640 Thread 0x00000000284faa00 6625       4       java.lang.ref.Cleaner::register (25 bytes)
Event: 10.662 Thread 0x00000000284faa00 nmethod 6625 0x00000000121fe110 code [0x00000000121fe2c0, 0x00000000121fedf8]
Event: 10.741 Thread 0x0000000021555240 6628       1       java.util.concurrent.atomic.AtomicInteger::get (5 bytes)
Event: 10.741 Thread 0x0000000021555240 nmethod 6628 0x00000000121fde10 code [0x00000000121fdfa0, 0x00000000121fe058]
Event: 11.784 Thread 0x00000000284faa00 6629   !   4       java.lang.ClassLoader::loadClass (121 bytes)
Event: 11.790 Thread 0x0000000021555240 6631       3       java.util.zip.CRC32::update (38 bytes)
Event: 11.792 Thread 0x0000000021555240 nmethod 6631 0x000000000b162510 code [0x000000000b162700, 0x000000000b162b28]
Event: 12.706 Thread 0x0000000021555240 6632       3       java.nio.Buffer::nextGetIndex (32 bytes)
Event: 12.710 Thread 0x0000000021555240 nmethod 6632 0x000000000a715010 code [0x000000000a7151c0, 0x000000000a715388]
Event: 12.710 Thread 0x0000000021555240 6633       3       java.nio.HeapByteBuffer::byteOffset (7 bytes)
Event: 12.710 Thread 0x0000000021555240 nmethod 6633 0x000000000aa20110 code [0x000000000aa202a0, 0x000000000aa203b8]
Event: 12.720 Thread 0x0000000021555240 6634       3       java.lang.invoke.MemberName$Factory::resolveOrNull (54 bytes)
Event: 12.720 Thread 0x0000000021555240 nmethod 6634 0x000000000a714a90 code [0x000000000a714c60, 0x000000000a714f08]
Event: 12.722 Thread 0x0000000021555240 6635       3       java.lang.invoke.MethodHandles$Lookup::getDirectMethodNoSecurityManager (18 bytes)
Event: 12.723 Thread 0x0000000021555240 nmethod 6635 0x000000000a714490 code [0x000000000a714640, 0x000000000a714788]
Event: 12.915 Thread 0x0000000021555240 6636       3       java.util.concurrent.locks.AbstractQueuedSynchronizer::release (19 bytes)
Event: 12.916 Thread 0x0000000021555240 nmethod 6636 0x000000000a865810 code [0x000000000a865a20, 0x000000000a866078]

GC Heap History (18 events):
Event: 0.824 GC heap before
{Heap before GC invocations=0 (full 0):
 garbage-first heap   total 131072K, used 13312K [0x0000000080c00000, 0x0000000100000000)
  region size 1024K, 13 young (13312K), 0 survivors (0K)
 Metaspace       used 3975K, committed 4160K, reserved 1114112K
  class space    used 387K, committed 448K, reserved 1048576K
}
Event: 0.830 GC heap after
{Heap after GC invocations=1 (full 0):
 garbage-first heap   total 131072K, used 3328K [0x0000000080c00000, 0x0000000100000000)
  region size 1024K, 2 young (2048K), 2 survivors (2048K)
 Metaspace       used 3975K, committed 4160K, reserved 1114112K
  class space    used 387K, committed 448K, reserved 1048576K
}
Event: 1.248 GC heap before
{Heap before GC invocations=1 (full 0):
 garbage-first heap   total 131072K, used 17664K [0x0000000080c00000, 0x0000000100000000)
  region size 1024K, 16 young (16384K), 2 survivors (2048K)
 Metaspace       used 6397K, committed 6528K, reserved 1114112K
  class space    used 712K, committed 768K, reserved 1048576K
}
Event: 1.254 GC heap after
{Heap after GC invocations=2 (full 0):
 garbage-first heap   total 131072K, used 4791K [0x0000000080c00000, 0x0000000100000000)
  region size 1024K, 2 young (2048K), 2 survivors (2048K)
 Metaspace       used 6397K, committed 6528K, reserved 1114112K
  class space    used 712K, committed 768K, reserved 1048576K
}
Event: 4.723 GC heap before
{Heap before GC invocations=2 (full 0):
 garbage-first heap   total 131072K, used 80567K [0x0000000080c00000, 0x0000000100000000)
  region size 1024K, 76 young (77824K), 2 survivors (2048K)
 Metaspace       used 16230K, committed 16512K, reserved 1114112K
  class space    used 1828K, committed 1984K, reserved 1048576K
}
Event: 4.745 GC heap after
{Heap after GC invocations=3 (full 0):
 garbage-first heap   total 131072K, used 11493K [0x0000000080c00000, 0x0000000100000000)
  region size 1024K, 8 young (8192K), 8 survivors (8192K)
 Metaspace       used 16230K, committed 16512K, reserved 1114112K
  class space    used 1828K, committed 1984K, reserved 1048576K
}
Event: 6.271 GC heap before
{Heap before GC invocations=3 (full 0):
 garbage-first heap   total 131072K, used 83173K [0x0000000080c00000, 0x0000000100000000)
  region size 1024K, 76 young (77824K), 8 survivors (8192K)
 Metaspace       used 20444K, committed 20800K, reserved 1114112K
  class space    used 2251K, committed 2432K, reserved 1048576K
}
Event: 6.296 GC heap after
{Heap after GC invocations=4 (full 0):
 garbage-first heap   total 131072K, used 20456K [0x0000000080c00000, 0x0000000100000000)
  region size 1024K, 7 young (7168K), 7 survivors (7168K)
 Metaspace       used 20444K, committed 20800K, reserved 1114112K
  class space    used 2251K, committed 2432K, reserved 1048576K
}
Event: 6.411 GC heap before
{Heap before GC invocations=4 (full 0):
 garbage-first heap   total 131072K, used 27624K [0x0000000080c00000, 0x0000000100000000)
  region size 1024K, 13 young (13312K), 7 survivors (7168K)
 Metaspace       used 21182K, committed 21504K, reserved 1114112K
  class space    used 2362K, committed 2496K, reserved 1048576K
}
Event: 6.422 GC heap after
{Heap after GC invocations=5 (full 0):
 garbage-first heap   total 131072K, used 23428K [0x0000000080c00000, 0x0000000100000000)
  region size 1024K, 4 young (4096K), 4 survivors (4096K)
 Metaspace       used 21182K, committed 21504K, reserved 1114112K
  class space    used 2362K, committed 2496K, reserved 1048576K
}
Event: 7.840 GC heap before
{Heap before GC invocations=6 (full 0):
 garbage-first heap   total 81920K, used 67460K [0x0000000080c00000, 0x0000000100000000)
  region size 1024K, 48 young (49152K), 4 survivors (4096K)
 Metaspace       used 27896K, committed 28288K, reserved 1114112K
  class space    used 3104K, committed 3264K, reserved 1048576K
}
Event: 7.862 GC heap after
{Heap after GC invocations=7 (full 0):
 garbage-first heap   total 81920K, used 31744K [0x0000000080c00000, 0x0000000100000000)
  region size 1024K, 6 young (6144K), 6 survivors (6144K)
 Metaspace       used 27896K, committed 28288K, reserved 1114112K
  class space    used 3104K, committed 3264K, reserved 1048576K
}
Event: 7.877 GC heap before
{Heap before GC invocations=7 (full 0):
 garbage-first heap   total 81920K, used 32768K [0x0000000080c00000, 0x0000000100000000)
  region size 1024K, 7 young (7168K), 6 survivors (6144K)
 Metaspace       used 27952K, committed 28288K, reserved 1114112K
  class space    used 3111K, committed 3264K, reserved 1048576K
}
Event: 7.894 GC heap after
{Heap after GC invocations=8 (full 0):
 garbage-first heap   total 81920K, used 32725K [0x0000000080c00000, 0x0000000100000000)
  region size 1024K, 1 young (1024K), 1 survivors (1024K)
 Metaspace       used 27952K, committed 28288K, reserved 1114112K
  class space    used 3111K, committed 3264K, reserved 1048576K
}
Event: 8.158 GC heap before
{Heap before GC invocations=8 (full 0):
 garbage-first heap   total 81920K, used 37845K [0x0000000080c00000, 0x0000000100000000)
  region size 1024K, 8 young (8192K), 1 survivors (1024K)
 Metaspace       used 28924K, committed 29312K, reserved 1114112K
  class space    used 3215K, committed 3392K, reserved 1048576K
}
Event: 8.161 GC heap after
{Heap after GC invocations=9 (full 0):
 garbage-first heap   total 175104K, used 32119K [0x0000000080c00000, 0x0000000100000000)
  region size 1024K, 1 young (1024K), 1 survivors (1024K)
 Metaspace       used 28924K, committed 29312K, reserved 1114112K
  class space    used 3215K, committed 3392K, reserved 1048576K
}
Event: 9.699 GC heap before
{Heap before GC invocations=9 (full 0):
 garbage-first heap   total 175104K, used 137591K [0x0000000080c00000, 0x0000000100000000)
  region size 1024K, 71 young (72704K), 1 survivors (1024K)
 Metaspace       used 30520K, committed 30848K, reserved 1114112K
  class space    used 3373K, committed 3520K, reserved 1048576K
}
Event: 9.707 GC heap after
{Heap after GC invocations=10 (full 0):
 garbage-first heap   total 175104K, used 38307K [0x0000000080c00000, 0x0000000100000000)
  region size 1024K, 5 young (5120K), 5 survivors (5120K)
 Metaspace       used 30520K, committed 30848K, reserved 1114112K
  class space    used 3373K, committed 3520K, reserved 1048576K
}

Dll operation events (12 events):
Event: 0.010 Loaded shared library C:\opt\jdk-19\bin\java.dll
Event: 0.023 Loaded shared library C:\opt\jdk-19\bin\jsvml.dll
Event: 0.141 Loaded shared library C:\opt\jdk-19\bin\zip.dll
Event: 0.144 Loaded shared library C:\opt\jdk-19\bin\instrument.dll
Event: 0.154 Loaded shared library C:\opt\jdk-19\bin\net.dll
Event: 0.156 Loaded shared library C:\opt\jdk-19\bin\nio.dll
Event: 0.162 Loaded shared library C:\opt\jdk-19\bin\zip.dll
Event: 0.189 Loaded shared library C:\opt\intelliJ\bin\breakgen64.dll
Event: 0.204 Loaded shared library C:\opt\jdk-19\bin\extnet.dll
Event: 0.393 Loaded shared library C:\opt\jdk-19\bin\jimage.dll
Event: 0.424 Loaded shared library C:\temp\jansi-2.4.0-a9dbe4ff5861a305-jansi.dll
Event: 0.441 Loaded shared library C:\opt\jdk-19\bin\verify.dll

Deoptimization events (20 events):
Event: 12.723 Thread 0x0000000021542100 Uncommon trap: trap_request=0xffffffc6 fr.pc=0x00000000121f4114 relative=0x0000000000000234
Event: 12.723 Thread 0x0000000021542100 Uncommon trap: reason=bimorphic_or_optimized_type_check action=maybe_recompile pc=0x00000000121f4114 method=java.util.regex.Pattern.lambda$union$3(Ljava/util/regex/Pattern$CharPredicate;Ljava/util/regex/Pattern$CharPredicate;I)Z @ 2 c2
Event: 12.723 Thread 0x0000000021542100 DEOPT PACKING pc=0x00000000121f4114 sp=0x000000002b6ae140
Event: 12.723 Thread 0x0000000021542100 DEOPT UNPACKING pc=0x0000000011b96da3 sp=0x000000002b6adf88 mode 2
Event: 12.723 Thread 0x0000000021542100 Uncommon trap: trap_request=0xffffffc6 fr.pc=0x00000000121f4114 relative=0x0000000000000234
Event: 12.723 Thread 0x0000000021542100 Uncommon trap: reason=bimorphic_or_optimized_type_check action=maybe_recompile pc=0x00000000121f4114 method=java.util.regex.Pattern.lambda$union$3(Ljava/util/regex/Pattern$CharPredicate;Ljava/util/regex/Pattern$CharPredicate;I)Z @ 2 c2
Event: 12.723 Thread 0x0000000021542100 DEOPT PACKING pc=0x00000000121f4114 sp=0x000000002b6ae140
Event: 12.723 Thread 0x0000000021542100 DEOPT UNPACKING pc=0x0000000011b96da3 sp=0x000000002b6adf88 mode 2
Event: 12.723 Thread 0x0000000021542100 Uncommon trap: trap_request=0xffffffc6 fr.pc=0x00000000121f4114 relative=0x0000000000000234
Event: 12.723 Thread 0x0000000021542100 Uncommon trap: reason=bimorphic_or_optimized_type_check action=maybe_recompile pc=0x00000000121f4114 method=java.util.regex.Pattern.lambda$union$3(Ljava/util/regex/Pattern$CharPredicate;Ljava/util/regex/Pattern$CharPredicate;I)Z @ 2 c2
Event: 12.725 Thread 0x0000000021542100 DEOPT PACKING pc=0x00000000121f4114 sp=0x000000002b6ae140
Event: 12.725 Thread 0x0000000021542100 DEOPT UNPACKING pc=0x0000000011b96da3 sp=0x000000002b6adf88 mode 2
Event: 12.725 Thread 0x0000000021542100 Uncommon trap: trap_request=0xffffffc6 fr.pc=0x00000000121f4114 relative=0x0000000000000234
Event: 12.725 Thread 0x0000000021542100 Uncommon trap: reason=bimorphic_or_optimized_type_check action=maybe_recompile pc=0x00000000121f4114 method=java.util.regex.Pattern.lambda$union$3(Ljava/util/regex/Pattern$CharPredicate;Ljava/util/regex/Pattern$CharPredicate;I)Z @ 2 c2
Event: 12.726 Thread 0x0000000021542100 DEOPT PACKING pc=0x00000000121f4114 sp=0x000000002b6ae140
Event: 12.726 Thread 0x0000000021542100 DEOPT UNPACKING pc=0x0000000011b96da3 sp=0x000000002b6adf88 mode 2
Event: 13.120 Thread 0x00000000215430f0 Uncommon trap: trap_request=0xffffffde fr.pc=0x0000000012310b18 relative=0x0000000000000178
Event: 13.120 Thread 0x00000000215430f0 Uncommon trap: reason=class_check action=maybe_recompile pc=0x0000000012310b18 method=java.util.concurrent.locks.AbstractQueuedSynchronizer.acquireShared(I)V @ 2 c2
Event: 13.120 Thread 0x00000000215430f0 DEOPT PACKING pc=0x0000000012310b18 sp=0x000000002b89f020
Event: 13.120 Thread 0x00000000215430f0 DEOPT UNPACKING pc=0x0000000011b96da3 sp=0x000000002b89eff8 mode 2

Classes loaded (20 events):
Event: 10.494 Loading class java/lang/Process done
Event: 10.494 Loading class java/lang/ProcessImpl done
Event: 10.497 Loading class java/lang/ProcessImpl$2
Event: 10.498 Loading class java/lang/ProcessImpl$2 done
Event: 10.498 Loading class java/lang/Process$PipeInputStream
Event: 10.498 Loading class java/lang/Process$PipeInputStream done
Event: 10.499 Loading class jdk/internal/event/ProcessStartEvent
Event: 10.499 Loading class jdk/internal/event/Event
Event: 10.499 Loading class jdk/internal/event/Event done
Event: 10.499 Loading class jdk/internal/event/ProcessStartEvent done
Event: 10.500 Loading class java/nio/channels/ClosedChannelException
Event: 10.500 Loading class java/nio/channels/ClosedChannelException done
Event: 10.502 Loading class java/nio/channels/NonReadableChannelException
Event: 10.503 Loading class java/nio/channels/NonReadableChannelException done
Event: 10.504 Loading class java/nio/channels/NonWritableChannelException
Event: 10.504 Loading class java/nio/channels/NonWritableChannelException done
Event: 10.522 Loading class java/util/Scanner
Event: 10.523 Loading class java/util/Scanner done
Event: 10.525 Loading class java/util/Scanner$PatternLRUCache
Event: 10.525 Loading class java/util/Scanner$PatternLRUCache done

Classes unloaded (0 events):
No events

Classes redefined (0 events):
No events

Internal exceptions (20 events):
Event: 9.467 Thread 0x00000000004cead0 Exception <a 'sun/nio/fs/WindowsException'{0x00000000879f4458}> (0x00000000879f4458) 
thrown [s\open\src\hotspot\share\prims\jni.cpp, line 517]
Event: 9.468 Thread 0x00000000004cead0 Exception <a 'sun/nio/fs/WindowsException'{0x00000000879f5448}> (0x00000000879f5448) 
thrown [s\open\src\hotspot\share\prims\jni.cpp, line 517]
Event: 9.468 Thread 0x00000000004cead0 Exception <a 'sun/nio/fs/WindowsException'{0x00000000879f5728}> (0x00000000879f5728) 
thrown [s\open\src\hotspot\share\prims\jni.cpp, line 517]
Event: 9.485 Thread 0x00000000004cead0 Exception <a 'sun/nio/fs/WindowsException'{0x00000000878777d0}> (0x00000000878777d0) 
thrown [s\open\src\hotspot\share\prims\jni.cpp, line 517]
Event: 9.487 Thread 0x00000000004cead0 Exception <a 'sun/nio/fs/WindowsException'{0x000000008788cdc0}> (0x000000008788cdc0) 
thrown [s\open\src\hotspot\share\prims\jni.cpp, line 517]
Event: 9.490 Thread 0x00000000004cead0 Exception <a 'sun/nio/fs/WindowsException'{0x00000000878a47e8}> (0x00000000878a47e8) 
thrown [s\open\src\hotspot\share\prims\jni.cpp, line 517]
Event: 9.490 Thread 0x00000000004cead0 Exception <a 'sun/nio/fs/WindowsException'{0x00000000878a4f18}> (0x00000000878a4f18) 
thrown [s\open\src\hotspot\share\prims\jni.cpp, line 517]
Event: 9.490 Thread 0x00000000004cead0 Exception <a 'sun/nio/fs/WindowsException'{0x00000000878a54e8}> (0x00000000878a54e8) 
thrown [s\open\src\hotspot\share\prims\jni.cpp, line 517]
Event: 9.491 Thread 0x00000000004cead0 Exception <a 'sun/nio/fs/WindowsException'{0x00000000878a5c08}> (0x00000000878a5c08) 
thrown [s\open\src\hotspot\share\prims\jni.cpp, line 517]
Event: 9.491 Thread 0x00000000004cead0 Exception <a 'sun/nio/fs/WindowsException'{0x00000000878a5ed0}> (0x00000000878a5ed0) 
thrown [s\open\src\hotspot\share\prims\jni.cpp, line 517]
Event: 9.491 Thread 0x00000000004cead0 Exception <a 'sun/nio/fs/WindowsException'{0x00000000878a6b58}> (0x00000000878a6b58) 
thrown [s\open\src\hotspot\share\prims\jni.cpp, line 517]
Event: 9.491 Thread 0x00000000004cead0 Exception <a 'sun/nio/fs/WindowsException'{0x00000000878a6de0}> (0x00000000878a6de0) 
thrown [s\open\src\hotspot\share\prims\jni.cpp, line 517]
Event: 9.491 Thread 0x00000000004cead0 Exception <a 'sun/nio/fs/WindowsException'{0x00000000878a7a68}> (0x00000000878a7a68) 
thrown [s\open\src\hotspot\share\prims\jni.cpp, line 517]
Event: 10.109 Thread 0x0000000021541bb0 Exception <a 'java/lang/NoSuchMethodError'{0x000000008a435378}: 'java.lang.Object java.lang.invoke.DirectMethodHandle$Holder.invokeStatic(java.lang.Object, long, java.lang.Object)'> (0x000000008a435378) 
thrown [s\open\src\hotspot\share\interpreter\linkResolver.cpp, line 774]
Event: 10.109 Thread 0x0000000021541bb0 Exception <a 'java/lang/NoSuchMethodError'{0x000000008a438af8}: 'java.lang.Object java.lang.invoke.DirectMethodHandle$Holder.invokeStaticInit(java.lang.Object, long, java.lang.Object)'> (0x000000008a438af8) 
thrown [s\open\src\hotspot\share\interpreter\linkResolver.cpp, line 774]
Event: 10.110 Thread 0x0000000021541bb0 Exception <a 'java/lang/NoSuchMethodError'{0x000000008a43e748}: 'java.lang.Object java.lang.invoke.DirectMethodHandle$Holder.newInvokeSpecial(java.lang.Object, long)'> (0x000000008a43e748) 
thrown [s\open\src\hotspot\share\interpreter\linkResolver.cpp, line 774]
Event: 10.111 Thread 0x0000000021541bb0 Exception <a 'java/lang/NoSuchMethodError'{0x000000008a442f58}: 'long java.lang.invoke.DirectMethodHandle$Holder.invokeInterface(java.lang.Object, java.lang.Object)'> (0x000000008a442f58) 
thrown [s\open\src\hotspot\share\interpreter\linkResolver.cpp, line 774]
Event: 10.111 Thread 0x0000000021541bb0 Exception <a 'java/lang/NoSuchMethodError'{0x000000008a446710}: 'long java.lang.invoke.DelegatingMethodHandle$Holder.reinvoke_L(java.lang.Object, java.lang.Object)'> (0x000000008a446710) 
thrown [s\open\src\hotspot\share\interpreter\linkResolver.cpp, line 774]
Event: 10.216 Thread 0x00000000004cead0 Exception <a 'java/lang/NoSuchMethodError'{0x000000008a194790}: 'java.lang.Object java.lang.invoke.DirectMethodHandle$Holder.invokeStaticInit(java.lang.Object, java.lang.Object, int, int, int, int)'> (0x000000008a194790) 
thrown [s\open\src\hotspot\share\interpreter\linkResolver.cpp, line 774]
Event: 10.497 Thread 0x00000000004cead0 Exception <a 'java/lang/NoSuchMethodError'{0x0000000089756c40}: 'void java.lang.invoke.DirectMethodHandle$Holder.invokeStatic(java.lang.Object, long)'> (0x0000000089756c40) 
thrown [s\open\src\hotspot\share\interpreter\linkResolver.cpp, line 774]

VM Operations (20 events):
Event: 9.699 Executing VM operation: G1CollectForAllocation
Event: 9.708 Executing VM operation: G1CollectForAllocation done
Event: 10.073 Executing VM operation: HandshakeAllThreads
Event: 10.073 Executing VM operation: HandshakeAllThreads done
Event: 10.117 Executing VM operation: HandshakeAllThreads
Event: 10.118 Executing VM operation: HandshakeAllThreads done
Event: 10.151 Executing VM operation: ICBufferFull
Event: 10.151 Executing VM operation: ICBufferFull done
Event: 10.427 Executing VM operation: HandshakeAllThreads
Event: 10.427 Executing VM operation: HandshakeAllThreads done
Event: 10.431 Executing VM operation: HandshakeAllThreads
Event: 10.431 Executing VM operation: HandshakeAllThreads done
Event: 10.432 Executing VM operation: HandshakeAllThreads
Event: 10.432 Executing VM operation: HandshakeAllThreads done
Event: 10.499 Executing VM operation: HandshakeAllThreads
Event: 10.499 Executing VM operation: HandshakeAllThreads done
Event: 11.500 Executing VM operation: Cleanup
Event: 11.500 Executing VM operation: Cleanup done
Event: 12.501 Executing VM operation: Cleanup
Event: 12.502 Executing VM operation: Cleanup done

Events (20 events):
Event: 9.438 Thread 0x000000002153fbd0 flushing nmethod 0x000000000b0ea810
Event: 9.438 Thread 0x000000002153fbd0 flushing nmethod 0x000000000b0eb090
Event: 9.438 Thread 0x000000002153fbd0 flushing nmethod 0x000000000b0ed710
Event: 9.438 Thread 0x000000002153fbd0 flushing nmethod 0x000000000b0ee610
Event: 9.438 Thread 0x000000002153fbd0 flushing nmethod 0x000000000b10dc90
Event: 9.438 Thread 0x000000002153fbd0 flushing nmethod 0x000000000b10e210
Event: 9.438 Thread 0x000000002153fbd0 flushing nmethod 0x000000000b129f90
Event: 9.439 Thread 0x000000002153fbd0 flushing nmethod 0x000000000b149090
Event: 9.439 Thread 0x000000002153fbd0 flushing nmethod 0x000000000b162510
Event: 9.440 Thread 0x000000002153fbd0 flushing nmethod 0x000000000b1fce10
Event: 9.440 Thread 0x000000002153fbd0 flushing nmethod 0x000000000b1ffc90
Event: 9.440 Thread 0x000000002153fbd0 flushing nmethod 0x000000000b237e10
Event: 10.076 Thread 0x0000000021541bb0 Thread added: 0x0000000021541bb0
Event: 10.113 Thread 0x0000000021541bb0 Thread exited: 0x0000000021541bb0
Event: 10.336 Thread 0x0000000021541bb0 Thread added: 0x0000000021541bb0
Event: 10.343 Thread 0x0000000021541660 Thread added: 0x0000000021541660
Event: 10.488 Thread 0x0000000021542100 Thread added: 0x0000000021542100
Event: 10.522 Thread 0x0000000021542650 Thread added: 0x0000000021542650
Event: 10.524 Thread 0x0000000021542ba0 Thread added: 0x0000000021542ba0
Event: 10.545 Thread 0x00000000215430f0 Thread added: 0x00000000215430f0


Dynamic libraries:
0x000000013f960000 - 0x000000013f96e000 	C:\opt\jdk-19\bin\java.exe
0x0000000077740000 - 0x00000000778e9000 	C:\Windows\SYSTEM32\ntdll.dll
0x0000000077620000 - 0x000000007773f000 	C:\Windows\system32\kernel32.dll
0x000007fefd9f0000 - 0x000007fefda5b000 	C:\Windows\system32\KERNELBASE.dll
0x000007feeefa0000 - 0x000007feeefb7000 	C:\opt\jdk-19\bin\jli.dll
0x000007fefbc80000 - 0x000007fefbe74000 	C:\Windows\WinSxS\amd64_microsoft.windows.common-controls_6595b64144ccf1df_6.0.7601.17514_none_fa396087175ac9ac\COMCTL32.dll
0x000007fefdb00000 - 0x000007fefdb9f000 	C:\Windows\system32\msvcrt.dll
0x000007feff9e0000 - 0x000007feffa47000 	C:\Windows\system32\GDI32.dll
0x0000000077520000 - 0x000000007761a000 	C:\Windows\system32\USER32.dll
0x000007fefe650000 - 0x000007fefe65e000 	C:\Windows\system32\LPK.dll
0x000007fefe240000 - 0x000007fefe309000 	C:\Windows\system32\USP10.dll
0x000007fefddb0000 - 0x000007fefde21000 	C:\Windows\system32\SHLWAPI.dll
0x000007feeef80000 - 0x000007feeef9b000 	C:\opt\jdk-19\bin\VCRUNTIME140.dll
0x000007feeef70000 - 0x000007feeef74000 	C:\opt\jdk-19\bin\api-ms-win-crt-runtime-l1-1-0.dll
0x000007feeee70000 - 0x000007feeef70000 	C:\opt\jdk-19\bin\ucrtbase.DLL
0x000007feeee60000 - 0x000007feeee63000 	C:\opt\jdk-19\bin\api-ms-win-core-localization-l1-2-0.dll
0x000007feeee50000 - 0x000007feeee53000 	C:\opt\jdk-19\bin\api-ms-win-core-processthreads-l1-1-1.dll
0x000007feeee40000 - 0x000007feeee43000 	C:\opt\jdk-19\bin\api-ms-win-core-file-l1-2-0.dll
0x000007feeee30000 - 0x000007feeee33000 	C:\opt\jdk-19\bin\api-ms-win-core-timezone-l1-1-0.dll
0x000007feeee20000 - 0x000007feeee23000 	C:\opt\jdk-19\bin\api-ms-win-core-file-l2-1-0.dll
0x000007feeee10000 - 0x000007feeee13000 	C:\opt\jdk-19\bin\api-ms-win-core-synch-l1-2-0.dll
0x000007feeee00000 - 0x000007feeee03000 	C:\opt\jdk-19\bin\api-ms-win-crt-heap-l1-1-0.dll
0x000007feeedf0000 - 0x000007feeedf4000 	C:\opt\jdk-19\bin\api-ms-win-crt-string-l1-1-0.dll
0x000007feeede0000 - 0x000007feeede4000 	C:\opt\jdk-19\bin\api-ms-win-crt-stdio-l1-1-0.dll
0x000007feeedd0000 - 0x000007feeedd4000 	C:\opt\jdk-19\bin\api-ms-win-crt-convert-l1-1-0.dll
0x000007feeedc0000 - 0x000007feeedc3000 	C:\opt\jdk-19\bin\api-ms-win-crt-environment-l1-1-0.dll
0x000007feeedb0000 - 0x000007feeedb3000 	C:\opt\jdk-19\bin\api-ms-win-crt-filesystem-l1-1-0.dll
0x000007feeeda0000 - 0x000007feeeda5000 	C:\opt\jdk-19\bin\api-ms-win-crt-math-l1-1-0.dll
0x000007feeed90000 - 0x000007feeed93000 	C:\opt\jdk-19\bin\api-ms-win-crt-locale-l1-1-0.dll
0x000007fefe620000 - 0x000007fefe64e000 	C:\Windows\system32\IMM32.DLL
0x000007fefe130000 - 0x000007fefe239000 	C:\Windows\system32\MSCTF.dll
0x000007feeed80000 - 0x000007feeed8c000 	C:\opt\jdk-19\bin\vcruntime140_1.dll
0x000007feeecf0000 - 0x000007feeed7e000 	C:\opt\jdk-19\bin\msvcp140.dll
0x000007feeece0000 - 0x000007feeece3000 	C:\opt\jdk-19\bin\api-ms-win-crt-time-l1-1-0.dll
0x000007feeecd0000 - 0x000007feeecd3000 	C:\opt\jdk-19\bin\api-ms-win-crt-utility-l1-1-0.dll
0x000007feebf30000 - 0x000007feecbf0000 	C:\opt\jdk-19\bin\server\jvm.dll
0x000007fefe660000 - 0x000007fefe73b000 	C:\Windows\system32\ADVAPI32.dll
0x000007feff840000 - 0x000007feff85f000 	C:\Windows\SYSTEM32\sechost.dll
0x000007fefe000000 - 0x000007fefe12d000 	C:\Windows\system32\RPCRT4.dll
0x000007fefaac0000 - 0x000007fefaac9000 	C:\Windows\system32\WSOCK32.dll
0x000007fefe3f0000 - 0x000007fefe43d000 	C:\Windows\system32\WS2_32.dll
0x000007feff790000 - 0x000007feff798000 	C:\Windows\system32\NSI.dll
0x000007fefa1f0000 - 0x000007fefa22b000 	C:\Windows\system32\WINMM.dll
0x000007fefcfc0000 - 0x000007fefcfcc000 	C:\Windows\system32\VERSION.dll
0x000007feeecc0000 - 0x000007feeecca000 	C:\opt\jdk-19\bin\jimage.dll
0x000007fef5650000 - 0x000007fef5775000 	C:\Windows\system32\DBGHELP.DLL
0x000007fef7f80000 - 0x000007fef7f8e000 	C:\opt\jdk-19\bin\instrument.dll
0x000007feeec90000 - 0x000007feeecb6000 	C:\opt\jdk-19\bin\java.dll
0x000007feeebb0000 - 0x000007feeec87000 	C:\opt\jdk-19\bin\jsvml.dll
0x000007fefea00000 - 0x000007feff788000 	C:\Windows\system32\SHELL32.dll
0x000007fefdba0000 - 0x000007fefdda3000 	C:\Windows\system32\ole32.dll
0x000007fefd690000 - 0x000007fefd69f000 	C:\Windows\system32\profapi.dll
0x000007feeeb50000 - 0x000007feeeb68000 	C:\opt\jdk-19\bin\zip.dll
0x000007feeeb90000 - 0x000007feeeba3000 	C:\opt\jdk-19\bin\net.dll
0x000007fefa060000 - 0x000007fefa0d1000 	C:\Windows\system32\WINHTTP.dll
0x000007fef9ff0000 - 0x000007fefa054000 	C:\Windows\system32\webio.dll
0x000007fefcc00000 - 0x000007fefcc55000 	C:\Windows\system32\mswsock.dll
0x000007fefcfd0000 - 0x000007fefcfd7000 	C:\Windows\System32\wshtcpip.dll
0x000007fefcbf0000 - 0x000007fefcbf7000 	C:\Windows\System32\wship6.dll
0x000007feeeb70000 - 0x000007feeeb86000 	C:\opt\jdk-19\bin\nio.dll
0x000007fef3290000 - 0x000007fef32aa000 	C:\opt\intelliJ\bin\breakgen64.dll
0x000007feeeb40000 - 0x000007feeeb48000 	C:\opt\jdk-19\bin\extnet.dll
0x0000000069ac0000 - 0x0000000069ae4000 	C:\temp\jansi-2.4.0-a9dbe4ff5861a305-jansi.dll
0x000007feeeb10000 - 0x000007feeeb20000 	C:\opt\jdk-19\bin\verify.dll
0x000007fefcc60000 - 0x000007fefcc77000 	C:\Windows\system32\CRYPTSP.dll
0x000007fefc960000 - 0x000007fefc9a7000 	C:\Windows\system32\rsaenh.dll
0x000007fefd0f0000 - 0x000007fefd10e000 	C:\Windows\system32\USERENV.dll
0x000007fefd5c0000 - 0x000007fefd5cf000 	C:\Windows\system32\CRYPTBASE.dll
0x000007fefbb10000 - 0x000007fefbb37000 	C:\Windows\system32\IPHLPAPI.DLL
0x000007fefbb00000 - 0x000007fefbb0b000 	C:\Windows\system32\WINNSI.DLL
0x000007fefb5a0000 - 0x000007fefb5b1000 	C:\Windows\system32\dhcpcsvc6.DLL
0x000007fefb670000 - 0x000007fefb688000 	C:\Windows\system32\dhcpcsvc.DLL
0x000007fefd560000 - 0x000007fefd5b7000 	C:\Windows\system32\apphelp.dll

dbghelp: loaded successfully - version: 4.0.5 - missing functions: none
symbol engine: initialized successfully - sym options: 0x614 - pdb path: .;C:\opt\jdk-19\bin;C:\Windows\SYSTEM32;C:\Windows\WinSxS\amd64_microsoft.windows.common-controls_6595b64144ccf1df_6.0.7601.17514_none_fa396087175ac9ac;C:\opt\jdk-19\bin\server;C:\opt\intelliJ\bin;C:\temp

VM Arguments:
jvm_args: -Dmaven.multiModuleProjectDirectory=E:\CLion\CLionProjects\xxx\J\echo -Dmaven.home=C:\Users\John\.m2\wrapper\dists\apache-maven-3.9.4-bin\2vqnav6ufo1qvo5j2um40861m\apache-maven-3.9.4 -Dclassworlds.conf=C:\Users\John\.m2\wrapper\dists\apache-maven-3.9.4-bin\2vqnav6ufo1qvo5j2um40861m\apache-maven-3.9.4\bin\m2.conf -Dmaven.ext.class.path=C:\opt\intelliJ\plugins\maven\lib\maven-event-listener.jar -javaagent:C:\opt\intelliJ\lib\idea_rt.jar=50712:C:\opt\intelliJ\bin -Dfile.encoding=UTF-8 
java_command: org.codehaus.classworlds.Launcher -Didea.version=2022.1 clean validate compile test package
java_class_path (initial): C:\Users\John\.m2\wrapper\dists\apache-maven-3.9.4-bin\2vqnav6ufo1qvo5j2um40861m\apache-maven-3.9.4\boot\plexus-classworlds-2.7.0.jar;C:\Users\John\.m2\wrapper\dists\apache-maven-3.9.4-bin\2vqnav6ufo1qvo5j2um40861m\apache-maven-3.9.4\boot\plexus-classworlds.license
Launcher Type: SUN_STANDARD

[Global flags]
     intx CICompilerCount                          = 3                                         {product} {ergonomic}
     uint ConcGCThreads                            = 1                                         {product} {ergonomic}
     uint G1ConcRefinementThreads                  = 4                                         {product} {ergonomic}
   size_t G1HeapRegionSize                         = 1048576                                   {product} {ergonomic}
    uintx GCDrainStackTargetSize                   = 64                                        {product} {ergonomic}
   size_t InitialHeapSize                          = 134217728                                 {product} {ergonomic}
   size_t MarkStackSize                            = 4194304                                   {product} {ergonomic}
   size_t MaxHeapSize                              = 2134900736                                {product} {ergonomic}
   size_t MaxNewSize                               = 1280311296                                {product} {ergonomic}
   size_t MinHeapDeltaBytes                        = 1048576                                   {product} {ergonomic}
   size_t MinHeapSize                              = 8388608                                   {product} {ergonomic}
    uintx NonNMethodCodeHeapSize                   = 5832780                                {pd product} {ergonomic}
    uintx NonProfiledCodeHeapSize                  = 122912730                              {pd product} {ergonomic}
    uintx ProfiledCodeHeapSize                     = 122912730                              {pd product} {ergonomic}
    uintx ReservedCodeCacheSize                    = 251658240                              {pd product} {ergonomic}
     bool SegmentedCodeCache                       = true                                      {product} {ergonomic}
   size_t SoftMaxHeapSize                          = 2134900736                             {manageable} {ergonomic}
     bool UseCompressedClassPointers               = true                           {product lp64_product} {ergonomic}
     bool UseCompressedOops                        = true                           {product lp64_product} {ergonomic}
     bool UseG1GC                                  = true                                      {product} {ergonomic}
     bool UseLargePagesIndividualAllocation        = false                                  {pd product} {ergonomic}

Logging:
Log output configuration:
 #0: stdout all=warning uptime,level,tags foldmultilines=false
 #1: stderr all=off uptime,level,tags foldmultilines=false

Environment Variables:
JAVA_HOME=C:\opt\jdk-19
PATH=C:\Program Files (x86)\Common Files\Oracle\Java\javapath;C:\opt\jdk-18\bin;C:\Windows\system32;C:\Windows;C:\Windows\System32\Wbem;C:\Windows\System32\WindowsPowerShell\v1.0\;C:\ATI\ATI.ACE\Core-Static;C:\Program Files (x86)\AMD\ATI.ACE\Core-Static;C:\AMD\ATI.ACE\Core-Static;C:\opt\Git\cmd;C:\opt\MatLab\bin;E:\CLion\CLion-2023.2.win\bin;
USERNAME=John
OS=Windows_NT
PROCESSOR_IDENTIFIER=AMD64 Family 23 Model 8 Stepping 2, AuthenticAMD
TMP=c:\temp
TEMP=c:\temp



---------------  S Y S T E M  ---------------

OS:
 Windows 7 , 64 bit Build 7601 (6.1.7601.17514)
OS uptime: 0 days 5:18 hours

CPU: total 4 (initial active 4) (4 cores per cpu, 1 threads per core) family 23 model 8 stepping 2 microcode 0x0, cx8, cmov, fxsr, mmx, 3dnowpref, sse, sse2, sse3, ssse3, sse4a, sse4.1, sse4.2, popcnt, lzcnt, tsc, tscinvbit, avx, avx2, aes, clmul, bmi1, bmi2, adx, sha, fma, vzeroupper, clflush, clflushopt, rdtscp

Memory: 4k page, system-wide physical 8136M (1489M free)
TotalPageFile size 8134M (AvailPageFile size 4M)
current process WorkingSet (physical memory assigned to process): 454M, peak: 454M
current process commit charge ("private bytes"): 522M, peak: 522M

vm_info: OpenJDK 64-Bit Server VM (19.0.1+10-21) for windows-amd64 JRE (19.0.1+10-21), built on 2022-09-14T12:45:06Z by "mach5one" with MS VC++ 17.1 (VS2022)

END.
