#
# There is insufficient memory for the Java Runtime Environment to continue.
# Native memory allocation (malloc) failed to allocate 32744 bytes for Chunk::new
# Possible reasons:
#   The system is out of physical RAM or swap space
#   The process is running with CompressedOops enabled, and the Java Heap may be blocking the growth of the native heap
# Possible solutions:
#   Reduce memory load on the system
#   Increase physical memory or swap space
#   Check if swap backing store is full
#   Decrease Java heap size (-Xmx/-Xms)
#   Decrease number of Java threads
#   Decrease Java thread stack sizes (-Xss)
#   Set larger code cache with -XX:ReservedCodeCacheSize=
#   JVM is running with Unscaled Compressed Oops mode in which the Java heap is
#     placed in the first 4GB address space. The Java Heap base address is the
#     maximum limit for the native heap growth. Please use -XX:HeapBaseMinAddress
#     to set the Java Heap base and to place the Java Heap above 4GB virtual address.
# This output file may be truncated or incomplete.
#
#  Out of Memory Error (arena.cpp:184), pid=4240, tid=4080
#
# JRE version: OpenJDK Runtime Environment (19.0.1+10) (build 19.0.1+10-21)
# Java VM: OpenJDK 64-Bit Server VM (19.0.1+10-21, mixed mode, sharing, tiered, compressed oops, compressed class ptrs, g1 gc, windows-amd64)
# No core dump will be written. Minidumps are not enabled by default on client versions of Windows
#

---------------  S U M M A R Y ------------

Command Line: -Dmaven.multiModuleProjectDirectory=E:\CLion\CLionProjects\xxx\J\echo -Dmaven.home=C:\Users\John\.m2\wrapper\dists\apache-maven-3.9.4-bin\2vqnav6ufo1qvo5j2um40861m\apache-maven-3.9.4 -Dclassworlds.conf=C:\Users\John\.m2\wrapper\dists\apache-maven-3.9.4-bin\2vqnav6ufo1qvo5j2um40861m\apache-maven-3.9.4\bin\m2.conf -Dmaven.ext.class.path=C:\opt\intelliJ\plugins\maven\lib\maven-event-listener.jar -javaagent:C:\opt\intelliJ\lib\idea_rt.jar=50716:C:\opt\intelliJ\bin -Dfile.encoding=UTF-8 org.codehaus.classworlds.Launcher -Didea.version=2022.1 clean validate compile test package

Host: AMD Ryzen 3 1200 Quad-Core Processor           , 4 cores, 7G,  Windows 7 , 64 bit Build 7601 (6.1.7601.17514)
Time: Mon Aug 21 23:28:20 2023 Central European Daylight Time elapsed time: 11.616049 seconds (0d 0h 0m 11s)

---------------  T H R E A D  ---------------

Current thread (0x00000000217ef580):  JavaThread "C2 CompilerThread0" daemon [_thread_in_native, id=4080, stack(0x0000000026210000,0x0000000026310000)]


Current CompileTask:
C2:  11616 6496   !   4      
[error occurred during error reporting (printing current compile task), id 0xe0000001, Out of Memory Error (s\open\src\hotspot\share\memory\arena.cpp:184)]

Stack: [0x0000000026210000,0x0000000026310000]
Native frames: (J=compiled Java code, j=interpreted, Vv=VM code, C=native code)
V  [jvm.dll+0x6ee8fa]
V  [jvm.dll+0x857a1e]
V  [jvm.dll+0x85940e]
V  [jvm.dll+0x859ac3]
V  [jvm.dll+0x28291f]
V  [jvm.dll+0xc9b5f]
V  [jvm.dll+0xc9ee5]
V  [jvm.dll+0x7bf97c]
V  [jvm.dll+0x7bfa69]
V  [jvm.dll+0x6a2d69]
V  [jvm.dll+0x25ff56]
V  [jvm.dll+0x8578b6]
V  [jvm.dll+0x85940e]
V  [jvm.dll+0x859ac3]
V  [jvm.dll+0x28291f]
V  [jvm.dll+0xc9b5f]
V  [jvm.dll+0xc9ee5]
V  [jvm.dll+0x3c1d25]
V  [jvm.dll+0x3bcbde]
V  [jvm.dll+0x386201]
V  [jvm.dll+0x38567a]
V  [jvm.dll+0x24c2c9]
V  [jvm.dll+0x24b671]
V  [jvm.dll+0x1d6d61]
V  [jvm.dll+0x25b0fa]
V  [jvm.dll+0x259588]
V  [jvm.dll+0x807928]
V  [jvm.dll+0x8015fa]
V  [jvm.dll+0x6ed5eb]
C  [ucrtbase.DLL+0x214c2]
C  [kernel32.dll+0x1652d]
C  [ntdll.dll+0x2c521]


---------------  P R O C E S S  ---------------

Threads class SMR info:
_java_thread_list=0x0000000027eb7e70, length=19, elements={
0x00000000002fead0, 0x00000000217e08b0, 0x00000000217e14a0, 0x00000000217e5370,
0x00000000217e9e00, 0x00000000217ea870, 0x00000000217ee7e0, 0x00000000217ef580,
0x00000000217f0030, 0x00000000218012a0, 0x000000001eacdd90, 0x00000000267038f0,
0x00000000267056d0, 0x0000000027826190, 0x0000000027adff20, 0x00000000298f6ee0,
0x00000000298f7430, 0x00000000298f7980, 0x00000000298f7ed0
}

Java Threads: ( => current thread )
  0x00000000002fead0 JavaThread "main" [_thread_in_native, id=3776, stack(0x00000000022f0000,0x00000000023f0000)]
  0x00000000217e08b0 JavaThread "Reference Handler" daemon [_thread_blocked, id=3520, stack(0x0000000021a80000,0x0000000021b80000)]
  0x00000000217e14a0 JavaThread "Finalizer" daemon [_thread_blocked, id=5824, stack(0x0000000021970000,0x0000000021a70000)]
  0x00000000217e5370 JavaThread "Signal Dispatcher" daemon [_thread_blocked, id=5744, stack(0x0000000025cd0000,0x0000000025dd0000)]
  0x00000000217e9e00 JavaThread "Attach Listener" daemon [_thread_blocked, id=2040, stack(0x0000000025de0000,0x0000000025ee0000)]
  0x00000000217ea870 JavaThread "Service Thread" daemon [_thread_blocked, id=2668, stack(0x0000000025ee0000,0x0000000025fe0000)]
  0x00000000217ee7e0 JavaThread "Monitor Deflation Thread" daemon [_thread_blocked, id=5104, stack(0x0000000026060000,0x0000000026160000)]
=>0x00000000217ef580 JavaThread "C2 CompilerThread0" daemon [_thread_in_native, id=4080, stack(0x0000000026210000,0x0000000026310000)]
  0x00000000217f0030 JavaThread "C1 CompilerThread0" daemon [_thread_in_native, id=3964, stack(0x0000000026360000,0x0000000026460000)]
  0x00000000218012a0 JavaThread "Sweeper thread" daemon [_thread_blocked, id=4412, stack(0x00000000264f0000,0x00000000265f0000)]
  0x000000001eacdd90 JavaThread "Common-Cleaner" daemon [_thread_blocked, id=4916, stack(0x0000000026a20000,0x0000000026b20000)]
  0x00000000267038f0 JavaThread "Monitor Ctrl-Break" daemon [_thread_in_native, id=5484, stack(0x0000000026b20000,0x0000000026c20000)]
  0x00000000267056d0 JavaThread "Notification Thread" daemon [_thread_blocked, id=4272, stack(0x0000000026e80000,0x0000000026f80000)]
  0x0000000027826190 JavaThread "timeout-check-timer" daemon [_thread_blocked, id=5400, stack(0x000000002b1b0000,0x000000002b2b0000)]
  0x0000000027adff20 JavaThread "ping-timer-10s" daemon [_thread_blocked, id=5628, stack(0x0000000029ef0000,0x0000000029ff0000)]
  0x00000000298f6ee0 JavaThread "ThreadedStreamConsumer" daemon [_thread_blocked, id=2356, stack(0x000000002b320000,0x000000002b420000)]
  0x00000000298f7430 JavaThread "fork-1-err-thread" daemon [_thread_in_native, id=5304, stack(0x000000002b4b0000,0x000000002b5b0000)]
  0x00000000298f7980 JavaThread "commands-fork-1" daemon [_thread_blocked, id=1688, stack(0x000000002b620000,0x000000002b720000)]
  0x00000000298f7ed0 JavaThread "fork-1-event-thread" daemon [_thread_in_native, id=3752, stack(0x000000002b770000,0x000000002b870000)]

Other Threads:
  0x00000000217cbcb0 VMThread "VM Thread" [stack: 0x0000000021480000,0x0000000021580000] [id=1168]
  0x0000000026703e30 WatcherThread "VM Periodic Task Thread" [stack: 0x0000000026d40000,0x0000000026e40000] [id=6024]
  0x0000000000360230 WorkerThread "GC Thread#0" [stack: 0x000000001e8d0000,0x000000001e9d0000] [id=4616]
  0x0000000027350060 WorkerThread "GC Thread#1" [stack: 0x00000000288c0000,0x00000000289c0000] [id=3272]
  0x00000000277a1eb0 WorkerThread "GC Thread#2" [stack: 0x00000000287a0000,0x00000000288a0000] [id=4168]
  0x00000000270fd0f0 WorkerThread "GC Thread#3" [stack: 0x00000000289d0000,0x0000000028ad0000] [id=5596]
  0x000000001e9d4030 ConcurrentGCThread "G1 Main Marker" [stack: 0x000000001eba0000,0x000000001eca0000] [id=724]
  0x000000001e9d4710 WorkerThread "G1 Conc#0" [stack: 0x000000001ee50000,0x000000001ef50000] [id=2168]
  0x000000001ea6f140 ConcurrentGCThread "G1 Refine#0" [stack: 0x0000000021360000,0x0000000021460000] [id=4872]
  0x000000001ea70b90 ConcurrentGCThread "G1 Service" [stack: 0x00000000215e0000,0x00000000216e0000] [id=5184]

Threads with active compile tasks:
C2 CompilerThread0    11650 6496   !   4       java.lang.ClassLoader::loadClass (121 bytes)
C1 CompilerThread0    11650 6503       3       java.util.Locale::hashCode (41 bytes)

VM state: not at safepoint (normal execution)

VM Mutex/Monitor currently owned by a thread: None

Heap address: 0x0000000080c00000, size: 2036 MB, Compressed Oops mode: 32-bit

CDS archive(s) mapped at: [0x0000000800000000-0x0000000800c30000-0x0000000800c30000), size 12779520, SharedBaseAddress: 0x0000000800000000, ArchiveRelocationMode: 0.
Compressed class space mapped at: 0x0000000801000000-0x0000000841000000, reserved size: 1073741824
Narrow klass base: 0x0000000800000000, Narrow klass shift: 0, Narrow klass range: 0x100000000

GC Precious Log:
 CardTable entry size: 512
 Card Set container configuration: InlinePtr #cards 5 size 8 Array Of Cards #cards 12 size 40 Howl #buckets 4 coarsen threshold 1843 Howl Bitmap #cards 512 size 80 coarsen threshold 460 Card regions per heap region 1 cards per card region 2048
 CPUs: 4 total, 4 available
 Memory: 8136M
 Large Page Support: Disabled
 NUMA Support: Disabled
 Compressed Oops: Enabled (32-bit)
 Heap Region Size: 1M
 Heap Min Capacity: 8M
 Heap Initial Capacity: 128M
 Heap Max Capacity: 2036M
 Pre-touch: Disabled
 Parallel Workers: 4
 Concurrent Workers: 1
 Concurrent Refinement Workers: 4
 Periodic GC: Disabled

Heap:
 garbage-first heap   total 315392K, used 58149K [0x0000000080c00000, 0x0000000100000000)
  region size 1024K, 16 young (16384K), 2 survivors (2048K)
 Metaspace       used 33360K, committed 33792K, reserved 1114112K
  class space    used 3673K, committed 3904K, reserved 1048576K

Heap Regions: E=young(eden), S=young(survivor), O=old, HS=humongous(starts), HC=humongous(continues), CS=collection set, F=free, OA=open archive, CA=closed archive, TAMS=top-at-mark-start (previous, next)
|   0|0x0000000080c00000, 0x0000000080d00000, 0x0000000080d00000|100%| O|  |TAMS 0x0000000080d00000, 0x0000000080c00000| Untracked 
|   1|0x0000000080d00000, 0x0000000080e00000, 0x0000000080e00000|100%| O|  |TAMS 0x0000000080e00000, 0x0000000080d00000| Untracked 
|   2|0x0000000080e00000, 0x0000000080f00000, 0x0000000080f00000|100%| O|  |TAMS 0x0000000080f00000, 0x0000000080e00000| Untracked 
|   3|0x0000000080f00000, 0x0000000081000000, 0x0000000081000000|100%| O|  |TAMS 0x0000000081000000, 0x0000000080f00000| Untracked 
|   4|0x0000000081000000, 0x0000000081100000, 0x0000000081100000|100%| O|  |TAMS 0x0000000081100000, 0x0000000081000000| Untracked 
|   5|0x0000000081100000, 0x0000000081200000, 0x0000000081200000|100%| O|  |TAMS 0x0000000081100000, 0x0000000081100000| Untracked 
|   6|0x0000000081200000, 0x0000000081300000, 0x0000000081300000|100%|HS|  |TAMS 0x0000000081300000, 0x0000000081200000| Complete 
|   7|0x0000000081300000, 0x0000000081400000, 0x0000000081400000|100%|HC|  |TAMS 0x0000000081400000, 0x0000000081300000| Complete 
|   8|0x0000000081400000, 0x0000000081500000, 0x0000000081500000|100%| O|  |TAMS 0x0000000081500000, 0x0000000081400000| Untracked 
|   9|0x0000000081500000, 0x0000000081600000, 0x0000000081600000|100%| O|  |TAMS 0x0000000081600000, 0x0000000081500000| Untracked 
|  10|0x0000000081600000, 0x0000000081700000, 0x0000000081700000|100%| O|  |TAMS 0x0000000081700000, 0x0000000081600000| Untracked 
|  11|0x0000000081700000, 0x0000000081800000, 0x0000000081800000|100%| O|  |TAMS 0x0000000081800000, 0x0000000081700000| Untracked 
|  12|0x0000000081800000, 0x0000000081900000, 0x0000000081900000|100%| O|  |TAMS 0x0000000081900000, 0x0000000081800000| Untracked 
|  13|0x0000000081900000, 0x0000000081a00000, 0x0000000081a00000|100%| O|  |TAMS 0x0000000081a00000, 0x0000000081900000| Untracked 
|  14|0x0000000081a00000, 0x0000000081b00000, 0x0000000081b00000|100%| O|  |TAMS 0x0000000081a00000, 0x0000000081a00000| Untracked 
|  15|0x0000000081b00000, 0x0000000081c00000, 0x0000000081c00000|100%| O|  |TAMS 0x0000000081c00000, 0x0000000081b00000| Untracked 
|  16|0x0000000081c00000, 0x0000000081d00000, 0x0000000081d00000|100%| O|  |TAMS 0x0000000081d00000, 0x0000000081c00000| Untracked 
|  17|0x0000000081d00000, 0x0000000081e00000, 0x0000000081e00000|100%| O|  |TAMS 0x0000000081e00000, 0x0000000081d00000| Untracked 
|  18|0x0000000081e00000, 0x0000000081f00000, 0x0000000081f00000|100%| O|  |TAMS 0x0000000081f00000, 0x0000000081e00000| Untracked 
|  19|0x0000000081f00000, 0x0000000082000000, 0x0000000082000000|100%| O|  |TAMS 0x0000000082000000, 0x0000000081f00000| Untracked 
|  20|0x0000000082000000, 0x0000000082100000, 0x0000000082100000|100%| O|  |TAMS 0x0000000082100000, 0x0000000082000000| Untracked 
|  21|0x0000000082100000, 0x0000000082200000, 0x0000000082200000|100%| O|  |TAMS 0x0000000082200000, 0x0000000082100000| Untracked 
|  22|0x0000000082200000, 0x0000000082300000, 0x0000000082300000|100%| O|  |TAMS 0x0000000082300000, 0x0000000082200000| Untracked 
|  23|0x0000000082300000, 0x0000000082400000, 0x0000000082400000|100%| O|  |TAMS 0x0000000082400000, 0x0000000082300000| Untracked 
|  24|0x0000000082400000, 0x0000000082500000, 0x0000000082500000|100%|HS|  |TAMS 0x0000000082400000, 0x0000000082400000| Complete 
|  25|0x0000000082500000, 0x0000000082600000, 0x0000000082600000|100%|HC|  |TAMS 0x0000000082500000, 0x0000000082500000| Complete 
|  26|0x0000000082600000, 0x0000000082700000, 0x0000000082700000|100%| O|  |TAMS 0x0000000082600000, 0x0000000082600000| Untracked 
|  27|0x0000000082700000, 0x0000000082800000, 0x0000000082800000|100%| O|  |TAMS 0x0000000082700000, 0x0000000082700000| Untracked 
|  28|0x0000000082800000, 0x0000000082900000, 0x0000000082900000|100%| O|  |TAMS 0x0000000082800000, 0x0000000082800000| Untracked 
|  29|0x0000000082900000, 0x0000000082a00000, 0x0000000082a00000|100%| O|  |TAMS 0x0000000082900000, 0x0000000082900000| Untracked 
|  30|0x0000000082a00000, 0x0000000082b00000, 0x0000000082b00000|100%| O|  |TAMS 0x0000000082a00000, 0x0000000082a00000| Untracked 
|  31|0x0000000082b00000, 0x0000000082c00000, 0x0000000082c00000|100%| O|  |TAMS 0x0000000082c00000, 0x0000000082b00000| Untracked 
|  32|0x0000000082c00000, 0x0000000082d00000, 0x0000000082d00000|100%| O|  |TAMS 0x0000000082d00000, 0x0000000082c00000| Untracked 
|  33|0x0000000082d00000, 0x0000000082e00000, 0x0000000082e00000|100%| O|  |TAMS 0x0000000082e00000, 0x0000000082d00000| Untracked 
|  34|0x0000000082e00000, 0x0000000082f00000, 0x0000000082f00000|100%| O|  |TAMS 0x0000000082f00000, 0x0000000082e00000| Untracked 
|  35|0x0000000082f00000, 0x0000000083000000, 0x0000000083000000|100%| O|  |TAMS 0x0000000082f80000, 0x0000000082f00000| Untracked 
|  36|0x0000000083000000, 0x0000000083100000, 0x0000000083100000|100%| O|  |TAMS 0x0000000083000000, 0x0000000083000000| Untracked 
|  37|0x0000000083100000, 0x0000000083200000, 0x0000000083200000|100%| O|  |TAMS 0x0000000083100000, 0x0000000083100000| Untracked 
|  38|0x0000000083200000, 0x0000000083300000, 0x0000000083300000|100%| O|  |TAMS 0x0000000083200000, 0x0000000083200000| Untracked 
|  39|0x0000000083300000, 0x0000000083400000, 0x0000000083400000|100%| O|  |TAMS 0x0000000083300000, 0x0000000083300000| Untracked 
|  40|0x0000000083400000, 0x00000000834d3e00, 0x0000000083500000| 82%| O|  |TAMS 0x0000000083400000, 0x0000000083400000| Untracked 
|  41|0x0000000083500000, 0x0000000083500000, 0x0000000083600000|  0%| F|  |TAMS 0x0000000083500000, 0x0000000083500000| Untracked 
|  42|0x0000000083600000, 0x0000000083600000, 0x0000000083700000|  0%| F|  |TAMS 0x0000000083600000, 0x0000000083600000| Untracked 
|  43|0x0000000083700000, 0x0000000083700000, 0x0000000083800000|  0%| F|  |TAMS 0x0000000083700000, 0x0000000083700000| Untracked 
|  44|0x0000000083800000, 0x0000000083800000, 0x0000000083900000|  0%| F|  |TAMS 0x0000000083800000, 0x0000000083800000| Untracked 
|  45|0x0000000083900000, 0x0000000083900000, 0x0000000083a00000|  0%| F|  |TAMS 0x0000000083900000, 0x0000000083900000| Untracked 
|  46|0x0000000083a00000, 0x0000000083a00000, 0x0000000083b00000|  0%| F|  |TAMS 0x0000000083a00000, 0x0000000083a00000| Untracked 
|  47|0x0000000083b00000, 0x0000000083b00000, 0x0000000083c00000|  0%| F|  |TAMS 0x0000000083b00000, 0x0000000083b00000| Untracked 
|  48|0x0000000083c00000, 0x0000000083c00000, 0x0000000083d00000|  0%| F|  |TAMS 0x0000000083c00000, 0x0000000083c00000| Untracked 
|  49|0x0000000083d00000, 0x0000000083d00000, 0x0000000083e00000|  0%| F|  |TAMS 0x0000000083d00000, 0x0000000083d00000| Untracked 
|  50|0x0000000083e00000, 0x0000000083e00000, 0x0000000083f00000|  0%| F|  |TAMS 0x0000000083e00000, 0x0000000083e00000| Untracked 
|  51|0x0000000083f00000, 0x0000000083f00000, 0x0000000084000000|  0%| F|  |TAMS 0x0000000083f00000, 0x0000000083f00000| Untracked 
|  52|0x0000000084000000, 0x0000000084000000, 0x0000000084100000|  0%| F|  |TAMS 0x0000000084000000, 0x0000000084000000| Untracked 
|  53|0x0000000084100000, 0x0000000084100000, 0x0000000084200000|  0%| F|  |TAMS 0x0000000084100000, 0x0000000084100000| Untracked 
|  54|0x0000000084200000, 0x0000000084200000, 0x0000000084300000|  0%| F|  |TAMS 0x0000000084200000, 0x0000000084200000| Untracked 
|  55|0x0000000084300000, 0x0000000084300000, 0x0000000084400000|  0%| F|  |TAMS 0x0000000084300000, 0x0000000084300000| Untracked 
|  56|0x0000000084400000, 0x0000000084400000, 0x0000000084500000|  0%| F|  |TAMS 0x0000000084400000, 0x0000000084400000| Untracked 
|  57|0x0000000084500000, 0x0000000084500000, 0x0000000084600000|  0%| F|  |TAMS 0x0000000084500000, 0x0000000084500000| Untracked 
|  58|0x0000000084600000, 0x0000000084600000, 0x0000000084700000|  0%| F|  |TAMS 0x0000000084600000, 0x0000000084600000| Untracked 
|  59|0x0000000084700000, 0x0000000084700000, 0x0000000084800000|  0%| F|  |TAMS 0x0000000084700000, 0x0000000084700000| Untracked 
|  60|0x0000000084800000, 0x0000000084800000, 0x0000000084900000|  0%| F|  |TAMS 0x0000000084800000, 0x0000000084800000| Untracked 
|  61|0x0000000084900000, 0x0000000084900000, 0x0000000084a00000|  0%| F|  |TAMS 0x0000000084900000, 0x0000000084900000| Untracked 
|  62|0x0000000084a00000, 0x0000000084a00000, 0x0000000084b00000|  0%| F|  |TAMS 0x0000000084a00000, 0x0000000084a00000| Untracked 
|  63|0x0000000084b00000, 0x0000000084b00000, 0x0000000084c00000|  0%| F|  |TAMS 0x0000000084b00000, 0x0000000084b00000| Untracked 
|  64|0x0000000084c00000, 0x0000000084c00000, 0x0000000084d00000|  0%| F|  |TAMS 0x0000000084c00000, 0x0000000084c00000| Untracked 
|  65|0x0000000084d00000, 0x0000000084d00000, 0x0000000084e00000|  0%| F|  |TAMS 0x0000000084d00000, 0x0000000084d00000| Untracked 
|  66|0x0000000084e00000, 0x0000000084e00000, 0x0000000084f00000|  0%| F|  |TAMS 0x0000000084e00000, 0x0000000084e00000| Untracked 
|  67|0x0000000084f00000, 0x0000000084f00000, 0x0000000085000000|  0%| F|  |TAMS 0x0000000084f00000, 0x0000000084f00000| Untracked 
|  68|0x0000000085000000, 0x0000000085100000, 0x0000000085100000|100%| O|  |TAMS 0x0000000085000000, 0x0000000085000000| Untracked 
|  69|0x0000000085100000, 0x0000000085100000, 0x0000000085200000|  0%| F|  |TAMS 0x0000000085100000, 0x0000000085100000| Untracked 
|  70|0x0000000085200000, 0x0000000085200000, 0x0000000085300000|  0%| F|  |TAMS 0x0000000085200000, 0x0000000085200000| Untracked 
|  71|0x0000000085300000, 0x0000000085300000, 0x0000000085400000|  0%| F|  |TAMS 0x0000000085300000, 0x0000000085300000| Untracked 
|  72|0x0000000085400000, 0x00000000854f5620, 0x0000000085500000| 95%| S|CS|TAMS 0x0000000085400000, 0x0000000085400000| Complete 
|  73|0x0000000085500000, 0x0000000085600000, 0x0000000085600000|100%| S|CS|TAMS 0x0000000085500000, 0x0000000085500000| Complete 
|  74|0x0000000085600000, 0x0000000085600000, 0x0000000085700000|  0%| F|  |TAMS 0x0000000085600000, 0x0000000085600000| Untracked 
|  75|0x0000000085700000, 0x0000000085700000, 0x0000000085800000|  0%| F|  |TAMS 0x0000000085700000, 0x0000000085700000| Untracked 
|  76|0x0000000085800000, 0x0000000085800000, 0x0000000085900000|  0%| F|  |TAMS 0x0000000085800000, 0x0000000085800000| Untracked 
|  77|0x0000000085900000, 0x0000000085900000, 0x0000000085a00000|  0%| F|  |TAMS 0x0000000085900000, 0x0000000085900000| Untracked 
|  78|0x0000000085a00000, 0x0000000085a00000, 0x0000000085b00000|  0%| F|  |TAMS 0x0000000085a00000, 0x0000000085a00000| Untracked 
|  79|0x0000000085b00000, 0x0000000085b00000, 0x0000000085c00000|  0%| F|  |TAMS 0x0000000085b00000, 0x0000000085b00000| Untracked 
|  80|0x0000000085c00000, 0x0000000085c00000, 0x0000000085d00000|  0%| F|  |TAMS 0x0000000085c00000, 0x0000000085c00000| Untracked 
|  81|0x0000000085d00000, 0x0000000085d00000, 0x0000000085e00000|  0%| F|  |TAMS 0x0000000085d00000, 0x0000000085d00000| Untracked 
|  82|0x0000000085e00000, 0x0000000085e00000, 0x0000000085f00000|  0%| F|  |TAMS 0x0000000085e00000, 0x0000000085e00000| Untracked 
|  83|0x0000000085f00000, 0x0000000085f00000, 0x0000000086000000|  0%| F|  |TAMS 0x0000000085f00000, 0x0000000085f00000| Untracked 
|  84|0x0000000086000000, 0x0000000086000000, 0x0000000086100000|  0%| F|  |TAMS 0x0000000086000000, 0x0000000086000000| Untracked 
|  85|0x0000000086100000, 0x0000000086100000, 0x0000000086200000|  0%| F|  |TAMS 0x0000000086100000, 0x0000000086100000| Untracked 
|  86|0x0000000086200000, 0x0000000086200000, 0x0000000086300000|  0%| F|  |TAMS 0x0000000086200000, 0x0000000086200000| Untracked 
|  87|0x0000000086300000, 0x0000000086300000, 0x0000000086400000|  0%| F|  |TAMS 0x0000000086300000, 0x0000000086300000| Untracked 
|  88|0x0000000086400000, 0x0000000086400000, 0x0000000086500000|  0%| F|  |TAMS 0x0000000086400000, 0x0000000086400000| Untracked 
|  89|0x0000000086500000, 0x0000000086500000, 0x0000000086600000|  0%| F|  |TAMS 0x0000000086500000, 0x0000000086500000| Untracked 
|  90|0x0000000086600000, 0x0000000086600000, 0x0000000086700000|  0%| F|  |TAMS 0x0000000086600000, 0x0000000086600000| Untracked 
|  91|0x0000000086700000, 0x0000000086700000, 0x0000000086800000|  0%| F|  |TAMS 0x0000000086700000, 0x0000000086700000| Untracked 
|  92|0x0000000086800000, 0x0000000086800000, 0x0000000086900000|  0%| F|  |TAMS 0x0000000086800000, 0x0000000086800000| Untracked 
|  93|0x0000000086900000, 0x0000000086900000, 0x0000000086a00000|  0%| F|  |TAMS 0x0000000086900000, 0x0000000086900000| Untracked 
|  94|0x0000000086a00000, 0x0000000086a00000, 0x0000000086b00000|  0%| F|  |TAMS 0x0000000086a00000, 0x0000000086a00000| Untracked 
|  95|0x0000000086b00000, 0x0000000086b00000, 0x0000000086c00000|  0%| F|  |TAMS 0x0000000086b00000, 0x0000000086b00000| Untracked 
|  96|0x0000000086c00000, 0x0000000086c00000, 0x0000000086d00000|  0%| F|  |TAMS 0x0000000086c00000, 0x0000000086c00000| Untracked 
|  97|0x0000000086d00000, 0x0000000086d00000, 0x0000000086e00000|  0%| F|  |TAMS 0x0000000086d00000, 0x0000000086d00000| Untracked 
|  98|0x0000000086e00000, 0x0000000086e00000, 0x0000000086f00000|  0%| F|  |TAMS 0x0000000086e00000, 0x0000000086e00000| Untracked 
|  99|0x0000000086f00000, 0x0000000086f00000, 0x0000000087000000|  0%| F|  |TAMS 0x0000000086f00000, 0x0000000086f00000| Untracked 
| 100|0x0000000087000000, 0x0000000087000000, 0x0000000087100000|  0%| F|  |TAMS 0x0000000087000000, 0x0000000087000000| Untracked 
| 101|0x0000000087100000, 0x0000000087100000, 0x0000000087200000|  0%| F|  |TAMS 0x0000000087100000, 0x0000000087100000| Untracked 
| 102|0x0000000087200000, 0x0000000087200000, 0x0000000087300000|  0%| F|  |TAMS 0x0000000087200000, 0x0000000087200000| Untracked 
| 103|0x0000000087300000, 0x0000000087300000, 0x0000000087400000|  0%| F|  |TAMS 0x0000000087300000, 0x0000000087300000| Untracked 
| 104|0x0000000087400000, 0x0000000087400000, 0x0000000087500000|  0%| F|  |TAMS 0x0000000087400000, 0x0000000087400000| Untracked 
| 105|0x0000000087500000, 0x0000000087500000, 0x0000000087600000|  0%| F|  |TAMS 0x0000000087500000, 0x0000000087500000| Untracked 
| 106|0x0000000087600000, 0x0000000087600000, 0x0000000087700000|  0%| F|  |TAMS 0x0000000087600000, 0x0000000087600000| Untracked 
| 107|0x0000000087700000, 0x0000000087700000, 0x0000000087800000|  0%| F|  |TAMS 0x0000000087700000, 0x0000000087700000| Untracked 
| 108|0x0000000087800000, 0x0000000087800000, 0x0000000087900000|  0%| F|  |TAMS 0x0000000087800000, 0x0000000087800000| Untracked 
| 109|0x0000000087900000, 0x0000000087900000, 0x0000000087a00000|  0%| F|  |TAMS 0x0000000087900000, 0x0000000087900000| Untracked 
| 110|0x0000000087a00000, 0x0000000087a00000, 0x0000000087b00000|  0%| F|  |TAMS 0x0000000087a00000, 0x0000000087a00000| Untracked 
| 111|0x0000000087b00000, 0x0000000087b00000, 0x0000000087c00000|  0%| F|  |TAMS 0x0000000087b00000, 0x0000000087b00000| Untracked 
| 112|0x0000000087c00000, 0x0000000087c00000, 0x0000000087d00000|  0%| F|  |TAMS 0x0000000087c00000, 0x0000000087c00000| Untracked 
| 113|0x0000000087d00000, 0x0000000087d00000, 0x0000000087e00000|  0%| F|  |TAMS 0x0000000087d00000, 0x0000000087d00000| Untracked 
| 114|0x0000000087e00000, 0x0000000087e00000, 0x0000000087f00000|  0%| F|  |TAMS 0x0000000087e00000, 0x0000000087e00000| Untracked 
| 115|0x0000000087f00000, 0x0000000087f00000, 0x0000000088000000|  0%| F|  |TAMS 0x0000000087f00000, 0x0000000087f00000| Untracked 
| 116|0x0000000088000000, 0x0000000088000000, 0x0000000088100000|  0%| F|  |TAMS 0x0000000088000000, 0x0000000088000000| Untracked 
| 117|0x0000000088100000, 0x0000000088100000, 0x0000000088200000|  0%| F|  |TAMS 0x0000000088100000, 0x0000000088100000| Untracked 
| 118|0x0000000088200000, 0x0000000088200000, 0x0000000088300000|  0%| F|  |TAMS 0x0000000088200000, 0x0000000088200000| Untracked 
| 119|0x0000000088300000, 0x0000000088300000, 0x0000000088400000|  0%| F|  |TAMS 0x0000000088300000, 0x0000000088300000| Untracked 
| 120|0x0000000088400000, 0x0000000088400000, 0x0000000088500000|  0%| F|  |TAMS 0x0000000088400000, 0x0000000088400000| Untracked 
| 121|0x0000000088500000, 0x0000000088500000, 0x0000000088600000|  0%| F|  |TAMS 0x0000000088500000, 0x0000000088500000| Untracked 
| 122|0x0000000088600000, 0x0000000088600000, 0x0000000088700000|  0%| F|  |TAMS 0x0000000088600000, 0x0000000088600000| Untracked 
| 123|0x0000000088700000, 0x0000000088700000, 0x0000000088800000|  0%| F|  |TAMS 0x0000000088700000, 0x0000000088700000| Untracked 
| 124|0x0000000088800000, 0x0000000088800000, 0x0000000088900000|  0%| F|  |TAMS 0x0000000088800000, 0x0000000088800000| Untracked 
| 125|0x0000000088900000, 0x0000000088900000, 0x0000000088a00000|  0%| F|  |TAMS 0x0000000088900000, 0x0000000088900000| Untracked 
| 126|0x0000000088a00000, 0x0000000088a00000, 0x0000000088b00000|  0%| F|  |TAMS 0x0000000088a00000, 0x0000000088a00000| Untracked 
| 127|0x0000000088b00000, 0x0000000088b00000, 0x0000000088c00000|  0%| F|  |TAMS 0x0000000088b00000, 0x0000000088b00000| Untracked 
| 128|0x0000000088c00000, 0x0000000088c00000, 0x0000000088d00000|  0%| F|  |TAMS 0x0000000088c00000, 0x0000000088c00000| Untracked 
| 129|0x0000000088d00000, 0x0000000088d00000, 0x0000000088e00000|  0%| F|  |TAMS 0x0000000088d00000, 0x0000000088d00000| Untracked 
| 130|0x0000000088e00000, 0x0000000088e00000, 0x0000000088f00000|  0%| F|  |TAMS 0x0000000088e00000, 0x0000000088e00000| Untracked 
| 131|0x0000000088f00000, 0x0000000088f00000, 0x0000000089000000|  0%| F|  |TAMS 0x0000000088f00000, 0x0000000088f00000| Untracked 
| 132|0x0000000089000000, 0x0000000089000000, 0x0000000089100000|  0%| F|  |TAMS 0x0000000089000000, 0x0000000089000000| Untracked 
| 133|0x0000000089100000, 0x0000000089100000, 0x0000000089200000|  0%| F|  |TAMS 0x0000000089100000, 0x0000000089100000| Untracked 
| 134|0x0000000089200000, 0x0000000089200000, 0x0000000089300000|  0%| F|  |TAMS 0x0000000089200000, 0x0000000089200000| Untracked 
| 135|0x0000000089300000, 0x0000000089300000, 0x0000000089400000|  0%| F|  |TAMS 0x0000000089300000, 0x0000000089300000| Untracked 
| 136|0x0000000089400000, 0x0000000089400000, 0x0000000089500000|  0%| F|  |TAMS 0x0000000089400000, 0x0000000089400000| Untracked 
| 137|0x0000000089500000, 0x0000000089500000, 0x0000000089600000|  0%| F|  |TAMS 0x0000000089500000, 0x0000000089500000| Untracked 
| 138|0x0000000089600000, 0x0000000089600000, 0x0000000089700000|  0%| F|  |TAMS 0x0000000089600000, 0x0000000089600000| Untracked 
| 139|0x0000000089700000, 0x0000000089700000, 0x0000000089800000|  0%| F|  |TAMS 0x0000000089700000, 0x0000000089700000| Untracked 
| 140|0x0000000089800000, 0x0000000089800000, 0x0000000089900000|  0%| F|  |TAMS 0x0000000089800000, 0x0000000089800000| Untracked 
| 141|0x0000000089900000, 0x0000000089900000, 0x0000000089a00000|  0%| F|  |TAMS 0x0000000089900000, 0x0000000089900000| Untracked 
| 142|0x0000000089a00000, 0x0000000089a00000, 0x0000000089b00000|  0%| F|  |TAMS 0x0000000089a00000, 0x0000000089a00000| Untracked 
| 143|0x0000000089b00000, 0x0000000089b00000, 0x0000000089c00000|  0%| F|  |TAMS 0x0000000089b00000, 0x0000000089b00000| Untracked 
| 144|0x0000000089c00000, 0x0000000089c00000, 0x0000000089d00000|  0%| F|  |TAMS 0x0000000089c00000, 0x0000000089c00000| Untracked 
| 145|0x0000000089d00000, 0x0000000089d00000, 0x0000000089e00000|  0%| F|  |TAMS 0x0000000089d00000, 0x0000000089d00000| Untracked 
| 146|0x0000000089e00000, 0x0000000089e00000, 0x0000000089f00000|  0%| F|  |TAMS 0x0000000089e00000, 0x0000000089e00000| Untracked 
| 147|0x0000000089f00000, 0x0000000089f00000, 0x000000008a000000|  0%| F|  |TAMS 0x0000000089f00000, 0x0000000089f00000| Untracked 
| 148|0x000000008a000000, 0x000000008a000000, 0x000000008a100000|  0%| F|  |TAMS 0x000000008a000000, 0x000000008a000000| Untracked 
| 149|0x000000008a100000, 0x000000008a100000, 0x000000008a200000|  0%| F|  |TAMS 0x000000008a100000, 0x000000008a100000| Untracked 
| 150|0x000000008a200000, 0x000000008a200000, 0x000000008a300000|  0%| F|  |TAMS 0x000000008a200000, 0x000000008a200000| Untracked 
| 151|0x000000008a300000, 0x000000008a300000, 0x000000008a400000|  0%| F|  |TAMS 0x000000008a300000, 0x000000008a300000| Untracked 
| 152|0x000000008a400000, 0x000000008a400000, 0x000000008a500000|  0%| F|  |TAMS 0x000000008a400000, 0x000000008a400000| Untracked 
| 153|0x000000008a500000, 0x000000008a500000, 0x000000008a600000|  0%| F|  |TAMS 0x000000008a500000, 0x000000008a500000| Untracked 
| 154|0x000000008a600000, 0x000000008a600000, 0x000000008a700000|  0%| F|  |TAMS 0x000000008a600000, 0x000000008a600000| Untracked 
| 155|0x000000008a700000, 0x000000008a700000, 0x000000008a800000|  0%| F|  |TAMS 0x000000008a700000, 0x000000008a700000| Untracked 
| 156|0x000000008a800000, 0x000000008a800000, 0x000000008a900000|  0%| F|  |TAMS 0x000000008a800000, 0x000000008a800000| Untracked 
| 157|0x000000008a900000, 0x000000008a900000, 0x000000008aa00000|  0%| F|  |TAMS 0x000000008a900000, 0x000000008a900000| Untracked 
| 158|0x000000008aa00000, 0x000000008aa00000, 0x000000008ab00000|  0%| F|  |TAMS 0x000000008aa00000, 0x000000008aa00000| Untracked 
| 159|0x000000008ab00000, 0x000000008ab00000, 0x000000008ac00000|  0%| F|  |TAMS 0x000000008ab00000, 0x000000008ab00000| Untracked 
| 160|0x000000008ac00000, 0x000000008ac00000, 0x000000008ad00000|  0%| F|  |TAMS 0x000000008ac00000, 0x000000008ac00000| Untracked 
| 161|0x000000008ad00000, 0x000000008ad00000, 0x000000008ae00000|  0%| F|  |TAMS 0x000000008ad00000, 0x000000008ad00000| Untracked 
| 162|0x000000008ae00000, 0x000000008ae00000, 0x000000008af00000|  0%| F|  |TAMS 0x000000008ae00000, 0x000000008ae00000| Untracked 
| 163|0x000000008af00000, 0x000000008af00000, 0x000000008b000000|  0%| F|  |TAMS 0x000000008af00000, 0x000000008af00000| Untracked 
| 164|0x000000008b000000, 0x000000008b000000, 0x000000008b100000|  0%| F|  |TAMS 0x000000008b000000, 0x000000008b000000| Untracked 
| 165|0x000000008b100000, 0x000000008b100000, 0x000000008b200000|  0%| F|  |TAMS 0x000000008b100000, 0x000000008b100000| Untracked 
| 166|0x000000008b200000, 0x000000008b200000, 0x000000008b300000|  0%| F|  |TAMS 0x000000008b200000, 0x000000008b200000| Untracked 
| 167|0x000000008b300000, 0x000000008b300000, 0x000000008b400000|  0%| F|  |TAMS 0x000000008b300000, 0x000000008b300000| Untracked 
| 168|0x000000008b400000, 0x000000008b400000, 0x000000008b500000|  0%| F|  |TAMS 0x000000008b400000, 0x000000008b400000| Untracked 
| 169|0x000000008b500000, 0x000000008b500000, 0x000000008b600000|  0%| F|  |TAMS 0x000000008b500000, 0x000000008b500000| Untracked 
| 170|0x000000008b600000, 0x000000008b600000, 0x000000008b700000|  0%| F|  |TAMS 0x000000008b600000, 0x000000008b600000| Untracked 
| 171|0x000000008b700000, 0x000000008b700000, 0x000000008b800000|  0%| F|  |TAMS 0x000000008b700000, 0x000000008b700000| Untracked 
| 172|0x000000008b800000, 0x000000008b800000, 0x000000008b900000|  0%| F|  |TAMS 0x000000008b800000, 0x000000008b800000| Untracked 
| 173|0x000000008b900000, 0x000000008b900000, 0x000000008ba00000|  0%| F|  |TAMS 0x000000008b900000, 0x000000008b900000| Untracked 
| 174|0x000000008ba00000, 0x000000008ba00000, 0x000000008bb00000|  0%| F|  |TAMS 0x000000008ba00000, 0x000000008ba00000| Untracked 
| 175|0x000000008bb00000, 0x000000008bb00000, 0x000000008bc00000|  0%| F|  |TAMS 0x000000008bb00000, 0x000000008bb00000| Untracked 
| 176|0x000000008bc00000, 0x000000008bc00000, 0x000000008bd00000|  0%| F|  |TAMS 0x000000008bc00000, 0x000000008bc00000| Untracked 
| 177|0x000000008bd00000, 0x000000008bd00000, 0x000000008be00000|  0%| F|  |TAMS 0x000000008bd00000, 0x000000008bd00000| Untracked 
| 178|0x000000008be00000, 0x000000008be00000, 0x000000008bf00000|  0%| F|  |TAMS 0x000000008be00000, 0x000000008be00000| Untracked 
| 179|0x000000008bf00000, 0x000000008bf00000, 0x000000008c000000|  0%| F|  |TAMS 0x000000008bf00000, 0x000000008bf00000| Untracked 
| 180|0x000000008c000000, 0x000000008c000000, 0x000000008c100000|  0%| F|  |TAMS 0x000000008c000000, 0x000000008c000000| Untracked 
| 181|0x000000008c100000, 0x000000008c100000, 0x000000008c200000|  0%| F|  |TAMS 0x000000008c100000, 0x000000008c100000| Untracked 
| 182|0x000000008c200000, 0x000000008c200000, 0x000000008c300000|  0%| F|  |TAMS 0x000000008c200000, 0x000000008c200000| Untracked 
| 183|0x000000008c300000, 0x000000008c300000, 0x000000008c400000|  0%| F|  |TAMS 0x000000008c300000, 0x000000008c300000| Untracked 
| 184|0x000000008c400000, 0x000000008c400000, 0x000000008c500000|  0%| F|  |TAMS 0x000000008c400000, 0x000000008c400000| Untracked 
| 185|0x000000008c500000, 0x000000008c500000, 0x000000008c600000|  0%| F|  |TAMS 0x000000008c500000, 0x000000008c500000| Untracked 
| 186|0x000000008c600000, 0x000000008c600000, 0x000000008c700000|  0%| F|  |TAMS 0x000000008c600000, 0x000000008c600000| Untracked 
| 187|0x000000008c700000, 0x000000008c700000, 0x000000008c800000|  0%| F|  |TAMS 0x000000008c700000, 0x000000008c700000| Untracked 
| 188|0x000000008c800000, 0x000000008c800000, 0x000000008c900000|  0%| F|  |TAMS 0x000000008c800000, 0x000000008c800000| Untracked 
| 189|0x000000008c900000, 0x000000008c900000, 0x000000008ca00000|  0%| F|  |TAMS 0x000000008c900000, 0x000000008c900000| Untracked 
| 190|0x000000008ca00000, 0x000000008ca00000, 0x000000008cb00000|  0%| F|  |TAMS 0x000000008ca00000, 0x000000008ca00000| Untracked 
| 191|0x000000008cb00000, 0x000000008cb00000, 0x000000008cc00000|  0%| F|  |TAMS 0x000000008cb00000, 0x000000008cb00000| Untracked 
| 192|0x000000008cc00000, 0x000000008cc00000, 0x000000008cd00000|  0%| F|  |TAMS 0x000000008cc00000, 0x000000008cc00000| Untracked 
| 193|0x000000008cd00000, 0x000000008cd00000, 0x000000008ce00000|  0%| F|  |TAMS 0x000000008cd00000, 0x000000008cd00000| Untracked 
| 194|0x000000008ce00000, 0x000000008ce00000, 0x000000008cf00000|  0%| F|  |TAMS 0x000000008ce00000, 0x000000008ce00000| Untracked 
| 195|0x000000008cf00000, 0x000000008cf00000, 0x000000008d000000|  0%| F|  |TAMS 0x000000008cf00000, 0x000000008cf00000| Untracked 
| 196|0x000000008d000000, 0x000000008d000000, 0x000000008d100000|  0%| F|  |TAMS 0x000000008d000000, 0x000000008d000000| Untracked 
| 197|0x000000008d100000, 0x000000008d100000, 0x000000008d200000|  0%| F|  |TAMS 0x000000008d100000, 0x000000008d100000| Untracked 
| 198|0x000000008d200000, 0x000000008d200000, 0x000000008d300000|  0%| F|  |TAMS 0x000000008d200000, 0x000000008d200000| Untracked 
| 199|0x000000008d300000, 0x000000008d300000, 0x000000008d400000|  0%| F|  |TAMS 0x000000008d300000, 0x000000008d300000| Untracked 
| 200|0x000000008d400000, 0x000000008d400000, 0x000000008d500000|  0%| F|  |TAMS 0x000000008d400000, 0x000000008d400000| Untracked 
| 201|0x000000008d500000, 0x000000008d500000, 0x000000008d600000|  0%| F|  |TAMS 0x000000008d500000, 0x000000008d500000| Untracked 
| 202|0x000000008d600000, 0x000000008d600000, 0x000000008d700000|  0%| F|  |TAMS 0x000000008d600000, 0x000000008d600000| Untracked 
| 203|0x000000008d700000, 0x000000008d700000, 0x000000008d800000|  0%| F|  |TAMS 0x000000008d700000, 0x000000008d700000| Untracked 
| 204|0x000000008d800000, 0x000000008d800000, 0x000000008d900000|  0%| F|  |TAMS 0x000000008d800000, 0x000000008d800000| Untracked 
| 205|0x000000008d900000, 0x000000008d900000, 0x000000008da00000|  0%| F|  |TAMS 0x000000008d900000, 0x000000008d900000| Untracked 
| 206|0x000000008da00000, 0x000000008da00000, 0x000000008db00000|  0%| F|  |TAMS 0x000000008da00000, 0x000000008da00000| Untracked 
| 207|0x000000008db00000, 0x000000008db00000, 0x000000008dc00000|  0%| F|  |TAMS 0x000000008db00000, 0x000000008db00000| Untracked 
| 208|0x000000008dc00000, 0x000000008dc00000, 0x000000008dd00000|  0%| F|  |TAMS 0x000000008dc00000, 0x000000008dc00000| Untracked 
| 209|0x000000008dd00000, 0x000000008dd00000, 0x000000008de00000|  0%| F|  |TAMS 0x000000008dd00000, 0x000000008dd00000| Untracked 
| 210|0x000000008de00000, 0x000000008de00000, 0x000000008df00000|  0%| F|  |TAMS 0x000000008de00000, 0x000000008de00000| Untracked 
| 211|0x000000008df00000, 0x000000008df00000, 0x000000008e000000|  0%| F|  |TAMS 0x000000008df00000, 0x000000008df00000| Untracked 
| 212|0x000000008e000000, 0x000000008e000000, 0x000000008e100000|  0%| F|  |TAMS 0x000000008e000000, 0x000000008e000000| Untracked 
| 213|0x000000008e100000, 0x000000008e100000, 0x000000008e200000|  0%| F|  |TAMS 0x000000008e100000, 0x000000008e100000| Untracked 
| 214|0x000000008e200000, 0x000000008e200000, 0x000000008e300000|  0%| F|  |TAMS 0x000000008e200000, 0x000000008e200000| Untracked 
| 215|0x000000008e300000, 0x000000008e300000, 0x000000008e400000|  0%| F|  |TAMS 0x000000008e300000, 0x000000008e300000| Untracked 
| 216|0x000000008e400000, 0x000000008e400000, 0x000000008e500000|  0%| F|  |TAMS 0x000000008e400000, 0x000000008e400000| Untracked 
| 217|0x000000008e500000, 0x000000008e500000, 0x000000008e600000|  0%| F|  |TAMS 0x000000008e500000, 0x000000008e500000| Untracked 
| 218|0x000000008e600000, 0x000000008e600000, 0x000000008e700000|  0%| F|  |TAMS 0x000000008e600000, 0x000000008e600000| Untracked 
| 219|0x000000008e700000, 0x000000008e700000, 0x000000008e800000|  0%| F|  |TAMS 0x000000008e700000, 0x000000008e700000| Untracked 
| 220|0x000000008e800000, 0x000000008e800000, 0x000000008e900000|  0%| F|  |TAMS 0x000000008e800000, 0x000000008e800000| Untracked 
| 221|0x000000008e900000, 0x000000008e900000, 0x000000008ea00000|  0%| F|  |TAMS 0x000000008e900000, 0x000000008e900000| Untracked 
| 222|0x000000008ea00000, 0x000000008ea00000, 0x000000008eb00000|  0%| F|  |TAMS 0x000000008ea00000, 0x000000008ea00000| Untracked 
| 223|0x000000008eb00000, 0x000000008eb00000, 0x000000008ec00000|  0%| F|  |TAMS 0x000000008eb00000, 0x000000008eb00000| Untracked 
| 224|0x000000008ec00000, 0x000000008ec00000, 0x000000008ed00000|  0%| F|  |TAMS 0x000000008ec00000, 0x000000008ec00000| Untracked 
| 225|0x000000008ed00000, 0x000000008ed00000, 0x000000008ee00000|  0%| F|  |TAMS 0x000000008ed00000, 0x000000008ed00000| Untracked 
| 226|0x000000008ee00000, 0x000000008ee00000, 0x000000008ef00000|  0%| F|  |TAMS 0x000000008ee00000, 0x000000008ee00000| Untracked 
| 227|0x000000008ef00000, 0x000000008ef00000, 0x000000008f000000|  0%| F|  |TAMS 0x000000008ef00000, 0x000000008ef00000| Untracked 
| 228|0x000000008f000000, 0x000000008f000000, 0x000000008f100000|  0%| F|  |TAMS 0x000000008f000000, 0x000000008f000000| Untracked 
| 229|0x000000008f100000, 0x000000008f100000, 0x000000008f200000|  0%| F|  |TAMS 0x000000008f100000, 0x000000008f100000| Untracked 
| 230|0x000000008f200000, 0x000000008f200000, 0x000000008f300000|  0%| F|  |TAMS 0x000000008f200000, 0x000000008f200000| Untracked 
| 231|0x000000008f300000, 0x000000008f300000, 0x000000008f400000|  0%| F|  |TAMS 0x000000008f300000, 0x000000008f300000| Untracked 
| 232|0x000000008f400000, 0x000000008f400000, 0x000000008f500000|  0%| F|  |TAMS 0x000000008f400000, 0x000000008f400000| Untracked 
| 233|0x000000008f500000, 0x000000008f500000, 0x000000008f600000|  0%| F|  |TAMS 0x000000008f500000, 0x000000008f500000| Untracked 
| 234|0x000000008f600000, 0x000000008f600000, 0x000000008f700000|  0%| F|  |TAMS 0x000000008f600000, 0x000000008f600000| Untracked 
| 235|0x000000008f700000, 0x000000008f700000, 0x000000008f800000|  0%| F|  |TAMS 0x000000008f700000, 0x000000008f700000| Untracked 
| 236|0x000000008f800000, 0x000000008f800000, 0x000000008f900000|  0%| F|  |TAMS 0x000000008f800000, 0x000000008f800000| Untracked 
| 237|0x000000008f900000, 0x000000008f900000, 0x000000008fa00000|  0%| F|  |TAMS 0x000000008f900000, 0x000000008f900000| Untracked 
| 238|0x000000008fa00000, 0x000000008fa00000, 0x000000008fb00000|  0%| F|  |TAMS 0x000000008fa00000, 0x000000008fa00000| Untracked 
| 239|0x000000008fb00000, 0x000000008fb00000, 0x000000008fc00000|  0%| F|  |TAMS 0x000000008fb00000, 0x000000008fb00000| Untracked 
| 240|0x000000008fc00000, 0x000000008fc00000, 0x000000008fd00000|  0%| F|  |TAMS 0x000000008fc00000, 0x000000008fc00000| Untracked 
| 241|0x000000008fd00000, 0x000000008fd00000, 0x000000008fe00000|  0%| F|  |TAMS 0x000000008fd00000, 0x000000008fd00000| Untracked 
| 242|0x000000008fe00000, 0x000000008fe00000, 0x000000008ff00000|  0%| F|  |TAMS 0x000000008fe00000, 0x000000008fe00000| Untracked 
| 243|0x000000008ff00000, 0x000000008ff00000, 0x0000000090000000|  0%| F|  |TAMS 0x000000008ff00000, 0x000000008ff00000| Untracked 
| 244|0x0000000090000000, 0x0000000090000000, 0x0000000090100000|  0%| F|  |TAMS 0x0000000090000000, 0x0000000090000000| Untracked 
| 245|0x0000000090100000, 0x0000000090100000, 0x0000000090200000|  0%| F|  |TAMS 0x0000000090100000, 0x0000000090100000| Untracked 
| 246|0x0000000090200000, 0x0000000090200000, 0x0000000090300000|  0%| F|  |TAMS 0x0000000090200000, 0x0000000090200000| Untracked 
| 247|0x0000000090300000, 0x0000000090300000, 0x0000000090400000|  0%| F|  |TAMS 0x0000000090300000, 0x0000000090300000| Untracked 
| 248|0x0000000090400000, 0x0000000090400000, 0x0000000090500000|  0%| F|  |TAMS 0x0000000090400000, 0x0000000090400000| Untracked 
| 249|0x0000000090500000, 0x0000000090500000, 0x0000000090600000|  0%| F|  |TAMS 0x0000000090500000, 0x0000000090500000| Untracked 
| 250|0x0000000090600000, 0x0000000090600000, 0x0000000090700000|  0%| F|  |TAMS 0x0000000090600000, 0x0000000090600000| Untracked 
| 251|0x0000000090700000, 0x0000000090700000, 0x0000000090800000|  0%| F|  |TAMS 0x0000000090700000, 0x0000000090700000| Untracked 
| 252|0x0000000090800000, 0x0000000090800000, 0x0000000090900000|  0%| F|  |TAMS 0x0000000090800000, 0x0000000090800000| Untracked 
| 253|0x0000000090900000, 0x0000000090900000, 0x0000000090a00000|  0%| F|  |TAMS 0x0000000090900000, 0x0000000090900000| Untracked 
| 254|0x0000000090a00000, 0x0000000090a00000, 0x0000000090b00000|  0%| F|  |TAMS 0x0000000090a00000, 0x0000000090a00000| Untracked 
| 255|0x0000000090b00000, 0x0000000090b00000, 0x0000000090c00000|  0%| F|  |TAMS 0x0000000090b00000, 0x0000000090b00000| Untracked 
| 256|0x0000000090c00000, 0x0000000090c00000, 0x0000000090d00000|  0%| F|  |TAMS 0x0000000090c00000, 0x0000000090c00000| Untracked 
| 257|0x0000000090d00000, 0x0000000090d00000, 0x0000000090e00000|  0%| F|  |TAMS 0x0000000090d00000, 0x0000000090d00000| Untracked 
| 258|0x0000000090e00000, 0x0000000090e00000, 0x0000000090f00000|  0%| F|  |TAMS 0x0000000090e00000, 0x0000000090e00000| Untracked 
| 259|0x0000000090f00000, 0x0000000090f00000, 0x0000000091000000|  0%| F|  |TAMS 0x0000000090f00000, 0x0000000090f00000| Untracked 
| 260|0x0000000091000000, 0x0000000091000000, 0x0000000091100000|  0%| F|  |TAMS 0x0000000091000000, 0x0000000091000000| Untracked 
| 261|0x0000000091100000, 0x0000000091100000, 0x0000000091200000|  0%| F|  |TAMS 0x0000000091100000, 0x0000000091100000| Untracked 
| 262|0x0000000091200000, 0x0000000091200000, 0x0000000091300000|  0%| F|  |TAMS 0x0000000091200000, 0x0000000091200000| Untracked 
| 263|0x0000000091300000, 0x0000000091300000, 0x0000000091400000|  0%| F|  |TAMS 0x0000000091300000, 0x0000000091300000| Untracked 
| 264|0x0000000091400000, 0x0000000091400000, 0x0000000091500000|  0%| F|  |TAMS 0x0000000091400000, 0x0000000091400000| Untracked 
| 265|0x0000000091500000, 0x0000000091500000, 0x0000000091600000|  0%| F|  |TAMS 0x0000000091500000, 0x0000000091500000| Untracked 
| 266|0x0000000091600000, 0x0000000091600000, 0x0000000091700000|  0%| F|  |TAMS 0x0000000091600000, 0x0000000091600000| Untracked 
| 267|0x0000000091700000, 0x0000000091700000, 0x0000000091800000|  0%| F|  |TAMS 0x0000000091700000, 0x0000000091700000| Untracked 
| 268|0x0000000091800000, 0x0000000091800000, 0x0000000091900000|  0%| F|  |TAMS 0x0000000091800000, 0x0000000091800000| Untracked 
| 269|0x0000000091900000, 0x0000000091900000, 0x0000000091a00000|  0%| F|  |TAMS 0x0000000091900000, 0x0000000091900000| Untracked 
| 270|0x0000000091a00000, 0x0000000091a00000, 0x0000000091b00000|  0%| F|  |TAMS 0x0000000091a00000, 0x0000000091a00000| Untracked 
| 271|0x0000000091b00000, 0x0000000091b00000, 0x0000000091c00000|  0%| F|  |TAMS 0x0000000091b00000, 0x0000000091b00000| Untracked 
| 272|0x0000000091c00000, 0x0000000091c00000, 0x0000000091d00000|  0%| F|  |TAMS 0x0000000091c00000, 0x0000000091c00000| Untracked 
| 273|0x0000000091d00000, 0x0000000091d00000, 0x0000000091e00000|  0%| F|  |TAMS 0x0000000091d00000, 0x0000000091d00000| Untracked 
| 274|0x0000000091e00000, 0x0000000091e00000, 0x0000000091f00000|  0%| F|  |TAMS 0x0000000091e00000, 0x0000000091e00000| Untracked 
| 275|0x0000000091f00000, 0x0000000091f00000, 0x0000000092000000|  0%| F|  |TAMS 0x0000000091f00000, 0x0000000091f00000| Untracked 
| 276|0x0000000092000000, 0x0000000092000000, 0x0000000092100000|  0%| F|  |TAMS 0x0000000092000000, 0x0000000092000000| Untracked 
| 277|0x0000000092100000, 0x0000000092100000, 0x0000000092200000|  0%| F|  |TAMS 0x0000000092100000, 0x0000000092100000| Untracked 
| 278|0x0000000092200000, 0x0000000092200000, 0x0000000092300000|  0%| F|  |TAMS 0x0000000092200000, 0x0000000092200000| Untracked 
| 279|0x0000000092300000, 0x0000000092300000, 0x0000000092400000|  0%| F|  |TAMS 0x0000000092300000, 0x0000000092300000| Untracked 
| 280|0x0000000092400000, 0x0000000092400000, 0x0000000092500000|  0%| F|  |TAMS 0x0000000092400000, 0x0000000092400000| Untracked 
| 281|0x0000000092500000, 0x0000000092500000, 0x0000000092600000|  0%| F|  |TAMS 0x0000000092500000, 0x0000000092500000| Untracked 
| 282|0x0000000092600000, 0x0000000092600000, 0x0000000092700000|  0%| F|  |TAMS 0x0000000092600000, 0x0000000092600000| Untracked 
| 283|0x0000000092700000, 0x0000000092700000, 0x0000000092800000|  0%| F|  |TAMS 0x0000000092700000, 0x0000000092700000| Untracked 
| 284|0x0000000092800000, 0x0000000092800000, 0x0000000092900000|  0%| F|  |TAMS 0x0000000092800000, 0x0000000092800000| Untracked 
| 285|0x0000000092900000, 0x0000000092900000, 0x0000000092a00000|  0%| F|  |TAMS 0x0000000092900000, 0x0000000092900000| Untracked 
| 286|0x0000000092a00000, 0x0000000092a00000, 0x0000000092b00000|  0%| F|  |TAMS 0x0000000092a00000, 0x0000000092a00000| Untracked 
| 287|0x0000000092b00000, 0x0000000092b00000, 0x0000000092c00000|  0%| F|  |TAMS 0x0000000092b00000, 0x0000000092b00000| Untracked 
| 288|0x0000000092c00000, 0x0000000092c00000, 0x0000000092d00000|  0%| F|  |TAMS 0x0000000092c00000, 0x0000000092c00000| Untracked 
| 289|0x0000000092d00000, 0x0000000092d00000, 0x0000000092e00000|  0%| F|  |TAMS 0x0000000092d00000, 0x0000000092d00000| Untracked 
| 290|0x0000000092e00000, 0x0000000092e00000, 0x0000000092f00000|  0%| F|  |TAMS 0x0000000092e00000, 0x0000000092e00000| Untracked 
| 291|0x0000000092f00000, 0x0000000092f00000, 0x0000000093000000|  0%| F|  |TAMS 0x0000000092f00000, 0x0000000092f00000| Untracked 
| 292|0x0000000093000000, 0x0000000093000000, 0x0000000093100000|  0%| F|  |TAMS 0x0000000093000000, 0x0000000093000000| Untracked 
| 293|0x0000000093100000, 0x0000000093100000, 0x0000000093200000|  0%| F|  |TAMS 0x0000000093100000, 0x0000000093100000| Untracked 
| 294|0x0000000093200000, 0x0000000093300000, 0x0000000093300000|100%| E|  |TAMS 0x0000000093200000, 0x0000000093200000| Complete 
| 295|0x0000000093300000, 0x0000000093400000, 0x0000000093400000|100%| E|CS|TAMS 0x0000000093300000, 0x0000000093300000| Complete 
| 296|0x0000000093400000, 0x0000000093500000, 0x0000000093500000|100%| E|CS|TAMS 0x0000000093400000, 0x0000000093400000| Complete 
| 297|0x0000000093500000, 0x0000000093600000, 0x0000000093600000|100%| E|CS|TAMS 0x0000000093500000, 0x0000000093500000| Complete 
| 298|0x0000000093600000, 0x0000000093700000, 0x0000000093700000|100%| E|CS|TAMS 0x0000000093600000, 0x0000000093600000| Complete 
| 299|0x0000000093700000, 0x0000000093800000, 0x0000000093800000|100%| E|CS|TAMS 0x0000000093700000, 0x0000000093700000| Complete 
| 300|0x0000000093800000, 0x0000000093900000, 0x0000000093900000|100%| E|CS|TAMS 0x0000000093800000, 0x0000000093800000| Complete 
| 301|0x0000000093900000, 0x0000000093a00000, 0x0000000093a00000|100%| E|CS|TAMS 0x0000000093900000, 0x0000000093900000| Complete 
| 302|0x0000000093a00000, 0x0000000093b00000, 0x0000000093b00000|100%| E|CS|TAMS 0x0000000093a00000, 0x0000000093a00000| Complete 
| 303|0x0000000093b00000, 0x0000000093c00000, 0x0000000093c00000|100%| E|CS|TAMS 0x0000000093b00000, 0x0000000093b00000| Complete 
| 304|0x0000000093c00000, 0x0000000093d00000, 0x0000000093d00000|100%| E|CS|TAMS 0x0000000093c00000, 0x0000000093c00000| Complete 
| 305|0x0000000093d00000, 0x0000000093e00000, 0x0000000093e00000|100%| E|CS|TAMS 0x0000000093d00000, 0x0000000093d00000| Complete 
| 306|0x0000000093e00000, 0x0000000093f00000, 0x0000000093f00000|100%| E|CS|TAMS 0x0000000093e00000, 0x0000000093e00000| Complete 
| 307|0x0000000093f00000, 0x0000000094000000, 0x0000000094000000|100%| E|CS|TAMS 0x0000000093f00000, 0x0000000093f00000| Complete 

Card table byte_map: [0x000000001a0c0000,0x000000001a4c0000] _byte_map_base: 0x0000000019cba000

Marking Bits (Prev, Next): (CMBitMap*) 0x0000000000360770, (CMBitMap*) 0x00000000003607b0
 Prev Bits: [0x000000001a8c0000, 0x000000001c890000)
 Next Bits: [0x000000001c890000, 0x000000001e860000)

Polling page: 0x0000000000230000

Metaspace:

Usage:
  Non-class:     28.99 MB used.
      Class:      3.59 MB used.
       Both:     32.58 MB used.

Virtual space:
  Non-class space:       64.00 MB reserved,      29.19 MB ( 46%) committed,  1 nodes.
      Class space:        1.00 GB reserved,       3.81 MB ( <1%) committed,  1 nodes.
             Both:        1.06 GB reserved,      33.00 MB (  3%) committed. 

Chunk freelists:
   Non-Class:  2.06 MB
       Class:  32.00 KB
        Both:  2.09 MB

MaxMetaspaceSize: unlimited
CompressedClassSpaceSize: 1.00 GB
Initial GC threshold: 21.00 MB
Current GC threshold: 47.62 MB
CDS: on
MetaspaceReclaimPolicy: balanced
 - commit_granule_bytes: 65536.
 - commit_granule_words: 8192.
 - virtual_space_node_default_size: 8388608.
 - enlarge_chunks_in_place: 1.
 - new_chunks_are_fully_committed: 0.
 - uncommit_free_chunks: 1.
 - use_allocation_guard: 0.


Internal statistics:

num_allocs_failed_limit: 9.
num_arena_births: 288.
num_arena_deaths: 0.
num_vsnodes_births: 2.
num_vsnodes_deaths: 0.
num_space_committed: 528.
num_space_uncommitted: 0.
num_chunks_returned_to_freelist: 9.
num_chunks_taken_from_freelist: 1449.
num_chunk_merges: 9.
num_chunk_splits: 1055.
num_chunks_enlarged: 844.
num_inconsistent_stats: 0.

CodeHeap 'non-profiled nmethods': size=120000Kb used=2649Kb max_used=3021Kb free=117350Kb
 bounds [0x0000000012260000, 0x0000000012560000, 0x0000000019790000]
CodeHeap 'profiled nmethods': size=120000Kb used=11389Kb max_used=12894Kb free=108610Kb
 bounds [0x000000000a790000, 0x000000000b430000, 0x0000000011cc0000]
CodeHeap 'non-nmethods': size=5760Kb used=1344Kb max_used=1370Kb free=4415Kb
 bounds [0x0000000011cc0000, 0x0000000011f30000, 0x0000000012260000]
 total_blobs=6125 nmethods=5549 adapters=486
 compilation: enabled
              stopped_count=0, restarted_count=0
 full_count=0

Compilation events (20 events):
Event: 9.411 Thread 0x00000000217f0030 nmethod 6489 0x000000000a7d7690 code [0x000000000a7d79e0, 0x000000000a7d8d18]
Event: 9.416 Thread 0x00000000217f0030 6492       3       java.lang.AbstractStringBuilder::append (45 bytes)
Event: 9.417 Thread 0x00000000217f0030 nmethod 6492 0x000000000b333710 code [0x000000000b333920, 0x000000000b333e38]
Event: 9.417 Thread 0x00000000217f0030 6493       3       java.util.zip.CRC32::update (38 bytes)
Event: 9.418 Thread 0x00000000217f0030 nmethod 6493 0x000000000aaef110 code [0x000000000aaef300, 0x000000000aaef728]
Event: 9.418 Thread 0x00000000217f0030 6494       3       java.lang.String::getBytes (44 bytes)
Event: 9.418 Thread 0x00000000217f0030 nmethod 6494 0x000000000b12af10 code [0x000000000b12b0e0, 0x000000000b12b3d8]
Event: 9.421 Thread 0x00000000277729d0 nmethod 6466 0x000000001232c690 code [0x000000001232c8a0, 0x000000001232d288]
Event: 9.421 Thread 0x00000000277729d0 6491       4       java.lang.ref.Cleaner::register (25 bytes)
Event: 9.443 Thread 0x00000000277729d0 nmethod 6491 0x00000000123ea910 code [0x00000000123eaac0, 0x00000000123eb5f8]
Event: 9.521 Thread 0x00000000217ef580 nmethod 6490 0x000000001232f910 code [0x000000001232fc40, 0x00000000123325c8]
Event: 9.619 Thread 0x00000000217f0030 6495       1       java.util.concurrent.atomic.AtomicInteger::get (5 bytes)
Event: 9.619 Thread 0x00000000217f0030 nmethod 6495 0x000000001232f510 code [0x000000001232f6a0, 0x000000001232f758]
Event: 10.467 Thread 0x00000000217ef580 6496   !   4       java.lang.ClassLoader::loadClass (121 bytes)
Event: 10.874 Thread 0x00000000217f0030 6500       3       java.lang.invoke.MemberName$Factory::resolveOrNull (54 bytes)
Event: 10.875 Thread 0x00000000217f0030 nmethod 6500 0x000000000b1d5110 code [0x000000000b1d52e0, 0x000000000b1d5588]
Event: 10.877 Thread 0x00000000217f0030 6501       3       jdk.internal.org.objectweb.asm.SymbolTable::putBootstrapMethods (56 bytes)
Event: 10.878 Thread 0x00000000217f0030 nmethod 6501 0x000000000a914790 code [0x000000000a914980, 0x000000000a914c88]
Event: 10.878 Thread 0x00000000217f0030 6502       3       java.lang.invoke.MethodHandles$Lookup::getDirectConstructor (10 bytes)
Event: 10.878 Thread 0x00000000217f0030 nmethod 6502 0x000000000ac3d910 code [0x000000000ac3dac0, 0x000000000ac3dc08]

GC Heap History (20 events):
Event: 5.527 GC heap before
{Heap before GC invocations=4 (full 0):
 garbage-first heap   total 131072K, used 23419K [0x0000000080c00000, 0x0000000100000000)
  region size 1024K, 9 young (9216K), 4 survivors (4096K)
 Metaspace       used 21204K, committed 21504K, reserved 1114112K
  class space    used 2373K, committed 2560K, reserved 1048576K
}
Event: 5.538 GC heap after
{Heap after GC invocations=5 (full 0):
 garbage-first heap   total 131072K, used 20642K [0x0000000080c00000, 0x0000000100000000)
  region size 1024K, 8 young (8192K), 8 survivors (8192K)
 Metaspace       used 21204K, committed 21504K, reserved 1114112K
  class space    used 2373K, committed 2560K, reserved 1048576K
}
Event: 6.697 GC heap before
{Heap before GC invocations=6 (full 0):
 garbage-first heap   total 75776K, used 56482K [0x0000000080c00000, 0x0000000100000000)
  region size 1024K, 44 young (45056K), 8 survivors (8192K)
 Metaspace       used 27362K, committed 27712K, reserved 1114112K
  class space    used 3054K, committed 3200K, reserved 1048576K
}
Event: 6.727 GC heap after
{Heap after GC invocations=7 (full 0):
 garbage-first heap   total 75776K, used 28827K [0x0000000080c00000, 0x0000000100000000)
  region size 1024K, 6 young (6144K), 6 survivors (6144K)
 Metaspace       used 27362K, committed 27712K, reserved 1114112K
  class space    used 3054K, committed 3200K, reserved 1048576K
}
Event: 6.872 GC heap before
{Heap before GC invocations=7 (full 0):
 garbage-first heap   total 75776K, used 29851K [0x0000000080c00000, 0x0000000100000000)
  region size 1024K, 7 young (7168K), 6 survivors (6144K)
 Metaspace       used 27418K, committed 27776K, reserved 1114112K
  class space    used 3059K, committed 3200K, reserved 1048576K
}
Event: 6.884 GC heap after
{Heap after GC invocations=8 (full 0):
 garbage-first heap   total 75776K, used 30208K [0x0000000080c00000, 0x0000000100000000)
  region size 1024K, 1 young (1024K), 1 survivors (1024K)
 Metaspace       used 27418K, committed 27776K, reserved 1114112K
  class space    used 3059K, committed 3200K, reserved 1048576K
}
Event: 7.262 GC heap before
{Heap before GC invocations=8 (full 0):
 garbage-first heap   total 75776K, used 42496K [0x0000000080c00000, 0x0000000100000000)
  region size 1024K, 15 young (15360K), 1 survivors (1024K)
 Metaspace       used 28857K, committed 29248K, reserved 1114112K
  class space    used 3211K, committed 3392K, reserved 1048576K
}
Event: 7.266 GC heap after
{Heap after GC invocations=9 (full 0):
 garbage-first heap   total 98304K, used 29776K [0x0000000080c00000, 0x0000000100000000)
  region size 1024K, 1 young (1024K), 1 survivors (1024K)
 Metaspace       used 28857K, committed 29248K, reserved 1114112K
  class space    used 3211K, committed 3392K, reserved 1048576K
}
Event: 7.267 GC heap before
{Heap before GC invocations=9 (full 0):
 garbage-first heap   total 98304K, used 37968K [0x0000000080c00000, 0x0000000100000000)
  region size 1024K, 2 young (2048K), 1 survivors (1024K)
 Metaspace       used 28857K, committed 29248K, reserved 1114112K
  class space    used 3211K, committed 3392K, reserved 1048576K
}
Event: 7.270 GC heap after
{Heap after GC invocations=10 (full 0):
 garbage-first heap   total 98304K, used 37865K [0x0000000080c00000, 0x0000000100000000)
  region size 1024K, 1 young (1024K), 1 survivors (1024K)
 Metaspace       used 28857K, committed 29248K, reserved 1114112K
  class space    used 3211K, committed 3392K, reserved 1048576K
}
Event: 7.272 GC heap before
{Heap before GC invocations=10 (full 0):
 garbage-first heap   total 98304K, used 50153K [0x0000000080c00000, 0x0000000100000000)
  region size 1024K, 2 young (2048K), 1 survivors (1024K)
 Metaspace       used 28857K, committed 29248K, reserved 1114112K
  class space    used 3211K, committed 3392K, reserved 1048576K
}
Event: 7.275 GC heap after
{Heap after GC invocations=11 (full 0):
 garbage-first heap   total 98304K, used 50130K [0x0000000080c00000, 0x0000000100000000)
  region size 1024K, 1 young (1024K), 1 survivors (1024K)
 Metaspace       used 28857K, committed 29248K, reserved 1114112K
  class space    used 3211K, committed 3392K, reserved 1048576K
}
Event: 7.677 GC heap before
{Heap before GC invocations=12 (full 0):
 garbage-first heap   total 109568K, used 89042K [0x0000000080c00000, 0x0000000100000000)
  region size 1024K, 25 young (25600K), 1 survivors (1024K)
 Metaspace       used 28953K, committed 29312K, reserved 1114112K
  class space    used 3214K, committed 3392K, reserved 1048576K
}
Event: 7.693 GC heap after
{Heap after GC invocations=13 (full 0):
 garbage-first heap   total 109568K, used 41495K [0x0000000080c00000, 0x0000000100000000)
  region size 1024K, 4 young (4096K), 4 survivors (4096K)
 Metaspace       used 28953K, committed 29312K, reserved 1114112K
  class space    used 3214K, committed 3392K, reserved 1048576K
}
Event: 7.704 GC heap before
{Heap before GC invocations=13 (full 0):
 garbage-first heap   total 109568K, used 42519K [0x0000000080c00000, 0x0000000100000000)
  region size 1024K, 5 young (5120K), 4 survivors (4096K)
 Metaspace       used 28953K, committed 29312K, reserved 1114112K
  class space    used 3214K, committed 3392K, reserved 1048576K
}
Event: 7.710 GC heap after
{Heap after GC invocations=14 (full 0):
 garbage-first heap   total 109568K, used 40397K [0x0000000080c00000, 0x0000000100000000)
  region size 1024K, 1 young (1024K), 1 survivors (1024K)
 Metaspace       used 28953K, committed 29312K, reserved 1114112K
  class space    used 3214K, committed 3392K, reserved 1048576K
}
Event: 8.391 GC heap before
{Heap before GC invocations=14 (full 0):
 garbage-first heap   total 109568K, used 74189K [0x0000000080c00000, 0x0000000100000000)
  region size 1024K, 35 young (35840K), 1 survivors (1024K)
 Metaspace       used 30134K, committed 30528K, reserved 1114112K
  class space    used 3343K, committed 3520K, reserved 1048576K
}
Event: 8.398 GC heap after
{Heap after GC invocations=15 (full 0):
 garbage-first heap   total 109568K, used 44251K [0x0000000080c00000, 0x0000000100000000)
  region size 1024K, 5 young (5120K), 5 survivors (5120K)
 Metaspace       used 30134K, committed 30528K, reserved 1114112K
  class space    used 3343K, committed 3520K, reserved 1048576K
}
Event: 9.092 GC heap before
{Heap before GC invocations=15 (full 0):
 garbage-first heap   total 109568K, used 78043K [0x0000000080c00000, 0x0000000100000000)
  region size 1024K, 38 young (38912K), 5 survivors (5120K)
 Metaspace       used 31807K, committed 32256K, reserved 1114112K
  class space    used 3488K, committed 3712K, reserved 1048576K
}
Event: 9.102 GC heap after
{Heap after GC invocations=16 (full 0):
 garbage-first heap   total 315392K, used 44837K [0x0000000080c00000, 0x0000000100000000)
  region size 1024K, 2 young (2048K), 2 survivors (2048K)
 Metaspace       used 31807K, committed 32256K, reserved 1114112K
  class space    used 3488K, committed 3712K, reserved 1048576K
}

Dll operation events (12 events):
Event: 0.007 Loaded shared library C:\opt\jdk-19\bin\java.dll
Event: 0.019 Loaded shared library C:\opt\jdk-19\bin\jsvml.dll
Event: 0.124 Loaded shared library C:\opt\jdk-19\bin\zip.dll
Event: 0.127 Loaded shared library C:\opt\jdk-19\bin\instrument.dll
Event: 0.135 Loaded shared library C:\opt\jdk-19\bin\net.dll
Event: 0.137 Loaded shared library C:\opt\jdk-19\bin\nio.dll
Event: 0.142 Loaded shared library C:\opt\jdk-19\bin\zip.dll
Event: 0.166 Loaded shared library C:\opt\intelliJ\bin\breakgen64.dll
Event: 0.184 Loaded shared library C:\opt\jdk-19\bin\extnet.dll
Event: 0.347 Loaded shared library C:\opt\jdk-19\bin\jimage.dll
Event: 0.376 Loaded shared library C:\temp\jansi-2.4.0-bb8f8e5e9aff269b-jansi.dll
Event: 0.397 Loaded shared library C:\opt\jdk-19\bin\verify.dll

Deoptimization events (20 events):
Event: 10.877 Thread 0x00000000298f6ee0 Uncommon trap: trap_request=0xffffffde fr.pc=0x00000000124d0d54 relative=0x00000000000000b4
Event: 10.878 Thread 0x00000000298f6ee0 Uncommon trap: reason=class_check action=maybe_recompile pc=0x00000000124d0d54 method=java.util.regex.Pattern.lambda$union$3(Ljava/util/regex/Pattern$CharPredicate;Ljava/util/regex/Pattern$CharPredicate;I)Z @ 12 c2
Event: 10.878 Thread 0x00000000298f6ee0 DEOPT PACKING pc=0x00000000124d0d54 sp=0x000000002b41e100
Event: 10.878 Thread 0x00000000298f6ee0 DEOPT UNPACKING pc=0x0000000011d26da3 sp=0x000000002b41e018 mode 2
Event: 10.878 Thread 0x00000000298f6ee0 Uncommon trap: trap_request=0xffffffc6 fr.pc=0x00000000123a0094 relative=0x0000000000000234
Event: 10.878 Thread 0x00000000298f6ee0 Uncommon trap: reason=bimorphic_or_optimized_type_check action=maybe_recompile pc=0x00000000123a0094 method=java.util.regex.Pattern.lambda$union$3(Ljava/util/regex/Pattern$CharPredicate;Ljava/util/regex/Pattern$CharPredicate;I)Z @ 2 c2
Event: 10.878 Thread 0x00000000298f6ee0 DEOPT PACKING pc=0x00000000123a0094 sp=0x000000002b41e2f0
Event: 10.878 Thread 0x00000000298f6ee0 DEOPT UNPACKING pc=0x0000000011d26da3 sp=0x000000002b41e138 mode 2
Event: 10.878 Thread 0x00000000298f6ee0 Uncommon trap: trap_request=0xffffffde fr.pc=0x00000000124d0d54 relative=0x00000000000000b4
Event: 10.878 Thread 0x00000000298f6ee0 Uncommon trap: reason=class_check action=maybe_recompile pc=0x00000000124d0d54 method=java.util.regex.Pattern.lambda$union$3(Ljava/util/regex/Pattern$CharPredicate;Ljava/util/regex/Pattern$CharPredicate;I)Z @ 12 c2
Event: 10.878 Thread 0x00000000298f6ee0 DEOPT PACKING pc=0x00000000124d0d54 sp=0x000000002b41e100
Event: 10.878 Thread 0x00000000298f6ee0 DEOPT UNPACKING pc=0x0000000011d26da3 sp=0x000000002b41e018 mode 2
Event: 10.878 Thread 0x00000000298f6ee0 Uncommon trap: trap_request=0xffffffc6 fr.pc=0x00000000123a0094 relative=0x0000000000000234
Event: 10.878 Thread 0x00000000298f6ee0 Uncommon trap: reason=bimorphic_or_optimized_type_check action=maybe_recompile pc=0x00000000123a0094 method=java.util.regex.Pattern.lambda$union$3(Ljava/util/regex/Pattern$CharPredicate;Ljava/util/regex/Pattern$CharPredicate;I)Z @ 2 c2
Event: 10.878 Thread 0x00000000298f6ee0 DEOPT PACKING pc=0x00000000123a0094 sp=0x000000002b41e2f0
Event: 10.878 Thread 0x00000000298f6ee0 DEOPT UNPACKING pc=0x0000000011d26da3 sp=0x000000002b41e138 mode 2
Event: 11.161 Thread 0x00000000298f7ed0 Uncommon trap: trap_request=0xffffffde fr.pc=0x00000000124a3518 relative=0x0000000000000178
Event: 11.161 Thread 0x00000000298f7ed0 Uncommon trap: reason=class_check action=maybe_recompile pc=0x00000000124a3518 method=java.util.concurrent.locks.AbstractQueuedSynchronizer.acquireShared(I)V @ 2 c2
Event: 11.161 Thread 0x00000000298f7ed0 DEOPT PACKING pc=0x00000000124a3518 sp=0x000000002b86f1f0
Event: 11.161 Thread 0x00000000298f7ed0 DEOPT UNPACKING pc=0x0000000011d26da3 sp=0x000000002b86f1c8 mode 2

Classes loaded (20 events):
Event: 9.373 Loading class java/lang/Process done
Event: 9.373 Loading class java/lang/ProcessImpl done
Event: 9.377 Loading class java/lang/ProcessImpl$2
Event: 9.377 Loading class java/lang/ProcessImpl$2 done
Event: 9.378 Loading class java/lang/Process$PipeInputStream
Event: 9.378 Loading class java/lang/Process$PipeInputStream done
Event: 9.379 Loading class jdk/internal/event/ProcessStartEvent
Event: 9.379 Loading class jdk/internal/event/Event
Event: 9.379 Loading class jdk/internal/event/Event done
Event: 9.379 Loading class jdk/internal/event/ProcessStartEvent done
Event: 9.380 Loading class java/nio/channels/ClosedChannelException
Event: 9.380 Loading class java/nio/channels/ClosedChannelException done
Event: 9.383 Loading class java/nio/channels/NonReadableChannelException
Event: 9.383 Loading class java/nio/channels/NonReadableChannelException done
Event: 9.384 Loading class java/nio/channels/NonWritableChannelException
Event: 9.384 Loading class java/nio/channels/NonWritableChannelException done
Event: 9.407 Loading class java/util/Scanner
Event: 9.408 Loading class java/util/Scanner done
Event: 9.410 Loading class java/util/Scanner$PatternLRUCache
Event: 9.410 Loading class java/util/Scanner$PatternLRUCache done

Classes unloaded (0 events):
No events

Classes redefined (0 events):
No events

Internal exceptions (20 events):
Event: 8.479 Thread 0x00000000002fead0 Exception <a 'sun/nio/fs/WindowsException'{0x000000008842e5b8}> (0x000000008842e5b8) 
thrown [s\open\src\hotspot\share\prims\jni.cpp, line 517]
Event: 8.479 Thread 0x00000000002fead0 Exception <a 'sun/nio/fs/WindowsException'{0x000000008842f5a8}> (0x000000008842f5a8) 
thrown [s\open\src\hotspot\share\prims\jni.cpp, line 517]
Event: 8.479 Thread 0x00000000002fead0 Exception <a 'sun/nio/fs/WindowsException'{0x000000008842f888}> (0x000000008842f888) 
thrown [s\open\src\hotspot\share\prims\jni.cpp, line 517]
Event: 8.489 Thread 0x00000000002fead0 Exception <a 'sun/nio/fs/WindowsException'{0x00000000884b3260}> (0x00000000884b3260) 
thrown [s\open\src\hotspot\share\prims\jni.cpp, line 517]
Event: 8.492 Thread 0x00000000002fead0 Exception <a 'sun/nio/fs/WindowsException'{0x00000000884c8850}> (0x00000000884c8850) 
thrown [s\open\src\hotspot\share\prims\jni.cpp, line 517]
Event: 8.495 Thread 0x00000000002fead0 Exception <a 'sun/nio/fs/WindowsException'{0x00000000884e0278}> (0x00000000884e0278) 
thrown [s\open\src\hotspot\share\prims\jni.cpp, line 517]
Event: 8.495 Thread 0x00000000002fead0 Exception <a 'sun/nio/fs/WindowsException'{0x00000000884e09a8}> (0x00000000884e09a8) 
thrown [s\open\src\hotspot\share\prims\jni.cpp, line 517]
Event: 8.495 Thread 0x00000000002fead0 Exception <a 'sun/nio/fs/WindowsException'{0x00000000884e0f78}> (0x00000000884e0f78) 
thrown [s\open\src\hotspot\share\prims\jni.cpp, line 517]
Event: 8.495 Thread 0x00000000002fead0 Exception <a 'sun/nio/fs/WindowsException'{0x00000000884e1698}> (0x00000000884e1698) 
thrown [s\open\src\hotspot\share\prims\jni.cpp, line 517]
Event: 8.495 Thread 0x00000000002fead0 Exception <a 'sun/nio/fs/WindowsException'{0x00000000884e1960}> (0x00000000884e1960) 
thrown [s\open\src\hotspot\share\prims\jni.cpp, line 517]
Event: 8.495 Thread 0x00000000002fead0 Exception <a 'sun/nio/fs/WindowsException'{0x00000000884e25e8}> (0x00000000884e25e8) 
thrown [s\open\src\hotspot\share\prims\jni.cpp, line 517]
Event: 8.495 Thread 0x00000000002fead0 Exception <a 'sun/nio/fs/WindowsException'{0x00000000884e2870}> (0x00000000884e2870) 
thrown [s\open\src\hotspot\share\prims\jni.cpp, line 517]
Event: 8.495 Thread 0x00000000002fead0 Exception <a 'sun/nio/fs/WindowsException'{0x00000000884e34f8}> (0x00000000884e34f8) 
thrown [s\open\src\hotspot\share\prims\jni.cpp, line 517]
Event: 8.982 Thread 0x0000000029775460 Exception <a 'java/lang/NoSuchMethodError'{0x00000000859b58f0}: 'java.lang.Object java.lang.invoke.DirectMethodHandle$Holder.invokeStatic(java.lang.Object, long, java.lang.Object)'> (0x00000000859b58f0) 
thrown [s\open\src\hotspot\share\interpreter\linkResolver.cpp, line 774]
Event: 8.983 Thread 0x0000000029775460 Exception <a 'java/lang/NoSuchMethodError'{0x00000000859b9070}: 'java.lang.Object java.lang.invoke.DirectMethodHandle$Holder.invokeStaticInit(java.lang.Object, long, java.lang.Object)'> (0x00000000859b9070) 
thrown [s\open\src\hotspot\share\interpreter\linkResolver.cpp, line 774]
Event: 8.984 Thread 0x0000000029775460 Exception <a 'java/lang/NoSuchMethodError'{0x00000000859becc0}: 'java.lang.Object java.lang.invoke.DirectMethodHandle$Holder.newInvokeSpecial(java.lang.Object, long)'> (0x00000000859becc0) 
thrown [s\open\src\hotspot\share\interpreter\linkResolver.cpp, line 774]
Event: 8.985 Thread 0x0000000029775460 Exception <a 'java/lang/NoSuchMethodError'{0x00000000859c34d0}: 'long java.lang.invoke.DirectMethodHandle$Holder.invokeInterface(java.lang.Object, java.lang.Object)'> (0x00000000859c34d0) 
thrown [s\open\src\hotspot\share\interpreter\linkResolver.cpp, line 774]
Event: 8.986 Thread 0x0000000029775460 Exception <a 'java/lang/NoSuchMethodError'{0x00000000859c6c88}: 'long java.lang.invoke.DelegatingMethodHandle$Holder.reinvoke_L(java.lang.Object, java.lang.Object)'> (0x00000000859c6c88) 
thrown [s\open\src\hotspot\share\interpreter\linkResolver.cpp, line 774]
Event: 9.082 Thread 0x00000000002fead0 Exception <a 'java/lang/NoSuchMethodError'{0x00000000856a6e50}: 'java.lang.Object java.lang.invoke.DirectMethodHandle$Holder.invokeStaticInit(java.lang.Object, java.lang.Object, int, int, int, int)'> (0x00000000856a6e50) 
thrown [s\open\src\hotspot\share\interpreter\linkResolver.cpp, line 774]
Event: 9.376 Thread 0x00000000002fead0 Exception <a 'java/lang/NoSuchMethodError'{0x0000000093532140}: 'void java.lang.invoke.DirectMethodHandle$Holder.invokeStatic(java.lang.Object, long)'> (0x0000000093532140) 
thrown [s\open\src\hotspot\share\interpreter\linkResolver.cpp, line 774]

VM Operations (20 events):
Event: 8.737 Executing VM operation: HandshakeAllThreads
Event: 8.737 Executing VM operation: HandshakeAllThreads done
Event: 8.957 Executing VM operation: HandshakeAllThreads
Event: 8.957 Executing VM operation: HandshakeAllThreads done
Event: 8.962 Executing VM operation: ICBufferFull
Event: 8.964 Executing VM operation: ICBufferFull done
Event: 8.992 Executing VM operation: HandshakeAllThreads
Event: 8.992 Executing VM operation: HandshakeAllThreads done
Event: 9.092 Executing VM operation: G1CollectForAllocation
Event: 9.102 Executing VM operation: G1CollectForAllocation done
Event: 9.302 Executing VM operation: HandshakeAllThreads
Event: 9.302 Executing VM operation: HandshakeAllThreads done
Event: 9.306 Executing VM operation: HandshakeAllThreads
Event: 9.306 Executing VM operation: HandshakeAllThreads done
Event: 9.306 Executing VM operation: HandshakeAllThreads
Event: 9.306 Executing VM operation: HandshakeAllThreads done
Event: 9.379 Executing VM operation: HandshakeAllThreads
Event: 9.379 Executing VM operation: HandshakeAllThreads done
Event: 10.378 Executing VM operation: Cleanup
Event: 10.378 Executing VM operation: Cleanup done

Events (20 events):
Event: 8.751 Thread 0x00000000218012a0 flushing nmethod 0x000000000b252490
Event: 8.751 Thread 0x00000000218012a0 flushing nmethod 0x000000000b254b10
Event: 8.751 Thread 0x00000000218012a0 flushing nmethod 0x000000000b255a10
Event: 8.751 Thread 0x00000000218012a0 flushing nmethod 0x000000000b256490
Event: 8.751 Thread 0x00000000218012a0 flushing nmethod 0x000000000b275310
Event: 8.751 Thread 0x00000000218012a0 flushing nmethod 0x000000000b275890
Event: 8.751 Thread 0x00000000218012a0 flushing nmethod 0x000000000b290610
Event: 8.751 Thread 0x00000000218012a0 flushing nmethod 0x000000000b290990
Event: 8.751 Thread 0x00000000218012a0 flushing nmethod 0x000000000b290d10
Event: 8.752 Thread 0x00000000218012a0 flushing nmethod 0x000000000b306090
Event: 8.753 Thread 0x00000000218012a0 flushing nmethod 0x000000000b333710
Event: 8.959 Thread 0x0000000029775460 Thread added: 0x0000000029775460
Event: 8.988 Thread 0x0000000029775460 Thread exited: 0x0000000029775460
Event: 9.212 Thread 0x0000000027826190 Thread added: 0x0000000027826190
Event: 9.220 Thread 0x0000000027adff20 Thread added: 0x0000000027adff20
Event: 9.366 Thread 0x00000000298f6ee0 Thread added: 0x00000000298f6ee0
Event: 9.406 Thread 0x00000000298f7430 Thread added: 0x00000000298f7430
Event: 9.406 Thread 0x00000000298f7980 Thread added: 0x00000000298f7980
Event: 9.420 Thread 0x00000000298f7ed0 Thread added: 0x00000000298f7ed0
Event: 9.619 Thread 0x00000000277729d0 Thread exited: 0x00000000277729d0


Dynamic libraries:
0x000000013f960000 - 0x000000013f96e000 	C:\opt\jdk-19\bin\java.exe
0x0000000077740000 - 0x00000000778e9000 	C:\Windows\SYSTEM32\ntdll.dll
0x0000000077620000 - 0x000000007773f000 	C:\Windows\system32\kernel32.dll
0x000007fefd9f0000 - 0x000007fefda5b000 	C:\Windows\system32\KERNELBASE.dll
0x000007feeefa0000 - 0x000007feeefb7000 	C:\opt\jdk-19\bin\jli.dll
0x000007fefbc80000 - 0x000007fefbe74000 	C:\Windows\WinSxS\amd64_microsoft.windows.common-controls_6595b64144ccf1df_6.0.7601.17514_none_fa396087175ac9ac\COMCTL32.dll
0x000007fefdb00000 - 0x000007fefdb9f000 	C:\Windows\system32\msvcrt.dll
0x000007feff9e0000 - 0x000007feffa47000 	C:\Windows\system32\GDI32.dll
0x0000000077520000 - 0x000000007761a000 	C:\Windows\system32\USER32.dll
0x000007fefe650000 - 0x000007fefe65e000 	C:\Windows\system32\LPK.dll
0x000007fefe240000 - 0x000007fefe309000 	C:\Windows\system32\USP10.dll
0x000007fefddb0000 - 0x000007fefde21000 	C:\Windows\system32\SHLWAPI.dll
0x000007feeef80000 - 0x000007feeef9b000 	C:\opt\jdk-19\bin\VCRUNTIME140.dll
0x000007feeef70000 - 0x000007feeef74000 	C:\opt\jdk-19\bin\api-ms-win-crt-runtime-l1-1-0.dll
0x000007feeee70000 - 0x000007feeef70000 	C:\opt\jdk-19\bin\ucrtbase.DLL
0x000007feeee60000 - 0x000007feeee63000 	C:\opt\jdk-19\bin\api-ms-win-core-localization-l1-2-0.dll
0x000007feeee50000 - 0x000007feeee53000 	C:\opt\jdk-19\bin\api-ms-win-core-processthreads-l1-1-1.dll
0x000007feeee40000 - 0x000007feeee43000 	C:\opt\jdk-19\bin\api-ms-win-core-file-l1-2-0.dll
0x000007feeee30000 - 0x000007feeee33000 	C:\opt\jdk-19\bin\api-ms-win-core-timezone-l1-1-0.dll
0x000007feeee20000 - 0x000007feeee23000 	C:\opt\jdk-19\bin\api-ms-win-core-file-l2-1-0.dll
0x000007feeee10000 - 0x000007feeee13000 	C:\opt\jdk-19\bin\api-ms-win-core-synch-l1-2-0.dll
0x000007feeee00000 - 0x000007feeee03000 	C:\opt\jdk-19\bin\api-ms-win-crt-heap-l1-1-0.dll
0x000007feeedf0000 - 0x000007feeedf4000 	C:\opt\jdk-19\bin\api-ms-win-crt-string-l1-1-0.dll
0x000007feeede0000 - 0x000007feeede4000 	C:\opt\jdk-19\bin\api-ms-win-crt-stdio-l1-1-0.dll
0x000007feeedd0000 - 0x000007feeedd4000 	C:\opt\jdk-19\bin\api-ms-win-crt-convert-l1-1-0.dll
0x000007feeedc0000 - 0x000007feeedc3000 	C:\opt\jdk-19\bin\api-ms-win-crt-environment-l1-1-0.dll
0x000007feeedb0000 - 0x000007feeedb3000 	C:\opt\jdk-19\bin\api-ms-win-crt-filesystem-l1-1-0.dll
0x000007feeeda0000 - 0x000007feeeda5000 	C:\opt\jdk-19\bin\api-ms-win-crt-math-l1-1-0.dll
0x000007feeed90000 - 0x000007feeed93000 	C:\opt\jdk-19\bin\api-ms-win-crt-locale-l1-1-0.dll
0x000007fefe620000 - 0x000007fefe64e000 	C:\Windows\system32\IMM32.DLL
0x000007fefe130000 - 0x000007fefe239000 	C:\Windows\system32\MSCTF.dll
0x000007feeed80000 - 0x000007feeed8c000 	C:\opt\jdk-19\bin\vcruntime140_1.dll
0x000007feeecf0000 - 0x000007feeed7e000 	C:\opt\jdk-19\bin\msvcp140.dll
0x000007feeece0000 - 0x000007feeece3000 	C:\opt\jdk-19\bin\api-ms-win-crt-time-l1-1-0.dll
0x000007feeecd0000 - 0x000007feeecd3000 	C:\opt\jdk-19\bin\api-ms-win-crt-utility-l1-1-0.dll
0x000007feebf30000 - 0x000007feecbf0000 	C:\opt\jdk-19\bin\server\jvm.dll
0x000007fefe660000 - 0x000007fefe73b000 	C:\Windows\system32\ADVAPI32.dll
0x000007feff840000 - 0x000007feff85f000 	C:\Windows\SYSTEM32\sechost.dll
0x000007fefe000000 - 0x000007fefe12d000 	C:\Windows\system32\RPCRT4.dll
0x000007fefaac0000 - 0x000007fefaac9000 	C:\Windows\system32\WSOCK32.dll
0x000007fefe3f0000 - 0x000007fefe43d000 	C:\Windows\system32\WS2_32.dll
0x000007feff790000 - 0x000007feff798000 	C:\Windows\system32\NSI.dll
0x000007fefa1f0000 - 0x000007fefa22b000 	C:\Windows\system32\WINMM.dll
0x000007fefcfc0000 - 0x000007fefcfcc000 	C:\Windows\system32\VERSION.dll
0x000007feeecc0000 - 0x000007feeecca000 	C:\opt\jdk-19\bin\jimage.dll
0x000007fef5650000 - 0x000007fef5775000 	C:\Windows\system32\DBGHELP.DLL
0x000007fef7f70000 - 0x000007fef7f7e000 	C:\opt\jdk-19\bin\instrument.dll
0x000007feeec90000 - 0x000007feeecb6000 	C:\opt\jdk-19\bin\java.dll
0x000007feeebb0000 - 0x000007feeec87000 	C:\opt\jdk-19\bin\jsvml.dll
0x000007fefea00000 - 0x000007feff788000 	C:\Windows\system32\SHELL32.dll
0x000007fefdba0000 - 0x000007fefdda3000 	C:\Windows\system32\ole32.dll
0x000007fefd690000 - 0x000007fefd69f000 	C:\Windows\system32\profapi.dll
0x000007feeeb50000 - 0x000007feeeb68000 	C:\opt\jdk-19\bin\zip.dll
0x000007feeeb90000 - 0x000007feeeba3000 	C:\opt\jdk-19\bin\net.dll
0x000007fefa060000 - 0x000007fefa0d1000 	C:\Windows\system32\WINHTTP.dll
0x000007fef9ff0000 - 0x000007fefa054000 	C:\Windows\system32\webio.dll
0x000007fefcc00000 - 0x000007fefcc55000 	C:\Windows\system32\mswsock.dll
0x000007fefcfd0000 - 0x000007fefcfd7000 	C:\Windows\System32\wshtcpip.dll
0x000007fefcbf0000 - 0x000007fefcbf7000 	C:\Windows\System32\wship6.dll
0x000007feeeb70000 - 0x000007feeeb86000 	C:\opt\jdk-19\bin\nio.dll
0x000007fef3270000 - 0x000007fef328a000 	C:\opt\intelliJ\bin\breakgen64.dll
0x000007feeeb40000 - 0x000007feeeb48000 	C:\opt\jdk-19\bin\extnet.dll
0x0000000069ac0000 - 0x0000000069ae4000 	C:\temp\jansi-2.4.0-bb8f8e5e9aff269b-jansi.dll
0x000007feeeb10000 - 0x000007feeeb20000 	C:\opt\jdk-19\bin\verify.dll
0x000007fefcc60000 - 0x000007fefcc77000 	C:\Windows\system32\CRYPTSP.dll
0x000007fefc960000 - 0x000007fefc9a7000 	C:\Windows\system32\rsaenh.dll
0x000007fefd0f0000 - 0x000007fefd10e000 	C:\Windows\system32\USERENV.dll
0x000007fefd5c0000 - 0x000007fefd5cf000 	C:\Windows\system32\CRYPTBASE.dll
0x000007fefbb10000 - 0x000007fefbb37000 	C:\Windows\system32\IPHLPAPI.DLL
0x000007fefbb00000 - 0x000007fefbb0b000 	C:\Windows\system32\WINNSI.DLL
0x000007fefb5a0000 - 0x000007fefb5b1000 	C:\Windows\system32\dhcpcsvc6.DLL
0x000007fefb670000 - 0x000007fefb688000 	C:\Windows\system32\dhcpcsvc.DLL
0x000007fefd560000 - 0x000007fefd5b7000 	C:\Windows\system32\apphelp.dll

dbghelp: loaded successfully - version: 4.0.5 - missing functions: none
symbol engine: initialized successfully - sym options: 0x614 - pdb path: .;C:\opt\jdk-19\bin;C:\Windows\SYSTEM32;C:\Windows\WinSxS\amd64_microsoft.windows.common-controls_6595b64144ccf1df_6.0.7601.17514_none_fa396087175ac9ac;C:\opt\jdk-19\bin\server;C:\opt\intelliJ\bin;C:\temp

VM Arguments:
jvm_args: -Dmaven.multiModuleProjectDirectory=E:\CLion\CLionProjects\xxx\J\echo -Dmaven.home=C:\Users\John\.m2\wrapper\dists\apache-maven-3.9.4-bin\2vqnav6ufo1qvo5j2um40861m\apache-maven-3.9.4 -Dclassworlds.conf=C:\Users\John\.m2\wrapper\dists\apache-maven-3.9.4-bin\2vqnav6ufo1qvo5j2um40861m\apache-maven-3.9.4\bin\m2.conf -Dmaven.ext.class.path=C:\opt\intelliJ\plugins\maven\lib\maven-event-listener.jar -javaagent:C:\opt\intelliJ\lib\idea_rt.jar=50716:C:\opt\intelliJ\bin -Dfile.encoding=UTF-8 
java_command: org.codehaus.classworlds.Launcher -Didea.version=2022.1 clean validate compile test package
java_class_path (initial): C:\Users\John\.m2\wrapper\dists\apache-maven-3.9.4-bin\2vqnav6ufo1qvo5j2um40861m\apache-maven-3.9.4\boot\plexus-classworlds-2.7.0.jar;C:\Users\John\.m2\wrapper\dists\apache-maven-3.9.4-bin\2vqnav6ufo1qvo5j2um40861m\apache-maven-3.9.4\boot\plexus-classworlds.license
Launcher Type: SUN_STANDARD

[Global flags]
     intx CICompilerCount                          = 3                                         {product} {ergonomic}
     uint ConcGCThreads                            = 1                                         {product} {ergonomic}
     uint G1ConcRefinementThreads                  = 4                                         {product} {ergonomic}
   size_t G1HeapRegionSize                         = 1048576                                   {product} {ergonomic}
    uintx GCDrainStackTargetSize                   = 64                                        {product} {ergonomic}
   size_t InitialHeapSize                          = 134217728                                 {product} {ergonomic}
   size_t MarkStackSize                            = 4194304                                   {product} {ergonomic}
   size_t MaxHeapSize                              = 2134900736                                {product} {ergonomic}
   size_t MaxNewSize                               = 1280311296                                {product} {ergonomic}
   size_t MinHeapDeltaBytes                        = 1048576                                   {product} {ergonomic}
   size_t MinHeapSize                              = 8388608                                   {product} {ergonomic}
    uintx NonNMethodCodeHeapSize                   = 5832780                                {pd product} {ergonomic}
    uintx NonProfiledCodeHeapSize                  = 122912730                              {pd product} {ergonomic}
    uintx ProfiledCodeHeapSize                     = 122912730                              {pd product} {ergonomic}
    uintx ReservedCodeCacheSize                    = 251658240                              {pd product} {ergonomic}
     bool SegmentedCodeCache                       = true                                      {product} {ergonomic}
   size_t SoftMaxHeapSize                          = 2134900736                             {manageable} {ergonomic}
     bool UseCompressedClassPointers               = true                           {product lp64_product} {ergonomic}
     bool UseCompressedOops                        = true                           {product lp64_product} {ergonomic}
     bool UseG1GC                                  = true                                      {product} {ergonomic}
     bool UseLargePagesIndividualAllocation        = false                                  {pd product} {ergonomic}

Logging:
Log output configuration:
 #0: stdout all=warning uptime,level,tags foldmultilines=false
 #1: stderr all=off uptime,level,tags foldmultilines=false

Environment Variables:
JAVA_HOME=C:\opt\jdk-19
PATH=C:\Program Files (x86)\Common Files\Oracle\Java\javapath;C:\opt\jdk-18\bin;C:\Windows\system32;C:\Windows;C:\Windows\System32\Wbem;C:\Windows\System32\WindowsPowerShell\v1.0\;C:\ATI\ATI.ACE\Core-Static;C:\Program Files (x86)\AMD\ATI.ACE\Core-Static;C:\AMD\ATI.ACE\Core-Static;C:\opt\Git\cmd;C:\opt\MatLab\bin;E:\CLion\CLion-2023.2.win\bin;
USERNAME=John
OS=Windows_NT
PROCESSOR_IDENTIFIER=AMD64 Family 23 Model 8 Stepping 2, AuthenticAMD
TMP=c:\temp
TEMP=c:\temp



---------------  S Y S T E M  ---------------

OS:
 Windows 7 , 64 bit Build 7601 (6.1.7601.17514)
OS uptime: 0 days 5:19 hours

CPU: total 4 (initial active 4) (4 cores per cpu, 1 threads per core) family 23 model 8 stepping 2 microcode 0x0, cx8, cmov, fxsr, mmx, 3dnowpref, sse, sse2, sse3, ssse3, sse4a, sse4.1, sse4.2, popcnt, lzcnt, tsc, tscinvbit, avx, avx2, aes, clmul, bmi1, bmi2, adx, sha, fma, vzeroupper, clflush, clflushopt, rdtscp

Memory: 4k page, system-wide physical 8136M (1642M free)
TotalPageFile size 8134M (AvailPageFile size 4M)
current process WorkingSet (physical memory assigned to process): 277M, peak: 277M
current process commit charge ("private bytes"): 510M, peak: 510M

vm_info: OpenJDK 64-Bit Server VM (19.0.1+10-21) for windows-amd64 JRE (19.0.1+10-21), built on 2022-09-14T12:45:06Z by "mach5one" with MS VC++ 17.1 (VS2022)

END.
